{
  "/home/tim/github/witter/src/common/components/BrandLogo.tsx": {
    "path": "/home/tim/github/witter/src/common/components/BrandLogo.tsx",
    "statementMap": {
      "0": {
        "start": {
          "line": 4,
          "column": 25
        },
        "end": {
          "line": 10,
          "column": 1
        }
      },
      "1": {
        "start": {
          "line": 5,
          "column": 2
        },
        "end": {
          "line": 9,
          "column": 4
        }
      },
      "2": {
        "start": {
          "line": 4,
          "column": 13
        },
        "end": {
          "line": 4,
          "column": 22
        }
      },
      "3": {
        "start": {
          "line": 1,
          "column": 18
        },
        "end": {
          "line": 1,
          "column": null
        }
      },
      "4": {
        "start": {
          "line": 2,
          "column": 20
        },
        "end": {
          "line": 2,
          "column": null
        }
      },
      "5": {
        "start": {
          "line": 5,
          "column": 2
        },
        "end": {
          "line": 8,
          "column": null
        }
      }
    },
    "fnMap": {
      "0": {
        "name": "(anonymous_0)",
        "decl": {
          "start": {
            "line": 4,
            "column": 25
          },
          "end": {
            "line": 4,
            "column": 26
          }
        },
        "loc": {
          "start": {
            "line": 4,
            "column": 31
          },
          "end": {
            "line": 10,
            "column": 1
          }
        },
        "line": 4
      },
      "1": {
        "name": "(anonymous_0)",
        "decl": {
          "start": {
            "line": 4,
            "column": 13
          },
          "end": {
            "line": 4,
            "column": 22
          }
        },
        "loc": {
          "start": {
            "line": 4,
            "column": 13
          },
          "end": {
            "line": 4,
            "column": 22
          }
        }
      }
    },
    "branchMap": {},
    "s": {
      "0": 47,
      "1": 432,
      "2": 0,
      "3": 1,
      "4": 1,
      "5": 0
    },
    "f": {
      "0": 432,
      "1": 0
    },
    "b": {},
    "_coverageSchema": "1a1c01bbd47fc00a2c39e90264f33305004495a9",
    "hash": "1f1194294cf4d517926b5eeeb12ac6bea17626fe"
  },
  "/home/tim/github/witter/src/common/components/PostHeaderAvatar.tsx": {
    "path": "/home/tim/github/witter/src/common/components/PostHeaderAvatar.tsx",
    "statementMap": {
      "0": {
        "start": {
          "line": 11,
          "column": 23
        },
        "end": {
          "line": 15,
          "column": 1
        }
      },
      "1": {
        "start": {
          "line": 17,
          "column": 32
        },
        "end": {
          "line": 40,
          "column": 1
        }
      },
      "2": {
        "start": {
          "line": 18,
          "column": 2
        },
        "end": {
          "line": 39,
          "column": 4
        }
      },
      "3": {
        "start": {
          "line": 22,
          "column": 21
        },
        "end": {
          "line": 22,
          "column": 47
        }
      },
      "4": {
        "start": {
          "line": 17,
          "column": 13
        },
        "end": {
          "line": 17,
          "column": 29
        }
      },
      "5": {
        "start": {
          "line": 1,
          "column": 35
        },
        "end": {
          "line": 1,
          "column": null
        }
      },
      "6": {
        "start": {
          "line": 18,
          "column": 2
        },
        "end": {
          "line": 38,
          "column": null
        }
      }
    },
    "fnMap": {
      "0": {
        "name": "(anonymous_0)",
        "decl": {
          "start": {
            "line": 17,
            "column": 32
          },
          "end": {
            "line": 17,
            "column": 33
          }
        },
        "loc": {
          "start": {
            "line": 17,
            "column": 117
          },
          "end": {
            "line": 40,
            "column": 1
          }
        },
        "line": 17
      },
      "1": {
        "name": "(anonymous_1)",
        "decl": {
          "start": {
            "line": 22,
            "column": 15
          },
          "end": {
            "line": 22,
            "column": 16
          }
        },
        "loc": {
          "start": {
            "line": 22,
            "column": 21
          },
          "end": {
            "line": 22,
            "column": 47
          }
        },
        "line": 22
      },
      "2": {
        "name": "(anonymous_0)",
        "decl": {
          "start": {
            "line": 17,
            "column": 13
          },
          "end": {
            "line": 17,
            "column": 29
          }
        },
        "loc": {
          "start": {
            "line": 17,
            "column": 13
          },
          "end": {
            "line": 17,
            "column": 29
          }
        }
      }
    },
    "branchMap": {
      "0": {
        "loc": {
          "start": {
            "line": 17,
            "column": 69
          },
          "end": {
            "line": 17,
            "column": 80
          }
        },
        "type": "default-arg",
        "locations": [
          {
            "start": {
              "line": 17,
              "column": 76
            },
            "end": {
              "line": 17,
              "column": 80
            }
          }
        ],
        "line": 17
      },
      "1": {
        "loc": {
          "start": {
            "line": 23,
            "column": 11
          },
          "end": {
            "line": 23,
            "column": 32
          }
        },
        "type": "cond-expr",
        "locations": [
          {
            "start": {
              "line": 23,
              "column": 27
            },
            "end": {
              "line": 23,
              "column": 28
            }
          },
          {
            "start": {
              "line": 23,
              "column": 31
            },
            "end": {
              "line": 23,
              "column": 32
            }
          }
        ],
        "line": 23
      },
      "2": {
        "loc": {
          "start": {
            "line": 26,
            "column": 9
          },
          "end": {
            "line": 26,
            "column": 30
          }
        },
        "type": "cond-expr",
        "locations": [
          {
            "start": {
              "line": 26,
              "column": 17
            },
            "end": {
              "line": 26,
              "column": 22
            }
          },
          {
            "start": {
              "line": 26,
              "column": 25
            },
            "end": {
              "line": 26,
              "column": 30
            }
          }
        ],
        "line": 26
      },
      "3": {
        "loc": {
          "start": {
            "line": 28,
            "column": 75
          },
          "end": {
            "line": 28,
            "column": 98
          }
        },
        "type": "cond-expr",
        "locations": [
          {
            "start": {
              "line": 28,
              "column": 89
            },
            "end": {
              "line": 28,
              "column": 92
            }
          },
          {
            "start": {
              "line": 28,
              "column": 95
            },
            "end": {
              "line": 28,
              "column": 98
            }
          }
        ],
        "line": 28
      },
      "4": {
        "loc": {
          "start": {
            "line": 32,
            "column": 9
          },
          "end": {
            "line": 36,
            "column": 16
          }
        },
        "type": "cond-expr",
        "locations": [
          {
            "start": {
              "line": 33,
              "column": 10
            },
            "end": {
              "line": 35,
              "column": 17
            }
          },
          {
            "start": {
              "line": 36,
              "column": 12
            },
            "end": {
              "line": 36,
              "column": 16
            }
          }
        ],
        "line": 32
      },
      "5": {
        "loc": {
          "start": {
            "line": 32,
            "column": 9
          },
          "end": {
            "line": 36,
            "column": 16
          }
        },
        "type": "cond-expr",
        "locations": [
          {
            "start": {
              "line": 33,
              "column": 10
            },
            "end": {
              "line": 35,
              "column": null
            }
          },
          {
            "start": {
              "line": 36,
              "column": 12
            },
            "end": {
              "line": 36,
              "column": 16
            }
          }
        ]
      }
    },
    "s": {
      "0": 47,
      "1": 47,
      "2": 9186,
      "3": 8,
      "4": 0,
      "5": 1,
      "6": 0
    },
    "f": {
      "0": 9186,
      "1": 8,
      "2": 0
    },
    "b": {
      "0": [9000],
      "1": [9186, 0],
      "2": [186, 9000],
      "3": [0, 9186],
      "4": [0, 9186],
      "5": [0, 0]
    },
    "_coverageSchema": "1a1c01bbd47fc00a2c39e90264f33305004495a9",
    "hash": "439417e25c4a9cbeaec6f2571c504bc90f44500f"
  },
  "/home/tim/github/witter/src/common/components/PostCard/PostCard.tsx": {
    "path": "/home/tim/github/witter/src/common/components/PostCard/PostCard.tsx",
    "statementMap": {
      "0": {
        "start": {
          "line": 16,
          "column": 24
        },
        "end": {
          "line": 69,
          "column": 1
        }
      },
      "1": {
        "start": {
          "line": 24,
          "column": 2
        },
        "end": {
          "line": 68,
          "column": 4
        }
      },
      "2": {
        "start": {
          "line": 16,
          "column": 13
        },
        "end": {
          "line": 16,
          "column": 21
        }
      },
      "3": {
        "start": {
          "line": 71,
          "column": 0
        },
        "end": {
          "line": 71,
          "column": 15
        }
      },
      "4": {
        "start": {
          "line": 1,
          "column": 45
        },
        "end": {
          "line": 1,
          "column": null
        }
      },
      "5": {
        "start": {
          "line": 2,
          "column": 27
        },
        "end": {
          "line": 2,
          "column": null
        }
      },
      "6": {
        "start": {
          "line": 3,
          "column": 26
        },
        "end": {
          "line": 3,
          "column": null
        }
      },
      "7": {
        "start": {
          "line": 5,
          "column": 27
        },
        "end": {
          "line": 5,
          "column": null
        }
      },
      "8": {
        "start": {
          "line": 24,
          "column": 2
        },
        "end": {
          "line": 67,
          "column": null
        }
      },
      "9": {
        "start": {
          "line": 71,
          "column": 15
        },
        "end": {
          "line": 71,
          "column": 23
        }
      }
    },
    "fnMap": {
      "0": {
        "name": "(anonymous_0)",
        "decl": {
          "start": {
            "line": 16,
            "column": 24
          },
          "end": {
            "line": 16,
            "column": 25
          }
        },
        "loc": {
          "start": {
            "line": 23,
            "column": 21
          },
          "end": {
            "line": 69,
            "column": 1
          }
        },
        "line": 23
      },
      "1": {
        "name": "(anonymous_1)",
        "decl": {
          "start": {
            "line": 16,
            "column": 21
          },
          "end": {
            "line": 16,
            "column": 24
          }
        },
        "loc": {
          "start": {
            "line": 16,
            "column": 13
          },
          "end": {
            "line": 16,
            "column": 21
          }
        }
      },
      "2": {
        "name": "(anonymous_2)",
        "decl": {
          "start": {
            "line": 71,
            "column": 24
          },
          "end": {
            "line": 71,
            "column": null
          }
        },
        "loc": {
          "start": {
            "line": 71,
            "column": 0
          },
          "end": {
            "line": 71,
            "column": 15
          }
        }
      }
    },
    "branchMap": {},
    "s": {
      "0": 46,
      "1": 9000,
      "2": 0,
      "3": 0,
      "4": 0,
      "5": 0,
      "6": 0,
      "7": 0,
      "8": 0,
      "9": 0
    },
    "f": {
      "0": 9000,
      "1": 0,
      "2": 0
    },
    "b": {},
    "_coverageSchema": "1a1c01bbd47fc00a2c39e90264f33305004495a9",
    "hash": "3f86f0d89e196fbdbc1af0c5cd39687067280b6d"
  },
  "/home/tim/github/witter/src/common/components/PostCard/PostImage.tsx": {
    "path": "/home/tim/github/witter/src/common/components/PostCard/PostImage.tsx",
    "statementMap": {
      "0": {
        "start": {
          "line": 17,
          "column": 25
        },
        "end": {
          "line": 50,
          "column": 1
        }
      },
      "1": {
        "start": {
          "line": 27,
          "column": 2
        },
        "end": {
          "line": 49,
          "column": 4
        }
      },
      "2": {
        "start": {
          "line": 39,
          "column": 8
        },
        "end": {
          "line": 41,
          "column": 9
        }
      },
      "3": {
        "start": {
          "line": 40,
          "column": 10
        },
        "end": {
          "line": 40,
          "column": 28
        }
      },
      "4": {
        "start": {
          "line": 44,
          "column": 8
        },
        "end": {
          "line": 46,
          "column": 9
        }
      },
      "5": {
        "start": {
          "line": 45,
          "column": 10
        },
        "end": {
          "line": 45,
          "column": 28
        }
      },
      "6": {
        "start": {
          "line": 17,
          "column": 13
        },
        "end": {
          "line": 17,
          "column": 22
        }
      },
      "7": {
        "start": {
          "line": 2,
          "column": 18
        },
        "end": {
          "line": 2,
          "column": null
        }
      },
      "8": {
        "start": {
          "line": 3,
          "column": 18
        },
        "end": {
          "line": 3,
          "column": null
        }
      },
      "9": {
        "start": {
          "line": 4,
          "column": 42
        },
        "end": {
          "line": 4,
          "column": null
        }
      },
      "10": {
        "start": {
          "line": 27,
          "column": 2
        },
        "end": {
          "line": 48,
          "column": null
        }
      }
    },
    "fnMap": {
      "0": {
        "name": "(anonymous_0)",
        "decl": {
          "start": {
            "line": 17,
            "column": 25
          },
          "end": {
            "line": 17,
            "column": 26
          }
        },
        "loc": {
          "start": {
            "line": 26,
            "column": 22
          },
          "end": {
            "line": 50,
            "column": 1
          }
        },
        "line": 26
      },
      "1": {
        "name": "(anonymous_1)",
        "decl": {
          "start": {
            "line": 38,
            "column": 15
          },
          "end": {
            "line": 38,
            "column": 16
          }
        },
        "loc": {
          "start": {
            "line": 38,
            "column": 21
          },
          "end": {
            "line": 42,
            "column": 7
          }
        },
        "line": 38
      },
      "2": {
        "name": "(anonymous_2)",
        "decl": {
          "start": {
            "line": 43,
            "column": 25
          },
          "end": {
            "line": 43,
            "column": 26
          }
        },
        "loc": {
          "start": {
            "line": 43,
            "column": 31
          },
          "end": {
            "line": 47,
            "column": 7
          }
        },
        "line": 43
      },
      "3": {
        "name": "(anonymous_0)",
        "decl": {
          "start": {
            "line": 17,
            "column": 13
          },
          "end": {
            "line": 17,
            "column": 22
          }
        },
        "loc": {
          "start": {
            "line": 17,
            "column": 13
          },
          "end": {
            "line": 17,
            "column": 22
          }
        }
      }
    },
    "branchMap": {
      "0": {
        "loc": {
          "start": {
            "line": 33,
            "column": 15
          },
          "end": {
            "line": 33,
            "column": 48
          }
        },
        "type": "cond-expr",
        "locations": [
          {
            "start": {
              "line": 33,
              "column": 32
            },
            "end": {
              "line": 33,
              "column": 39
            }
          },
          {
            "start": {
              "line": 33,
              "column": 42
            },
            "end": {
              "line": 33,
              "column": 48
            }
          }
        ],
        "line": 33
      },
      "1": {
        "loc": {
          "start": {
            "line": 34,
            "column": 16
          },
          "end": {
            "line": 34,
            "column": 59
          }
        },
        "type": "cond-expr",
        "locations": [
          {
            "start": {
              "line": 34,
              "column": 47
            },
            "end": {
              "line": 34,
              "column": 51
            }
          },
          {
            "start": {
              "line": 34,
              "column": 54
            },
            "end": {
              "line": 34,
              "column": 59
            }
          }
        ],
        "line": 34
      },
      "2": {
        "loc": {
          "start": {
            "line": 34,
            "column": 16
          },
          "end": {
            "line": 34,
            "column": 44
          }
        },
        "type": "binary-expr",
        "locations": [
          {
            "start": {
              "line": 34,
              "column": 16
            },
            "end": {
              "line": 34,
              "column": 30
            }
          },
          {
            "start": {
              "line": 34,
              "column": 34
            },
            "end": {
              "line": 34,
              "column": 44
            }
          }
        ],
        "line": 34
      },
      "3": {
        "loc": {
          "start": {
            "line": 36,
            "column": 19
          },
          "end": {
            "line": 36,
            "column": 59
          }
        },
        "type": "binary-expr",
        "locations": [
          {
            "start": {
              "line": 36,
              "column": 19
            },
            "end": {
              "line": 36,
              "column": 30
            }
          },
          {
            "start": {
              "line": 36,
              "column": 34
            },
            "end": {
              "line": 36,
              "column": 59
            }
          }
        ],
        "line": 36
      },
      "4": {
        "loc": {
          "start": {
            "line": 39,
            "column": 8
          },
          "end": {
            "line": 41,
            "column": 9
          }
        },
        "type": "if",
        "locations": [
          {
            "start": {
              "line": 39,
              "column": 8
            },
            "end": {
              "line": 41,
              "column": 9
            }
          },
          {
            "start": {},
            "end": {}
          }
        ],
        "line": 39
      },
      "5": {
        "loc": {
          "start": {
            "line": 39,
            "column": 12
          },
          "end": {
            "line": 39,
            "column": 54
          }
        },
        "type": "binary-expr",
        "locations": [
          {
            "start": {
              "line": 39,
              "column": 12
            },
            "end": {
              "line": 39,
              "column": 37
            }
          },
          {
            "start": {
              "line": 39,
              "column": 41
            },
            "end": {
              "line": 39,
              "column": 54
            }
          }
        ],
        "line": 39
      },
      "6": {
        "loc": {
          "start": {
            "line": 44,
            "column": 8
          },
          "end": {
            "line": 46,
            "column": 9
          }
        },
        "type": "if",
        "locations": [
          {
            "start": {
              "line": 44,
              "column": 8
            },
            "end": {
              "line": 46,
              "column": 9
            }
          },
          {
            "start": {},
            "end": {}
          }
        ],
        "line": 44
      },
      "7": {
        "loc": {
          "start": {
            "line": 44,
            "column": 12
          },
          "end": {
            "line": 44,
            "column": 54
          }
        },
        "type": "binary-expr",
        "locations": [
          {
            "start": {
              "line": 44,
              "column": 12
            },
            "end": {
              "line": 44,
              "column": 37
            }
          },
          {
            "start": {
              "line": 44,
              "column": 41
            },
            "end": {
              "line": 44,
              "column": 54
            }
          }
        ],
        "line": 44
      }
    },
    "s": {
      "0": 46,
      "1": 9000,
      "2": 0,
      "3": 0,
      "4": 322,
      "5": 0,
      "6": 0,
      "7": 0,
      "8": 0,
      "9": 0,
      "10": 0
    },
    "f": {
      "0": 9000,
      "1": 0,
      "2": 322,
      "3": 0
    },
    "b": {
      "0": [2520, 6480],
      "1": [1080, 7920],
      "2": [9000, 1080],
      "3": [9000, 9000],
      "4": [0, 0],
      "5": [0, 0],
      "6": [0, 322],
      "7": [322, 0]
    },
    "_coverageSchema": "1a1c01bbd47fc00a2c39e90264f33305004495a9",
    "hash": "1d8f948d3f4891b61a429bba9d7b778d3cde77e3"
  },
  "/home/tim/github/witter/src/common/components/PostCard/index.tsx": {
    "path": "/home/tim/github/witter/src/common/components/PostCard/index.tsx",
    "statementMap": {
      "0": {
        "start": {
          "line": 1,
          "column": 9
        },
        "end": {
          "line": 1,
          "column": 25
        }
      },
      "1": {
        "start": {
          "line": 1,
          "column": 25
        },
        "end": {
          "line": 1,
          "column": null
        }
      }
    },
    "fnMap": {
      "0": {
        "name": "(anonymous_0)",
        "decl": {
          "start": {
            "line": 1,
            "column": 9
          },
          "end": {
            "line": 1,
            "column": 17
          }
        },
        "loc": {
          "start": {
            "line": 1,
            "column": 9
          },
          "end": {
            "line": 1,
            "column": 25
          }
        }
      }
    },
    "branchMap": {},
    "s": {
      "0": 0,
      "1": 0
    },
    "f": {
      "0": 0
    },
    "b": {},
    "_coverageSchema": "1a1c01bbd47fc00a2c39e90264f33305004495a9",
    "hash": "f94d7390f48219f2670c0a699a98588a6ef1ba29"
  },
  "/home/tim/github/witter/src/common/components/PostCard/PostFooter/ActionIcons.tsx": {
    "path": "/home/tim/github/witter/src/common/components/PostCard/PostFooter/ActionIcons.tsx",
    "statementMap": {
      "0": {
        "start": {
          "line": 9,
          "column": 27
        },
        "end": {
          "line": 41,
          "column": 1
        }
      },
      "1": {
        "start": {
          "line": 10,
          "column": 20
        },
        "end": {
          "line": 10,
          "column": 58
        }
      },
      "2": {
        "start": {
          "line": 11,
          "column": 2
        },
        "end": {
          "line": 40,
          "column": 4
        }
      },
      "3": {
        "start": {
          "line": 14,
          "column": 38
        },
        "end": {
          "line": 14,
          "column": 64
        }
      },
      "4": {
        "start": {
          "line": 17,
          "column": 38
        },
        "end": {
          "line": 17,
          "column": 69
        }
      },
      "5": {
        "start": {
          "line": 20,
          "column": 38
        },
        "end": {
          "line": 20,
          "column": 63
        }
      },
      "6": {
        "start": {
          "line": 33,
          "column": 62
        },
        "end": {
          "line": 33,
          "column": 93
        }
      },
      "7": {
        "start": {
          "line": 9,
          "column": 13
        },
        "end": {
          "line": 9,
          "column": 24
        }
      },
      "8": {
        "start": {
          "line": 1,
          "column": 65
        },
        "end": {
          "line": 1,
          "column": null
        }
      },
      "9": {
        "start": {
          "line": 2,
          "column": 41
        },
        "end": {
          "line": 2,
          "column": null
        }
      },
      "10": {
        "start": {
          "line": 3,
          "column": 24
        },
        "end": {
          "line": 3,
          "column": null
        }
      },
      "11": {
        "start": {
          "line": 11,
          "column": 2
        },
        "end": {
          "line": 39,
          "column": null
        }
      }
    },
    "fnMap": {
      "0": {
        "name": "(anonymous_0)",
        "decl": {
          "start": {
            "line": 9,
            "column": 27
          },
          "end": {
            "line": 9,
            "column": 28
          }
        },
        "loc": {
          "start": {
            "line": 9,
            "column": 75
          },
          "end": {
            "line": 41,
            "column": 1
          }
        },
        "line": 9
      },
      "1": {
        "name": "(anonymous_1)",
        "decl": {
          "start": {
            "line": 14,
            "column": 32
          },
          "end": {
            "line": 14,
            "column": 33
          }
        },
        "loc": {
          "start": {
            "line": 14,
            "column": 38
          },
          "end": {
            "line": 14,
            "column": 64
          }
        },
        "line": 14
      },
      "2": {
        "name": "(anonymous_2)",
        "decl": {
          "start": {
            "line": 17,
            "column": 32
          },
          "end": {
            "line": 17,
            "column": 33
          }
        },
        "loc": {
          "start": {
            "line": 17,
            "column": 38
          },
          "end": {
            "line": 17,
            "column": 69
          }
        },
        "line": 17
      },
      "3": {
        "name": "(anonymous_3)",
        "decl": {
          "start": {
            "line": 20,
            "column": 32
          },
          "end": {
            "line": 20,
            "column": 33
          }
        },
        "loc": {
          "start": {
            "line": 20,
            "column": 38
          },
          "end": {
            "line": 20,
            "column": 63
          }
        },
        "line": 20
      },
      "4": {
        "name": "(anonymous_4)",
        "decl": {
          "start": {
            "line": 33,
            "column": 56
          },
          "end": {
            "line": 33,
            "column": 57
          }
        },
        "loc": {
          "start": {
            "line": 33,
            "column": 62
          },
          "end": {
            "line": 33,
            "column": 93
          }
        },
        "line": 33
      },
      "5": {
        "name": "(anonymous_0)",
        "decl": {
          "start": {
            "line": 9,
            "column": 13
          },
          "end": {
            "line": 9,
            "column": 24
          }
        },
        "loc": {
          "start": {
            "line": 9,
            "column": 13
          },
          "end": {
            "line": 9,
            "column": 24
          }
        }
      }
    },
    "branchMap": {
      "0": {
        "loc": {
          "start": {
            "line": 26,
            "column": 18
          },
          "end": {
            "line": 26,
            "column": 39
          }
        },
        "type": "cond-expr",
        "locations": [
          {
            "start": {
              "line": 26,
              "column": 29
            },
            "end": {
              "line": 26,
              "column": 34
            }
          },
          {
            "start": {
              "line": 26,
              "column": 37
            },
            "end": {
              "line": 26,
              "column": 39
            }
          }
        ],
        "line": 26
      },
      "1": {
        "loc": {
          "start": {
            "line": 27,
            "column": 19
          },
          "end": {
            "line": 27,
            "column": 45
          }
        },
        "type": "cond-expr",
        "locations": [
          {
            "start": {
              "line": 27,
              "column": 30
            },
            "end": {
              "line": 27,
              "column": 35
            }
          },
          {
            "start": {
              "line": 27,
              "column": 38
            },
            "end": {
              "line": 27,
              "column": 45
            }
          }
        ],
        "line": 27
      },
      "2": {
        "loc": {
          "start": {
            "line": 28,
            "column": 20
          },
          "end": {
            "line": 28,
            "column": 66
          }
        },
        "type": "cond-expr",
        "locations": [
          {
            "start": {
              "line": 28,
              "column": 31
            },
            "end": {
              "line": 28,
              "column": 47
            }
          },
          {
            "start": {
              "line": 28,
              "column": 50
            },
            "end": {
              "line": 28,
              "column": 66
            }
          }
        ],
        "line": 28
      },
      "3": {
        "loc": {
          "start": {
            "line": 32,
            "column": 7
          },
          "end": {
            "line": 38,
            "column": 14
          }
        },
        "type": "cond-expr",
        "locations": [
          {
            "start": {
              "line": 33,
              "column": 8
            },
            "end": {
              "line": 37,
              "column": 14
            }
          },
          {
            "start": {
              "line": 38,
              "column": 10
            },
            "end": {
              "line": 38,
              "column": 14
            }
          }
        ],
        "line": 32
      },
      "4": {
        "loc": {
          "start": {
            "line": 35,
            "column": 34
          },
          "end": {
            "line": 35,
            "column": 61
          }
        },
        "type": "cond-expr",
        "locations": [
          {
            "start": {
              "line": 35,
              "column": 53
            },
            "end": {
              "line": 35,
              "column": 56
            }
          },
          {
            "start": {
              "line": 35,
              "column": 59
            },
            "end": {
              "line": 35,
              "column": 61
            }
          }
        ],
        "line": 35
      },
      "5": {
        "loc": {
          "start": {
            "line": 32,
            "column": 7
          },
          "end": {
            "line": 38,
            "column": 14
          }
        },
        "type": "cond-expr",
        "locations": [
          {
            "start": {
              "line": 33,
              "column": 8
            },
            "end": {
              "line": 37,
              "column": null
            }
          },
          {
            "start": {
              "line": 38,
              "column": 10
            },
            "end": {
              "line": 38,
              "column": 14
            }
          }
        ]
      }
    },
    "s": {
      "0": 46,
      "1": 9000,
      "2": 9000,
      "3": 0,
      "4": 0,
      "5": 0,
      "6": 0,
      "7": 0,
      "8": 0,
      "9": 0,
      "10": 0,
      "11": 0
    },
    "f": {
      "0": 9000,
      "1": 0,
      "2": 0,
      "3": 0,
      "4": 0,
      "5": 0
    },
    "b": {
      "0": [0, 9000],
      "1": [0, 9000],
      "2": [0, 9000],
      "3": [9000, 0],
      "4": [0, 9000],
      "5": [0, 0]
    },
    "_coverageSchema": "1a1c01bbd47fc00a2c39e90264f33305004495a9",
    "hash": "1513e3de05b3faf13f482a0edd965fa5fe282fad"
  },
  "/home/tim/github/witter/src/common/components/PostCard/PostFooter/Description.tsx": {
    "path": "/home/tim/github/witter/src/common/components/PostCard/PostFooter/Description.tsx",
    "statementMap": {
      "0": {
        "start": {
          "line": 8,
          "column": 19
        },
        "end": {
          "line": 33,
          "column": 1
        }
      },
      "1": {
        "start": {
          "line": 9,
          "column": 28
        },
        "end": {
          "line": 9,
          "column": 35
        }
      },
      "2": {
        "start": {
          "line": 10,
          "column": 29
        },
        "end": {
          "line": 10,
          "column": 42
        }
      },
      "3": {
        "start": {
          "line": 11,
          "column": 2
        },
        "end": {
          "line": 20,
          "column": 3
        }
      },
      "4": {
        "start": {
          "line": 12,
          "column": 4
        },
        "end": {
          "line": 19,
          "column": 6
        }
      },
      "5": {
        "start": {
          "line": 21,
          "column": 2
        },
        "end": {
          "line": 32,
          "column": 3
        }
      },
      "6": {
        "start": {
          "line": 22,
          "column": 4
        },
        "end": {
          "line": 29,
          "column": 6
        }
      },
      "7": {
        "start": {
          "line": 31,
          "column": 4
        },
        "end": {
          "line": 31,
          "column": 46
        }
      },
      "8": {
        "start": {
          "line": 35,
          "column": 27
        },
        "end": {
          "line": 43,
          "column": 1
        }
      },
      "9": {
        "start": {
          "line": 36,
          "column": 2
        },
        "end": {
          "line": 42,
          "column": 9
        }
      },
      "10": {
        "start": {
          "line": 39,
          "column": 8
        },
        "end": {
          "line": 39,
          "column": 78
        }
      },
      "11": {
        "start": {
          "line": 35,
          "column": 13
        },
        "end": {
          "line": 35,
          "column": 24
        }
      },
      "12": {
        "start": {
          "line": 1,
          "column": 41
        },
        "end": {
          "line": 1,
          "column": null
        }
      },
      "13": {
        "start": {
          "line": 2,
          "column": 39
        },
        "end": {
          "line": 2,
          "column": null
        }
      },
      "14": {
        "start": {
          "line": 12,
          "column": 4
        },
        "end": {
          "line": 18,
          "column": null
        }
      },
      "15": {
        "start": {
          "line": 22,
          "column": 4
        },
        "end": {
          "line": 28,
          "column": null
        }
      },
      "16": {
        "start": {
          "line": 35,
          "column": 27
        },
        "end": {
          "line": 42,
          "column": 9
        }
      },
      "17": {
        "start": {
          "line": 39,
          "column": 8
        },
        "end": {
          "line": 39,
          "column": 50
        }
      }
    },
    "fnMap": {
      "0": {
        "name": "(anonymous_0)",
        "decl": {
          "start": {
            "line": 8,
            "column": 19
          },
          "end": {
            "line": 8,
            "column": 20
          }
        },
        "loc": {
          "start": {
            "line": 8,
            "column": 51
          },
          "end": {
            "line": 33,
            "column": 1
          }
        },
        "line": 8
      },
      "1": {
        "name": "(anonymous_1)",
        "decl": {
          "start": {
            "line": 35,
            "column": 27
          },
          "end": {
            "line": 35,
            "column": 28
          }
        },
        "loc": {
          "start": {
            "line": 36,
            "column": 2
          },
          "end": {
            "line": 42,
            "column": 9
          }
        },
        "line": 36
      },
      "2": {
        "name": "(anonymous_2)",
        "decl": {
          "start": {
            "line": 38,
            "column": 31
          },
          "end": {
            "line": 38,
            "column": 32
          }
        },
        "loc": {
          "start": {
            "line": 39,
            "column": 8
          },
          "end": {
            "line": 39,
            "column": 78
          }
        },
        "line": 39
      },
      "3": {
        "name": "(anonymous_0)",
        "decl": {
          "start": {
            "line": 35,
            "column": 13
          },
          "end": {
            "line": 35,
            "column": 24
          }
        },
        "loc": {
          "start": {
            "line": 35,
            "column": 13
          },
          "end": {
            "line": 35,
            "column": 24
          }
        }
      },
      "4": {
        "name": "(anonymous_3)",
        "decl": {
          "start": {
            "line": 38,
            "column": 31
          },
          "end": {
            "line": 38,
            "column": 32
          }
        },
        "loc": {
          "start": {
            "line": 39,
            "column": 8
          },
          "end": {
            "line": 39,
            "column": 50
          }
        }
      }
    },
    "branchMap": {
      "0": {
        "loc": {
          "start": {
            "line": 11,
            "column": 2
          },
          "end": {
            "line": 20,
            "column": 3
          }
        },
        "type": "if",
        "locations": [
          {
            "start": {
              "line": 11,
              "column": 2
            },
            "end": {
              "line": 20,
              "column": 3
            }
          },
          {
            "start": {},
            "end": {}
          }
        ],
        "line": 11
      },
      "1": {
        "loc": {
          "start": {
            "line": 21,
            "column": 2
          },
          "end": {
            "line": 32,
            "column": 3
          }
        },
        "type": "if",
        "locations": [
          {
            "start": {
              "line": 21,
              "column": 2
            },
            "end": {
              "line": 32,
              "column": 3
            }
          },
          {
            "start": {
              "line": 30,
              "column": 9
            },
            "end": {
              "line": 32,
              "column": 3
            }
          }
        ],
        "line": 21
      }
    },
    "s": {
      "0": 46,
      "1": 62640,
      "2": 62640,
      "3": 62640,
      "4": 0,
      "5": 62640,
      "6": 0,
      "7": 62640,
      "8": 46,
      "9": 9000,
      "10": 62640,
      "11": 0,
      "12": 0,
      "13": 0,
      "14": 0,
      "15": 0,
      "16": 0,
      "17": 0
    },
    "f": {
      "0": 62640,
      "1": 9000,
      "2": 62640,
      "3": 0,
      "4": 0
    },
    "b": {
      "0": [0, 62640],
      "1": [0, 62640]
    },
    "_coverageSchema": "1a1c01bbd47fc00a2c39e90264f33305004495a9",
    "hash": "32a49ef16a58018e27458cb3f5bba5e741b3942d"
  },
  "/home/tim/github/witter/src/common/components/PostCard/PostFooter/PostFooter.tsx": {
    "path": "/home/tim/github/witter/src/common/components/PostCard/PostFooter/PostFooter.tsx",
    "statementMap": {
      "0": {
        "start": {
          "line": 17,
          "column": 26
        },
        "end": {
          "line": 43,
          "column": 1
        }
      },
      "1": {
        "start": {
          "line": 26,
          "column": 2
        },
        "end": {
          "line": 42,
          "column": 8
        }
      },
      "2": {
        "start": {
          "line": 17,
          "column": 13
        },
        "end": {
          "line": 17,
          "column": 23
        }
      },
      "3": {
        "start": {
          "line": 1,
          "column": 32
        },
        "end": {
          "line": 1,
          "column": null
        }
      },
      "4": {
        "start": {
          "line": 3,
          "column": 28
        },
        "end": {
          "line": 3,
          "column": null
        }
      },
      "5": {
        "start": {
          "line": 4,
          "column": 28
        },
        "end": {
          "line": 4,
          "column": null
        }
      },
      "6": {
        "start": {
          "line": 5,
          "column": 21
        },
        "end": {
          "line": 5,
          "column": null
        }
      },
      "7": {
        "start": {
          "line": 6,
          "column": 25
        },
        "end": {
          "line": 6,
          "column": null
        }
      },
      "8": {
        "start": {
          "line": 17,
          "column": 26
        },
        "end": {
          "line": 42,
          "column": 8
        }
      }
    },
    "fnMap": {
      "0": {
        "name": "(anonymous_0)",
        "decl": {
          "start": {
            "line": 17,
            "column": 26
          },
          "end": {
            "line": 17,
            "column": 27
          }
        },
        "loc": {
          "start": {
            "line": 26,
            "column": 2
          },
          "end": {
            "line": 42,
            "column": 8
          }
        },
        "line": 26
      },
      "1": {
        "name": "(anonymous_0)",
        "decl": {
          "start": {
            "line": 17,
            "column": 13
          },
          "end": {
            "line": 17,
            "column": 23
          }
        },
        "loc": {
          "start": {
            "line": 17,
            "column": 13
          },
          "end": {
            "line": 17,
            "column": 23
          }
        }
      }
    },
    "branchMap": {
      "0": {
        "loc": {
          "start": {
            "line": 38,
            "column": 9
          },
          "end": {
            "line": 38,
            "column": 38
          }
        },
        "type": "cond-expr",
        "locations": [
          {
            "start": {
              "line": 38,
              "column": 30
            },
            "end": {
              "line": 38,
              "column": 33
            }
          },
          {
            "start": {
              "line": 38,
              "column": 36
            },
            "end": {
              "line": 38,
              "column": 38
            }
          }
        ],
        "line": 38
      },
      "1": {
        "loc": {
          "start": {
            "line": 39,
            "column": 9
          },
          "end": {
            "line": 39,
            "column": 36
          }
        },
        "type": "cond-expr",
        "locations": [
          {
            "start": {
              "line": 39,
              "column": 28
            },
            "end": {
              "line": 39,
              "column": 31
            }
          },
          {
            "start": {
              "line": 39,
              "column": 34
            },
            "end": {
              "line": 39,
              "column": 36
            }
          }
        ],
        "line": 39
      }
    },
    "s": {
      "0": 46,
      "1": 9000,
      "2": 0,
      "3": 0,
      "4": 0,
      "5": 0,
      "6": 0,
      "7": 0,
      "8": 0
    },
    "f": {
      "0": 9000,
      "1": 0
    },
    "b": {
      "0": [9000, 0],
      "1": [0, 9000]
    },
    "_coverageSchema": "1a1c01bbd47fc00a2c39e90264f33305004495a9",
    "hash": "ed7fe5bbc45591a6fb996f50cc287045c65ee2ae"
  },
  "/home/tim/github/witter/src/common/components/PostCard/PostFooter/Tags.tsx": {
    "path": "/home/tim/github/witter/src/common/components/PostCard/PostFooter/Tags.tsx",
    "statementMap": {
      "0": {
        "start": {
          "line": 8,
          "column": 20
        },
        "end": {
          "line": 26,
          "column": 1
        }
      },
      "1": {
        "start": {
          "line": 9,
          "column": 2
        },
        "end": {
          "line": 25,
          "column": 5
        }
      },
      "2": {
        "start": {
          "line": 13,
          "column": 8
        },
        "end": {
          "line": 22,
          "column": 15
        }
      },
      "3": {
        "start": {
          "line": 17,
          "column": 25
        },
        "end": {
          "line": 17,
          "column": 50
        }
      },
      "4": {
        "start": {
          "line": 8,
          "column": 13
        },
        "end": {
          "line": 8,
          "column": 17
        }
      },
      "5": {
        "start": {
          "line": 1,
          "column": 21
        },
        "end": {
          "line": 1,
          "column": null
        }
      },
      "6": {
        "start": {
          "line": 8,
          "column": 20
        },
        "end": {
          "line": 25,
          "column": 5
        }
      },
      "7": {
        "start": {
          "line": 13,
          "column": 8
        },
        "end": {
          "line": 18,
          "column": null
        }
      }
    },
    "fnMap": {
      "0": {
        "name": "(anonymous_0)",
        "decl": {
          "start": {
            "line": 8,
            "column": 20
          },
          "end": {
            "line": 8,
            "column": 21
          }
        },
        "loc": {
          "start": {
            "line": 9,
            "column": 2
          },
          "end": {
            "line": 25,
            "column": 5
          }
        },
        "line": 9
      },
      "1": {
        "name": "(anonymous_1)",
        "decl": {
          "start": {
            "line": 12,
            "column": 11
          },
          "end": {
            "line": 12,
            "column": 12
          }
        },
        "loc": {
          "start": {
            "line": 13,
            "column": 8
          },
          "end": {
            "line": 22,
            "column": 15
          }
        },
        "line": 13
      },
      "2": {
        "name": "(anonymous_2)",
        "decl": {
          "start": {
            "line": 17,
            "column": 19
          },
          "end": {
            "line": 17,
            "column": 20
          }
        },
        "loc": {
          "start": {
            "line": 17,
            "column": 25
          },
          "end": {
            "line": 17,
            "column": 50
          }
        },
        "line": 17
      },
      "3": {
        "name": "(anonymous_0)",
        "decl": {
          "start": {
            "line": 8,
            "column": 13
          },
          "end": {
            "line": 8,
            "column": 17
          }
        },
        "loc": {
          "start": {
            "line": 8,
            "column": 13
          },
          "end": {
            "line": 8,
            "column": 17
          }
        }
      },
      "4": {
        "name": "(anonymous_2)",
        "decl": {
          "start": {
            "line": 12,
            "column": 11
          },
          "end": {
            "line": 12,
            "column": 12
          }
        },
        "loc": {
          "start": {
            "line": 13,
            "column": 8
          },
          "end": {
            "line": 18,
            "column": null
          }
        }
      }
    },
    "branchMap": {},
    "s": {
      "0": 46,
      "1": 9000,
      "2": 0,
      "3": 0,
      "4": 0,
      "5": 0,
      "6": 0,
      "7": 0
    },
    "f": {
      "0": 9000,
      "1": 0,
      "2": 0,
      "3": 0,
      "4": 0
    },
    "b": {},
    "_coverageSchema": "1a1c01bbd47fc00a2c39e90264f33305004495a9",
    "hash": "a95963b07fc01058b53d5fc4b0683e3c843d89c2"
  },
  "/home/tim/github/witter/src/common/components/PostCard/PostFooter/UserLink.tsx": {
    "path": "/home/tim/github/witter/src/common/components/PostCard/PostFooter/UserLink.tsx",
    "statementMap": {
      "0": {
        "start": {
          "line": 7,
          "column": 24
        },
        "end": {
          "line": 18,
          "column": 1
        }
      },
      "1": {
        "start": {
          "line": 8,
          "column": 2
        },
        "end": {
          "line": 17,
          "column": 9
        }
      },
      "2": {
        "start": {
          "line": 14,
          "column": 19
        },
        "end": {
          "line": 14,
          "column": 50
        }
      },
      "3": {
        "start": {
          "line": 7,
          "column": 13
        },
        "end": {
          "line": 7,
          "column": 21
        }
      },
      "4": {
        "start": {
          "line": 1,
          "column": 21
        },
        "end": {
          "line": 1,
          "column": null
        }
      },
      "5": {
        "start": {
          "line": 7,
          "column": 24
        },
        "end": {
          "line": 17,
          "column": 9
        }
      }
    },
    "fnMap": {
      "0": {
        "name": "(anonymous_0)",
        "decl": {
          "start": {
            "line": 7,
            "column": 24
          },
          "end": {
            "line": 7,
            "column": 25
          }
        },
        "loc": {
          "start": {
            "line": 8,
            "column": 2
          },
          "end": {
            "line": 17,
            "column": 9
          }
        },
        "line": 8
      },
      "1": {
        "name": "(anonymous_1)",
        "decl": {
          "start": {
            "line": 14,
            "column": 13
          },
          "end": {
            "line": 14,
            "column": 14
          }
        },
        "loc": {
          "start": {
            "line": 14,
            "column": 19
          },
          "end": {
            "line": 14,
            "column": 50
          }
        },
        "line": 14
      },
      "2": {
        "name": "(anonymous_0)",
        "decl": {
          "start": {
            "line": 7,
            "column": 13
          },
          "end": {
            "line": 7,
            "column": 21
          }
        },
        "loc": {
          "start": {
            "line": 7,
            "column": 13
          },
          "end": {
            "line": 7,
            "column": 21
          }
        }
      }
    },
    "branchMap": {},
    "s": {
      "0": 46,
      "1": 9000,
      "2": 0,
      "3": 0,
      "4": 0,
      "5": 0
    },
    "f": {
      "0": 9000,
      "1": 0,
      "2": 0
    },
    "b": {},
    "_coverageSchema": "1a1c01bbd47fc00a2c39e90264f33305004495a9",
    "hash": "8ad4c4aff7c28709207e7bccf6f43573be182e1d"
  },
  "/home/tim/github/witter/src/common/components/PostCard/PostFooter/index.tsx": {
    "path": "/home/tim/github/witter/src/common/components/PostCard/PostFooter/index.tsx",
    "statementMap": {
      "0": {
        "start": {
          "line": 1,
          "column": 9
        },
        "end": {
          "line": 1,
          "column": 27
        }
      },
      "1": {
        "start": {
          "line": 1,
          "column": 27
        },
        "end": {
          "line": 1,
          "column": null
        }
      }
    },
    "fnMap": {
      "0": {
        "name": "(anonymous_0)",
        "decl": {
          "start": {
            "line": 1,
            "column": 9
          },
          "end": {
            "line": 1,
            "column": 19
          }
        },
        "loc": {
          "start": {
            "line": 1,
            "column": 9
          },
          "end": {
            "line": 1,
            "column": 27
          }
        }
      }
    },
    "branchMap": {},
    "s": {
      "0": 0,
      "1": 0
    },
    "f": {
      "0": 0
    },
    "b": {},
    "_coverageSchema": "1a1c01bbd47fc00a2c39e90264f33305004495a9",
    "hash": "4577e592cdaf5ed166a08c31f14211d3f73fd5ce"
  },
  "/home/tim/github/witter/src/common/components/PostCard/PostHeader/PostDetail.tsx": {
    "path": "/home/tim/github/witter/src/common/components/PostCard/PostHeader/PostDetail.tsx",
    "statementMap": {
      "0": {
        "start": {
          "line": 9,
          "column": 26
        },
        "end": {
          "line": 24,
          "column": 1
        }
      },
      "1": {
        "start": {
          "line": 10,
          "column": 2
        },
        "end": {
          "line": 23,
          "column": 9
        }
      },
      "2": {
        "start": {
          "line": 9,
          "column": 13
        },
        "end": {
          "line": 9,
          "column": 23
        }
      },
      "3": {
        "start": {
          "line": 1,
          "column": 33
        },
        "end": {
          "line": 1,
          "column": null
        }
      },
      "4": {
        "start": {
          "line": 2,
          "column": 31
        },
        "end": {
          "line": 2,
          "column": null
        }
      },
      "5": {
        "start": {
          "line": 9,
          "column": 26
        },
        "end": {
          "line": 23,
          "column": 9
        }
      }
    },
    "fnMap": {
      "0": {
        "name": "(anonymous_0)",
        "decl": {
          "start": {
            "line": 9,
            "column": 26
          },
          "end": {
            "line": 9,
            "column": 27
          }
        },
        "loc": {
          "start": {
            "line": 10,
            "column": 2
          },
          "end": {
            "line": 23,
            "column": 9
          }
        },
        "line": 10
      },
      "1": {
        "name": "(anonymous_0)",
        "decl": {
          "start": {
            "line": 9,
            "column": 13
          },
          "end": {
            "line": 9,
            "column": 23
          }
        },
        "loc": {
          "start": {
            "line": 9,
            "column": 13
          },
          "end": {
            "line": 9,
            "column": 23
          }
        }
      }
    },
    "branchMap": {
      "0": {
        "loc": {
          "start": {
            "line": 14,
            "column": 29
          },
          "end": {
            "line": 14,
            "column": 58
          }
        },
        "type": "cond-expr",
        "locations": [
          {
            "start": {
              "line": 14,
              "column": 50
            },
            "end": {
              "line": 14,
              "column": 53
            }
          },
          {
            "start": {
              "line": 14,
              "column": 56
            },
            "end": {
              "line": 14,
              "column": 58
            }
          }
        ],
        "line": 14
      },
      "1": {
        "loc": {
          "start": {
            "line": 20,
            "column": 25
          },
          "end": {
            "line": 20,
            "column": 51
          }
        },
        "type": "cond-expr",
        "locations": [
          {
            "start": {
              "line": 20,
              "column": 43
            },
            "end": {
              "line": 20,
              "column": 46
            }
          },
          {
            "start": {
              "line": 20,
              "column": 49
            },
            "end": {
              "line": 20,
              "column": 51
            }
          }
        ],
        "line": 20
      }
    },
    "s": {
      "0": 46,
      "1": 9000,
      "2": 0,
      "3": 0,
      "4": 0,
      "5": 0
    },
    "f": {
      "0": 9000,
      "1": 0
    },
    "b": {
      "0": [9000, 0],
      "1": [0, 9000]
    },
    "_coverageSchema": "1a1c01bbd47fc00a2c39e90264f33305004495a9",
    "hash": "80d12a37d6d5c4e70a78b4bbd31708c8941199d7"
  },
  "/home/tim/github/witter/src/common/components/PostCard/PostHeader/PostHeader.tsx": {
    "path": "/home/tim/github/witter/src/common/components/PostCard/PostHeader/PostHeader.tsx",
    "statementMap": {
      "0": {
        "start": {
          "line": 15,
          "column": 26
        },
        "end": {
          "line": 25,
          "column": 1
        }
      },
      "1": {
        "start": {
          "line": 16,
          "column": 2
        },
        "end": {
          "line": 24,
          "column": 9
        }
      },
      "2": {
        "start": {
          "line": 15,
          "column": 13
        },
        "end": {
          "line": 15,
          "column": 23
        }
      },
      "3": {
        "start": {
          "line": 1,
          "column": 27
        },
        "end": {
          "line": 1,
          "column": null
        }
      },
      "4": {
        "start": {
          "line": 3,
          "column": 18
        },
        "end": {
          "line": 3,
          "column": null
        }
      },
      "5": {
        "start": {
          "line": 4,
          "column": 33
        },
        "end": {
          "line": 4,
          "column": null
        }
      },
      "6": {
        "start": {
          "line": 5,
          "column": 27
        },
        "end": {
          "line": 5,
          "column": null
        }
      },
      "7": {
        "start": {
          "line": 15,
          "column": 26
        },
        "end": {
          "line": 24,
          "column": 9
        }
      }
    },
    "fnMap": {
      "0": {
        "name": "(anonymous_0)",
        "decl": {
          "start": {
            "line": 15,
            "column": 26
          },
          "end": {
            "line": 15,
            "column": 27
          }
        },
        "loc": {
          "start": {
            "line": 16,
            "column": 2
          },
          "end": {
            "line": 24,
            "column": 9
          }
        },
        "line": 16
      },
      "1": {
        "name": "(anonymous_0)",
        "decl": {
          "start": {
            "line": 15,
            "column": 13
          },
          "end": {
            "line": 15,
            "column": 23
          }
        },
        "loc": {
          "start": {
            "line": 15,
            "column": 13
          },
          "end": {
            "line": 15,
            "column": 23
          }
        }
      }
    },
    "branchMap": {},
    "s": {
      "0": 46,
      "1": 9000,
      "2": 0,
      "3": 0,
      "4": 0,
      "5": 0,
      "6": 0,
      "7": 0
    },
    "f": {
      "0": 9000,
      "1": 0
    },
    "b": {},
    "_coverageSchema": "1a1c01bbd47fc00a2c39e90264f33305004495a9",
    "hash": "75a21c7ce8ffe334fbe90758b9788ff07c77c423"
  },
  "/home/tim/github/witter/src/common/components/PostCard/PostHeader/index.tsx": {
    "path": "/home/tim/github/witter/src/common/components/PostCard/PostHeader/index.tsx",
    "statementMap": {
      "0": {
        "start": {
          "line": 1,
          "column": 9
        },
        "end": {
          "line": 1,
          "column": 27
        }
      },
      "1": {
        "start": {
          "line": 1,
          "column": 27
        },
        "end": {
          "line": 1,
          "column": null
        }
      }
    },
    "fnMap": {
      "0": {
        "name": "(anonymous_0)",
        "decl": {
          "start": {
            "line": 1,
            "column": 9
          },
          "end": {
            "line": 1,
            "column": 19
          }
        },
        "loc": {
          "start": {
            "line": 1,
            "column": 9
          },
          "end": {
            "line": 1,
            "column": 27
          }
        }
      }
    },
    "branchMap": {},
    "s": {
      "0": 0,
      "1": 0
    },
    "f": {
      "0": 0
    },
    "b": {},
    "_coverageSchema": "1a1c01bbd47fc00a2c39e90264f33305004495a9",
    "hash": "7a17907fb04f64234477a9a941604563d2dca196"
  },
  "/home/tim/github/witter/src/common/constants/index.ts": {
    "path": "/home/tim/github/witter/src/common/constants/index.ts",
    "statementMap": {
      "0": {
        "start": {
          "line": 2,
          "column": 2
        },
        "end": {
          "line": 2,
          "column": 214
        }
      },
      "1": {
        "start": {
          "line": 1,
          "column": 13
        },
        "end": {
          "line": 1,
          "column": 38
        }
      }
    },
    "fnMap": {
      "0": {
        "name": "(anonymous_0)",
        "decl": {
          "start": {
            "line": 1,
            "column": 13
          },
          "end": {
            "line": 1,
            "column": 38
          }
        },
        "loc": {
          "start": {
            "line": 1,
            "column": 13
          },
          "end": {
            "line": 1,
            "column": 38
          }
        }
      }
    },
    "branchMap": {},
    "s": {
      "0": 46,
      "1": 0
    },
    "f": {
      "0": 0
    },
    "b": {},
    "_coverageSchema": "1a1c01bbd47fc00a2c39e90264f33305004495a9",
    "hash": "a68cf24f13564222d3e1a3b1c84f2453d41c1921"
  },
  "/home/tim/github/witter/src/common/hooks/useUser.ts": {
    "path": "/home/tim/github/witter/src/common/hooks/useUser.ts",
    "statementMap": {
      "0": {
        "start": {
          "line": 10,
          "column": 23
        },
        "end": {
          "line": 10,
          "column": 49
        }
      },
      "1": {
        "start": {
          "line": 10,
          "column": 13
        },
        "end": {
          "line": 10,
          "column": 20
        }
      },
      "2": {
        "start": {
          "line": 1,
          "column": 43
        },
        "end": {
          "line": 1,
          "column": null
        }
      },
      "3": {
        "start": {
          "line": 10,
          "column": 23
        },
        "end": {
          "line": 10,
          "column": 38
        }
      }
    },
    "fnMap": {
      "0": {
        "name": "(anonymous_0)",
        "decl": {
          "start": {
            "line": 10,
            "column": 13
          },
          "end": {
            "line": 10,
            "column": 20
          }
        },
        "loc": {
          "start": {
            "line": 10,
            "column": 13
          },
          "end": {
            "line": 10,
            "column": 20
          }
        }
      }
    },
    "branchMap": {},
    "s": {
      "0": 46,
      "1": 0,
      "2": 1,
      "3": 1
    },
    "f": {
      "0": 0
    },
    "b": {},
    "_coverageSchema": "1a1c01bbd47fc00a2c39e90264f33305004495a9",
    "hash": "997344189c11cd97ca8845fbee745f143912be72"
  },
  "/home/tim/github/witter/src/common/layout/app-layout/AppLayout.tsx": {
    "path": "/home/tim/github/witter/src/common/layout/app-layout/AppLayout.tsx",
    "statementMap": {
      "0": {
        "start": {
          "line": 6,
          "column": 25
        },
        "end": {
          "line": 16,
          "column": 1
        }
      },
      "1": {
        "start": {
          "line": 7,
          "column": 2
        },
        "end": {
          "line": 15,
          "column": 5
        }
      },
      "2": {
        "start": {
          "line": 18,
          "column": 28
        },
        "end": {
          "line": 18,
          "column": 72
        }
      },
      "3": {
        "start": {
          "line": 18,
          "column": 43
        },
        "end": {
          "line": 18,
          "column": 72
        }
      },
      "4": {
        "start": {
          "line": 6,
          "column": 13
        },
        "end": {
          "line": 6,
          "column": 22
        }
      },
      "5": {
        "start": {
          "line": 18,
          "column": 13
        },
        "end": {
          "line": 18,
          "column": 25
        }
      },
      "6": {
        "start": {
          "line": 1,
          "column": 34
        },
        "end": {
          "line": 1,
          "column": null
        }
      },
      "7": {
        "start": {
          "line": 2,
          "column": 23
        },
        "end": {
          "line": 2,
          "column": null
        }
      },
      "8": {
        "start": {
          "line": 3,
          "column": 23
        },
        "end": {
          "line": 3,
          "column": null
        }
      },
      "9": {
        "start": {
          "line": 6,
          "column": 25
        },
        "end": {
          "line": 15,
          "column": 5
        }
      }
    },
    "fnMap": {
      "0": {
        "name": "(anonymous_0)",
        "decl": {
          "start": {
            "line": 6,
            "column": 25
          },
          "end": {
            "line": 6,
            "column": 26
          }
        },
        "loc": {
          "start": {
            "line": 7,
            "column": 2
          },
          "end": {
            "line": 15,
            "column": 5
          }
        },
        "line": 7
      },
      "1": {
        "name": "(anonymous_1)",
        "decl": {
          "start": {
            "line": 18,
            "column": 28
          },
          "end": {
            "line": 18,
            "column": 29
          }
        },
        "loc": {
          "start": {
            "line": 18,
            "column": 43
          },
          "end": {
            "line": 18,
            "column": 72
          }
        },
        "line": 18
      },
      "2": {
        "name": "(anonymous_1)",
        "decl": {
          "start": {
            "line": 6,
            "column": 22
          },
          "end": {
            "line": 6,
            "column": 25
          }
        },
        "loc": {
          "start": {
            "line": 6,
            "column": 13
          },
          "end": {
            "line": 6,
            "column": 22
          }
        }
      },
      "3": {
        "name": "(anonymous_2)",
        "decl": {
          "start": {
            "line": 18,
            "column": 25
          },
          "end": {
            "line": 18,
            "column": 28
          }
        },
        "loc": {
          "start": {
            "line": 18,
            "column": 13
          },
          "end": {
            "line": 18,
            "column": 25
          }
        }
      }
    },
    "branchMap": {},
    "s": {
      "0": 46,
      "1": 92,
      "2": 46,
      "3": 0,
      "4": 0,
      "5": 0,
      "6": 0,
      "7": 0,
      "8": 0,
      "9": 0
    },
    "f": {
      "0": 92,
      "1": 0,
      "2": 0,
      "3": 0
    },
    "b": {},
    "_coverageSchema": "1a1c01bbd47fc00a2c39e90264f33305004495a9",
    "hash": "8f0aeebebfbcc593e7be65d22d0e0dd0072d5211"
  },
  "/home/tim/github/witter/src/common/layout/app-layout/index.tsx": {
    "path": "/home/tim/github/witter/src/common/layout/app-layout/index.tsx",
    "statementMap": {
      "0": {
        "start": {
          "line": 1,
          "column": 9
        },
        "end": {
          "line": 1,
          "column": 20
        }
      },
      "1": {
        "start": {
          "line": 1,
          "column": 20
        },
        "end": {
          "line": 1,
          "column": 40
        }
      },
      "2": {
        "start": {
          "line": 1,
          "column": 40
        },
        "end": {
          "line": 1,
          "column": null
        }
      }
    },
    "fnMap": {
      "0": {
        "name": "(anonymous_1)",
        "decl": {
          "start": {
            "line": 1,
            "column": 18
          },
          "end": {
            "line": 1,
            "column": 20
          }
        },
        "loc": {
          "start": {
            "line": 1,
            "column": 9
          },
          "end": {
            "line": 1,
            "column": 20
          }
        }
      },
      "1": {
        "name": "(anonymous_2)",
        "decl": {
          "start": {
            "line": 1,
            "column": 32
          },
          "end": {
            "line": 1,
            "column": 40
          }
        },
        "loc": {
          "start": {
            "line": 1,
            "column": 20
          },
          "end": {
            "line": 1,
            "column": 40
          }
        }
      }
    },
    "branchMap": {},
    "s": {
      "0": 0,
      "1": 0,
      "2": 0
    },
    "f": {
      "0": 0,
      "1": 0
    },
    "b": {},
    "_coverageSchema": "1a1c01bbd47fc00a2c39e90264f33305004495a9",
    "hash": "ec844743a2ec04845403c8bac3e2985ea7c34e65"
  },
  "/home/tim/github/witter/src/common/layout/app-layout/Footer/Footer.tsx": {
    "path": "/home/tim/github/witter/src/common/layout/app-layout/Footer/Footer.tsx",
    "statementMap": {
      "0": {
        "start": {
          "line": 5,
          "column": 21
        },
        "end": {
          "line": 27,
          "column": 1
        }
      },
      "1": {
        "start": {
          "line": 6,
          "column": 2
        },
        "end": {
          "line": 26,
          "column": 4
        }
      },
      "2": {
        "start": {
          "line": 29,
          "column": 22
        },
        "end": {
          "line": 67,
          "column": 1
        }
      },
      "3": {
        "start": {
          "line": 30,
          "column": 2
        },
        "end": {
          "line": 66,
          "column": 4
        }
      },
      "4": {
        "start": {
          "line": 29,
          "column": 13
        },
        "end": {
          "line": 29,
          "column": 19
        }
      },
      "5": {
        "start": {
          "line": 1,
          "column": 93
        },
        "end": {
          "line": 1,
          "column": null
        }
      },
      "6": {
        "start": {
          "line": 2,
          "column": 50
        },
        "end": {
          "line": 2,
          "column": null
        }
      },
      "7": {
        "start": {
          "line": 6,
          "column": 2
        },
        "end": {
          "line": 25,
          "column": null
        }
      },
      "8": {
        "start": {
          "line": 30,
          "column": 2
        },
        "end": {
          "line": 65,
          "column": null
        }
      }
    },
    "fnMap": {
      "0": {
        "name": "(anonymous_0)",
        "decl": {
          "start": {
            "line": 5,
            "column": 21
          },
          "end": {
            "line": 5,
            "column": 22
          }
        },
        "loc": {
          "start": {
            "line": 5,
            "column": 106
          },
          "end": {
            "line": 27,
            "column": 1
          }
        },
        "line": 5
      },
      "1": {
        "name": "(anonymous_1)",
        "decl": {
          "start": {
            "line": 29,
            "column": 22
          },
          "end": {
            "line": 29,
            "column": 23
          }
        },
        "loc": {
          "start": {
            "line": 29,
            "column": 28
          },
          "end": {
            "line": 67,
            "column": 1
          }
        },
        "line": 29
      },
      "2": {
        "name": "(anonymous_0)",
        "decl": {
          "start": {
            "line": 29,
            "column": 13
          },
          "end": {
            "line": 29,
            "column": 19
          }
        },
        "loc": {
          "start": {
            "line": 29,
            "column": 13
          },
          "end": {
            "line": 29,
            "column": 19
          }
        }
      }
    },
    "branchMap": {},
    "s": {
      "0": 46,
      "1": 276,
      "2": 46,
      "3": 92,
      "4": 0,
      "5": 0,
      "6": 0,
      "7": 0,
      "8": 0
    },
    "f": {
      "0": 276,
      "1": 92,
      "2": 0
    },
    "b": {},
    "_coverageSchema": "1a1c01bbd47fc00a2c39e90264f33305004495a9",
    "hash": "67531a3e0ae4d7fff9b2be15f170737edaa9e71e"
  },
  "/home/tim/github/witter/src/common/layout/app-layout/Footer/index.tsx": {
    "path": "/home/tim/github/witter/src/common/layout/app-layout/Footer/index.tsx",
    "statementMap": {
      "0": {
        "start": {
          "line": 1,
          "column": 9
        },
        "end": {
          "line": 1,
          "column": 23
        }
      },
      "1": {
        "start": {
          "line": 1,
          "column": 23
        },
        "end": {
          "line": 1,
          "column": null
        }
      }
    },
    "fnMap": {
      "0": {
        "name": "(anonymous_0)",
        "decl": {
          "start": {
            "line": 1,
            "column": 9
          },
          "end": {
            "line": 1,
            "column": 15
          }
        },
        "loc": {
          "start": {
            "line": 1,
            "column": 9
          },
          "end": {
            "line": 1,
            "column": 23
          }
        }
      }
    },
    "branchMap": {},
    "s": {
      "0": 0,
      "1": 0
    },
    "f": {
      "0": 0
    },
    "b": {},
    "_coverageSchema": "1a1c01bbd47fc00a2c39e90264f33305004495a9",
    "hash": "441497d6161e816fdebbad069be7f7d49ab68a35"
  },
  "/home/tim/github/witter/src/common/layout/app-layout/Navbar/LoginButtons.tsx": {
    "path": "/home/tim/github/witter/src/common/layout/app-layout/Navbar/LoginButtons.tsx",
    "statementMap": {
      "0": {
        "start": {
          "line": 5,
          "column": 28
        },
        "end": {
          "line": 44,
          "column": 1
        }
      },
      "1": {
        "start": {
          "line": 6,
          "column": 28
        },
        "end": {
          "line": 6,
          "column": 42
        }
      },
      "2": {
        "start": {
          "line": 8,
          "column": 22
        },
        "end": {
          "line": 10,
          "column": 3
        }
      },
      "3": {
        "start": {
          "line": 9,
          "column": 4
        },
        "end": {
          "line": 9,
          "column": 32
        }
      },
      "4": {
        "start": {
          "line": 12,
          "column": 2
        },
        "end": {
          "line": 43,
          "column": 4
        }
      },
      "5": {
        "start": {
          "line": 23,
          "column": 27
        },
        "end": {
          "line": 23,
          "column": 49
        }
      },
      "6": {
        "start": {
          "line": 37,
          "column": 25
        },
        "end": {
          "line": 37,
          "column": 47
        }
      },
      "7": {
        "start": {
          "line": 5,
          "column": 13
        },
        "end": {
          "line": 5,
          "column": 25
        }
      },
      "8": {
        "start": {
          "line": 1,
          "column": 36
        },
        "end": {
          "line": 1,
          "column": null
        }
      },
      "9": {
        "start": {
          "line": 3,
          "column": 29
        },
        "end": {
          "line": 3,
          "column": null
        }
      },
      "10": {
        "start": {
          "line": 12,
          "column": 2
        },
        "end": {
          "line": 42,
          "column": null
        }
      }
    },
    "fnMap": {
      "0": {
        "name": "(anonymous_0)",
        "decl": {
          "start": {
            "line": 5,
            "column": 28
          },
          "end": {
            "line": 5,
            "column": 29
          }
        },
        "loc": {
          "start": {
            "line": 5,
            "column": 34
          },
          "end": {
            "line": 44,
            "column": 1
          }
        },
        "line": 5
      },
      "1": {
        "name": "(anonymous_1)",
        "decl": {
          "start": {
            "line": 8,
            "column": 22
          },
          "end": {
            "line": 8,
            "column": 23
          }
        },
        "loc": {
          "start": {
            "line": 8,
            "column": 56
          },
          "end": {
            "line": 10,
            "column": 3
          }
        },
        "line": 8
      },
      "2": {
        "name": "(anonymous_2)",
        "decl": {
          "start": {
            "line": 23,
            "column": 21
          },
          "end": {
            "line": 23,
            "column": 22
          }
        },
        "loc": {
          "start": {
            "line": 23,
            "column": 27
          },
          "end": {
            "line": 23,
            "column": 49
          }
        },
        "line": 23
      },
      "3": {
        "name": "(anonymous_3)",
        "decl": {
          "start": {
            "line": 37,
            "column": 19
          },
          "end": {
            "line": 37,
            "column": 20
          }
        },
        "loc": {
          "start": {
            "line": 37,
            "column": 25
          },
          "end": {
            "line": 37,
            "column": 47
          }
        },
        "line": 37
      },
      "4": {
        "name": "(anonymous_0)",
        "decl": {
          "start": {
            "line": 5,
            "column": 13
          },
          "end": {
            "line": 5,
            "column": 25
          }
        },
        "loc": {
          "start": {
            "line": 5,
            "column": 13
          },
          "end": {
            "line": 5,
            "column": 25
          }
        }
      }
    },
    "branchMap": {},
    "s": {
      "0": 46,
      "1": 496,
      "2": 496,
      "3": 68,
      "4": 496,
      "5": 38,
      "6": 30,
      "7": 0,
      "8": 0,
      "9": 0,
      "10": 0
    },
    "f": {
      "0": 496,
      "1": 68,
      "2": 38,
      "3": 30,
      "4": 0
    },
    "b": {},
[...]
      "7": {
        "start": {
          "line": 14,
          "column": 33
        },
        "end": {
          "line": 14,
          "column": null
        }
      },
      "8": {
        "start": {
          "line": 15,
          "column": 28
        },
        "end": {
          "line": 15,
          "column": null
        }
      },
      "9": {
        "start": {
          "line": 17,
          "column": 20
        },
        "end": {
          "line": 17,
          "column": 43
        }
      },
      "10": {
        "start": {
          "line": 18,
          "column": 23
        },
        "end": {
          "line": 18,
          "column": 54
        }
      },
      "11": {
        "start": {
          "line": 20,
          "column": 15
        },
        "end": {
          "line": 20,
          "column": 71
        }
      },
      "12": {
        "start": {
          "line": 22,
          "column": 15
        },
        "end": {
          "line": 28,
          "column": 27
        }
      },
      "13": {
        "start": {
          "line": 30,
          "column": 22
        },
        "end": {
          "line": 34,
          "column": 1
        }
      }
    },
    "fnMap": {
      "0": {
        "name": "(anonymous_1)",
        "decl": {
          "start": {
            "line": 28,
            "column": 28
          },
          "end": {
            "line": 28,
            "column": null
          }
        },
        "loc": {
          "start": {
            "line": 22,
            "column": 0
          },
          "end": {
            "line": 22,
            "column": 15
          }
        }
      },
      "1": {
        "name": "(anonymous_2)",
        "decl": {
          "start": {
            "line": 30,
            "column": 19
          },
          "end": {
            "line": 30,
            "column": 22
          }
        },
        "loc": {
          "start": {
            "line": 30,
            "column": 13
          },
          "end": {
            "line": 30,
            "column": 19
          }
        }
      }
    },
    "branchMap": {},
    "s": {
      "0": 0,
      "1": 0,
      "2": 0,
      "3": 0,
      "4": 0,
      "5": 0,
      "6": 0,
      "7": 0,
      "8": 0,
      "9": 0,
      "10": 0,
      "11": 0,
      "12": 0,
      "13": 0
    },
    "f": {
      "0": 0,
      "1": 0
    },
    "b": {}
  },
  "/home/tim/github/witter/src/pages/api/post/[id]/index.ts": {
    "path": "/home/tim/github/witter/src/pages/api/post/[id]/index.ts",
    "statementMap": {
      "0": {
        "start": {
          "line": 15,
          "column": 0
        },
        "end": {
          "line": 15,
          "column": 15
        }
      },
      "1": {
        "start": {
          "line": 2,
          "column": 45
        },
        "end": {
          "line": 2,
          "column": null
        }
      },
      "2": {
        "start": {
          "line": 3,
          "column": 17
        },
        "end": {
          "line": 3,
          "column": null
        }
      },
      "3": {
        "start": {
          "line": 4,
          "column": 31
        },
        "end": {
          "line": 4,
          "column": null
        }
      },
      "4": {
        "start": {
          "line": 6,
          "column": 61
        },
        "end": {
          "line": 6,
          "column": null
        }
      },
      "5": {
        "start": {
          "line": 7,
          "column": 19
        },
        "end": {
          "line": 7,
          "column": null
        }
      },
      "6": {
        "start": {
          "line": 8,
          "column": 28
        },
        "end": {
          "line": 8,
          "column": null
        }
      },
      "7": {
        "start": {
          "line": 10,
          "column": 20
        },
        "end": {
          "line": 10,
          "column": 43
        }
      },
      "8": {
        "start": {
          "line": 11,
          "column": 23
        },
        "end": {
          "line": 11,
          "column": 54
        }
      },
      "9": {
        "start": {
          "line": 13,
          "column": 15
        },
        "end": {
          "line": 13,
          "column": 97
        }
      },
      "10": {
        "start": {
          "line": 15,
          "column": 15
        },
        "end": {
          "line": 20,
          "column": 27
        }
      }
    },
    "fnMap": {
      "0": {
        "name": "(anonymous_0)",
        "decl": {
          "start": {
            "line": 15,
            "column": 0
          },
          "end": {
            "line": 15,
            "column": 15
          }
        },
        "loc": {
          "start": {
            "line": 15,
            "column": 0
          },
          "end": {
            "line": 15,
            "column": 15
          }
        }
      }
    },
    "branchMap": {},
    "s": {
      "0": 0,
      "1": 0,
      "2": 0,
      "3": 0,
      "4": 0,
      "5": 0,
      "6": 0,
      "7": 0,
      "8": 0,
      "9": 0,
      "10": 0
    },
    "f": {
      "0": 0
    },
    "b": {}
  },
  "/home/tim/github/witter/src/pages/api/profile/index.ts": {
    "path": "/home/tim/github/witter/src/pages/api/profile/index.ts",
    "statementMap": {
      "0": {
        "start": {
          "line": 21,
          "column": 0
        },
        "end": {
          "line": 21,
          "column": 15
        }
      },
      "1": {
        "start": {
          "line": 2,
          "column": 45
        },
        "end": {
          "line": 2,
          "column": null
        }
      },
      "2": {
        "start": {
          "line": 3,
          "column": 17
        },
        "end": {
          "line": 3,
          "column": null
        }
      },
      "3": {
        "start": {
          "line": 4,
          "column": 34
        },
        "end": {
          "line": 4,
          "column": null
        }
      },
      "4": {
        "start": {
          "line": 13,
          "column": 7
        },
        "end": {
          "line": 13,
          "column": null
        }
      },
      "5": {
        "start": {
          "line": 14,
          "column": 39
        },
        "end": {
          "line": 14,
          "column": null
        }
      },
      "6": {
        "start": {
          "line": 15,
          "column": 19
        },
        "end": {
          "line": 15,
          "column": null
        }
      },
      "7": {
        "start": {
          "line": 16,
          "column": 28
        },
        "end": {
          "line": 16,
          "column": null
        }
      },
      "8": {
        "start": {
          "line": 17,
          "column": 26
        },
        "end": {
          "line": 17,
          "column": 72
        }
      },
      "9": {
        "start": {
          "line": 19,
          "column": 15
        },
        "end": {
          "line": 19,
          "column": 97
        }
      },
      "10": {
        "start": {
          "line": 21,
          "column": 15
        },
        "end": {
          "line": 29,
          "column": 27
        }
      }
    },
    "fnMap": {
      "0": {
        "name": "(anonymous_0)",
        "decl": {
          "start": {
            "line": 21,
            "column": 0
          },
          "end": {
            "line": 21,
            "column": 15
          }
        },
        "loc": {
          "start": {
            "line": 21,
            "column": 0
          },
          "end": {
            "line": 21,
            "column": 15
          }
        }
      }
    },
    "branchMap": {},
    "s": {
      "0": 0,
      "1": 0,
      "2": 0,
      "3": 0,
      "4": 0,
      "5": 0,
      "6": 0,
      "7": 0,
      "8": 0,
      "9": 0,
      "10": 0
    },
    "f": {
      "0": 0
    },
    "b": {}
  },
  "/home/tim/github/witter/src/pages/api/profile/avatar/index.ts": {
    "path": "/home/tim/github/witter/src/pages/api/profile/avatar/index.ts",
    "statementMap": {
      "0": {
        "start": {
          "line": 21,
          "column": 0
        },
        "end": {
          "line": 21,
          "column": 15
        }
      },
      "1": {
        "start": {
          "line": 29,
          "column": 13
        },
        "end": {
          "line": 29,
          "column": 19
        }
      },
      "2": {
        "start": {
          "line": 2,
          "column": 45
        },
        "end": {
          "line": 2,
          "column": null
        }
      },
      "3": {
        "start": {
          "line": 3,
          "column": 17
        },
        "end": {
          "line": 3,
          "column": null
        }
      },
      "4": {
        "start": {
          "line": 4,
          "column": 33
        },
        "end": {
          "line": 4,
          "column": null
        }
      },
      "5": {
        "start": {
          "line": 5,
          "column": 34
        },
        "end": {
          "line": 5,
          "column": null
        }
      },
      "6": {
        "start": {
          "line": 6,
          "column": 19
        },
        "end": {
          "line": 6,
          "column": null
        }
      },
      "7": {
        "start": {
          "line": 14,
          "column": 7
        },
        "end": {
          "line": 14,
          "column": null
        }
      },
      "8": {
        "start": {
          "line": 16,
          "column": 28
        },
        "end": {
          "line": 16,
          "column": null
        }
      },
      "9": {
        "start": {
          "line": 17,
          "column": 26
        },
        "end": {
          "line": 17,
          "column": 72
        }
      },
      "10": {
        "start": {
          "line": 19,
          "column": 15
        },
        "end": {
          "line": 19,
          "column": 71
        }
      },
      "11": {
        "start": {
          "line": 21,
          "column": 15
        },
        "end": {
          "line": 27,
          "column": 27
        }
      },
      "12": {
        "start": {
          "line": 29,
          "column": 22
        },
        "end": {
          "line": 33,
          "column": 1
        }
      }
    },
    "fnMap": {
      "0": {
        "name": "(anonymous_1)",
        "decl": {
          "start": {
            "line": 27,
            "column": 28
          },
          "end": {
            "line": 27,
            "column": null
          }
        },
        "loc": {
          "start": {
            "line": 21,
            "column": 0
          },
          "end": {
            "line": 21,
            "column": 15
          }
        }
      },
      "1": {
        "name": "(anonymous_2)",
        "decl": {
          "start": {
            "line": 29,
            "column": 19
          },
          "end": {
            "line": 29,
            "column": 22
          }
        },
        "loc": {
          "start": {
            "line": 29,
            "column": 13
          },
          "end": {
            "line": 29,
            "column": 19
          }
        }
      }
    },
    "branchMap": {},
    "s": {
      "0": 0,
      "1": 0,
      "2": 0,
      "3": 0,
      "4": 0,
      "5": 0,
      "6": 0,
      "7": 0,
      "8": 0,
      "9": 0,
      "10": 0,
      "11": 0,
      "12": 0
    },
    "f": {
      "0": 0,
      "1": 0
    },
    "b": {}
  },
  "/home/tim/github/witter/src/pages/api/user/email.ts": {
    "path": "/home/tim/github/witter/src/pages/api/user/email.ts",
    "statementMap": {
      "0": {
        "start": {
          "line": 10,
          "column": 30
        },
        "end": {
          "line": 10,
          "column": 37
        }
      },
      "1": {
        "start": {
          "line": 5,
          "column": 28
        },
        "end": {
          "line": 5,
          "column": null
        }
      },
      "2": {
        "start": {
          "line": 11,
          "column": 42
        },
        "end": {
          "line": 11,
          "column": 50
        }
      },
      "3": {
        "start": {
          "line": 12,
          "column": 19
        },
        "end": {
          "line": 12,
          "column": 28
        }
      },
      "4": {
        "start": {
          "line": 13,
          "column": 2
        },
        "end": {
          "line": 15,
          "column": 3
        }
      },
      "5": {
        "start": {
          "line": 14,
          "column": 4
        },
        "end": {
          "line": 14,
          "column": 40
        }
      },
      "6": {
        "start": {
          "line": 16,
          "column": 16
        },
        "end": {
          "line": 16,
          "column": 58
        }
      },
      "7": {
        "start": {
          "line": 18,
          "column": 2
        },
        "end": {
          "line": 20,
          "column": 3
        }
      },
      "8": {
        "start": {
          "line": 19,
          "column": 4
        },
        "end": {
          "line": 19,
          "column": 54
        }
      },
      "9": {
        "start": {
          "line": 21,
          "column": 2
        },
        "end": {
          "line": 24,
          "column": 3
        }
      },
      "10": {
        "start": {
          "line": 22,
          "column": 28
        },
        "end": {
          "line": 22,
          "column": 91
        }
      },
      "11": {
        "start": {
          "line": 23,
          "column": 4
        },
        "end": {
          "line": 23,
          "column": 49
        }
      },
      "12": {
        "start": {
          "line": 25,
          "column": 2
        },
        "end": {
          "line": 40,
          "column": 3
        }
      },
      "13": {
        "start": {
          "line": 26,
          "column": 15
        },
        "end": {
          "line": 26,
          "column": 19
        }
      },
      "14": {
        "start": {
          "line": 27,
          "column": 4
        },
        "end": {
          "line": 30,
          "column": 9
        }
      },
      "15": {
        "start": {
          "line": 28,
          "column": 6
        },
        "end": {
          "line": 30,
          "column": 9
        }
      },
      "16": {
        "start": {
          "line": 29,
          "column": 8
        },
        "end": {
          "line": 29,
          "column": 36
        }
      },
      "17": {
        "start": {
          "line": 32,
          "column": 4
        },
        "end": {
          "line": 34,
          "column": 5
        }
      },
      "18": {
        "start": {
          "line": 33,
          "column": 6
        },
        "end": {
          "line": 33,
          "column": 57
        }
      },
      "19": {
        "start": {
          "line": 35,
          "column": 23
        },
        "end": {
          "line": 38,
          "column": 36
        }
      },
      "20": {
        "start": {
          "line": 39,
          "column": 4
        },
        "end": {
          "line": 39,
          "column": 41
        }
      }
    },
    "fnMap": {
      "0": {
        "name": "(anonymous_0)",
        "decl": {
          "start": {
            "line": 10,
            "column": 30
          },
          "end": {
            "line": 10,
            "column": 37
          }
        },
        "loc": {
          "start": {
            "line": 10,
            "column": 30
          },
          "end": {
            "line": 10,
            "column": 37
          }
        }
      },
      "1": {
        "name": "(anonymous_3)",
        "decl": {
          "start": {
            "line": 28,
            "column": 29
          },
          "end": {
            "line": 28,
            "column": 30
          }
        },
        "loc": {
          "start": {
            "line": 28,
            "column": 45
          },
          "end": {
            "line": 30,
            "column": 7
          }
        }
      }
    },
    "branchMap": {
      "0": {
        "loc": {
          "start": {
            "line": 13,
            "column": 2
          },
          "end": {
            "line": 15,
            "column": 3
          }
        },
        "type": "if",
        "locations": [
          {
            "start": {
              "line": 13,
              "column": 2
            },
            "end": {
              "line": 15,
              "column": 3
            }
          }
        ]
      },
      "1": {
        "loc": {
          "start": {
            "line": 18,
            "column": 2
          },
          "end": {
            "line": 20,
            "column": 3
          }
        },
        "type": "if",
        "locations": [
          {
            "start": {
              "line": 18,
              "column": 2
            },
            "end": {
              "line": 20,
              "column": 3
            }
          }
        ]
      },
      "2": {
        "loc": {
          "start": {
            "line": 21,
            "column": 2
          },
          "end": {
            "line": 24,
            "column": 3
          }
        },
        "type": "if",
        "locations": [
          {
            "start": {
              "line": 21,
              "column": 2
            },
            "end": {
              "line": 24,
              "column": 3
            }
          }
        ]
      },
      "3": {
        "loc": {
          "start": {
            "line": 25,
            "column": 2
          },
          "end": {
            "line": 40,
            "column": 3
          }
        },
        "type": "if",
        "locations": [
          {
            "start": {
              "line": 25,
              "column": 2
            },
            "end": {
              "line": 40,
              "column": 3
            }
          }
        ]
      },
      "4": {
        "loc": {
          "start": {
            "line": 27,
            "column": 4
          },
          "end": {
            "line": 30,
            "column": 9
          }
        },
        "type": "if",
        "locations": [
          {
            "start": {
              "line": 27,
              "column": 4
            },
            "end": {
              "line": 30,
              "column": 9
            }
          }
        ]
      },
      "5": {
        "loc": {
          "start": {
            "line": 32,
            "column": 4
          },
          "end": {
            "line": 34,
            "column": 5
          }
        },
        "type": "if",
        "locations": [
          {
            "start": {
              "line": 32,
              "column": 4
            },
            "end": {
              "line": 34,
              "column": 5
            }
          }
        ]
      },
      "6": {
        "loc": {
          "start": {
            "line": 38,
            "column": 19
          },
          "end": {
            "line": 38,
            "column": 33
          }
        },
        "type": "binary-expr",
        "locations": [
          {
            "start": {
              "line": 38,
              "column": 19
            },
            "end": {
              "line": 38,
              "column": 27
            }
          },
          {
            "start": {
              "line": 38,
              "column": 31
            },
            "end": {
              "line": 38,
              "column": 33
            }
          }
        ]
      }
    },
    "s": {
      "0": 0,
      "1": 0,
      "2": 0,
      "3": 0,
      "4": 0,
      "5": 0,
      "6": 0,
      "7": 0,
      "8": 0,
      "9": 0,
      "10": 0,
      "11": 0,
      "12": 0,
      "13": 0,
      "14": 0,
      "15": 0,
      "16": 0,
      "17": 0,
      "18": 0,
      "19": 0,
      "20": 0
    },
    "f": {
      "0": 0,
      "1": 0
    },
    "b": {
      "0": [0],
      "1": [0],
      "2": [0],
      "3": [0],
      "4": [0],
      "5": [0],
      "6": [0, 0]
    }
  }
}
