{
  "/home/tim/github/witter/src/lib/initSupabase.ts": {
    "path": "/home/tim/github/witter/src/lib/initSupabase.ts",
    "statementMap": {
      "0": {
        "start": {
          "line": 3,
          "column": 24
        },
        "end": {
          "line": 3,
          "column": 119
        }
      }
    },
    "fnMap": {},
    "branchMap": {},
    "s": {
      "0": 116
    },
    "f": {},
    "b": {},
    "_coverageSchema": "1a1c01bbd47fc00a2c39e90264f33305004495a9",
    "hash": "ed853dd441f700a58b3a45a52283f9070866fb18"
  },
  "/home/tim/github/witter/src/common/components/BrandLogo.tsx": {
    "path": "/home/tim/github/witter/src/common/components/BrandLogo.tsx",
    "statementMap": {
      "0": {
        "start": {
          "line": 4,
          "column": 25
        },
        "end": {
          "line": 10,
          "column": 1
        }
      },
      "1": {
        "start": {
          "line": 5,
          "column": 2
        },
        "end": {
          "line": 9,
          "column": 4
        }
      }
    },
    "fnMap": {
      "0": {
        "name": "(anonymous_0)",
        "decl": {
          "start": {
            "line": 4,
            "column": 25
          },
          "end": {
            "line": 4,
            "column": 26
          }
        },
        "loc": {
          "start": {
            "line": 4,
            "column": 31
          },
          "end": {
            "line": 10,
            "column": 1
          }
        },
        "line": 4
      }
    },
    "branchMap": {},
    "s": {
      "0": 116,
      "1": 1070
    },
    "f": {
      "0": 1070
    },
    "b": {},
    "_coverageSchema": "1a1c01bbd47fc00a2c39e90264f33305004495a9",
    "hash": "1f1194294cf4d517926b5eeeb12ac6bea17626fe"
  },
  "/home/tim/github/witter/src/features/Modal/stores/GlobalModalContext.tsx": {
    "path": "/home/tim/github/witter/src/features/Modal/stores/GlobalModalContext.tsx",
    "statementMap": {
      "0": {
        "start": {
          "line": 6,
          "column": 37
        },
        "end": {
          "line": 14,
          "column": 1
        }
      },
      "1": {
        "start": {
          "line": 16,
          "column": 27
        },
        "end": {
          "line": 16,
          "column": 81
        }
      },
      "2": {
        "start": {
          "line": 17,
          "column": 0
        },
        "end": {
          "line": 17,
          "column": 54
        }
      }
    },
    "fnMap": {
      "0": {
        "name": "(anonymous_0)",
        "decl": {
          "start": {
            "line": 7,
            "column": 13
          },
          "end": {
            "line": 7,
            "column": 14
          }
        },
        "loc": {
          "start": {
            "line": 7,
            "column": 19
          },
          "end": {
            "line": 7,
            "column": 21
          }
        },
        "line": 7
      },
      "1": {
        "name": "(anonymous_1)",
        "decl": {
          "start": {
            "line": 8,
            "column": 13
          },
          "end": {
            "line": 8,
            "column": 14
          }
        },
        "loc": {
          "start": {
            "line": 8,
            "column": 19
          },
          "end": {
            "line": 8,
            "column": 21
          }
        },
        "line": 8
      },
      "2": {
        "name": "(anonymous_2)",
        "decl": {
          "start": {
            "line": 10,
            "column": 15
          },
          "end": {
            "line": 10,
            "column": 16
          }
        },
        "loc": {
          "start": {
            "line": 10,
            "column": 21
          },
          "end": {
            "line": 10,
            "column": 23
          }
        },
        "line": 10
      }
    },
    "branchMap": {},
    "s": {
      "0": 116,
      "1": 116,
      "2": 116
    },
    "f": {
      "0": 0,
      "1": 0,
      "2": 0
    },
    "b": {},
    "_coverageSchema": "1a1c01bbd47fc00a2c39e90264f33305004495a9",
    "hash": "0e12256687a89c259e309f5083da138c93c5e37c"
  },
  "/home/tim/github/witter/src/features/Modal/hooks/useGlobalModal.tsx": {
    "path": "/home/tim/github/witter/src/features/Modal/hooks/useGlobalModal.tsx",
    "statementMap": {
      "0": {
        "start": {
          "line": 6,
          "column": 23
        },
        "end": {
          "line": 6,
          "column": 71
        }
      },
      "1": {
        "start": {
          "line": 7,
          "column": 2
        },
        "end": {
          "line": 9,
          "column": 3
        }
      },
      "2": {
        "start": {
          "line": 8,
          "column": 4
        },
        "end": {
          "line": 8,
          "column": 86
        }
      },
      "3": {
        "start": {
          "line": 10,
          "column": 2
        },
        "end": {
          "line": 10,
          "column": 22
        }
      }
    },
    "fnMap": {
      "0": {
        "name": "useGlobalModalContext",
        "decl": {
          "start": {
            "line": 5,
            "column": 16
          },
          "end": {
            "line": 5,
            "column": 37
          }
        },
        "loc": {
          "start": {
            "line": 5,
            "column": 61
          },
          "end": {
            "line": 11,
            "column": 1
          }
        },
        "line": 5
      }
    },
    "branchMap": {
      "0": {
        "loc": {
          "start": {
            "line": 7,
            "column": 2
          },
          "end": {
            "line": 9,
            "column": 3
          }
        },
        "type": "if",
        "locations": [
          {
            "start": {
              "line": 7,
              "column": 2
            },
            "end": {
              "line": 9,
              "column": 3
            }
          },
          {
            "start": {},
            "end": {}
          }
        ],
        "line": 7
      }
    },
    "s": {
      "0": 9448,
      "1": 9448,
      "2": 0,
      "3": 9448
    },
    "f": {
      "0": 9448
    },
    "b": {
      "0": [0, 9448]
    },
    "_coverageSchema": "1a1c01bbd47fc00a2c39e90264f33305004495a9",
    "hash": "5913113f313ffc5eb91a23ea9081c98f540add3d"
  },
  "/home/tim/github/witter/src/features/Modal/hooks/useModalToasts.tsx": {
    "path": "/home/tim/github/witter/src/features/Modal/hooks/useModalToasts.tsx",
    "statementMap": {
      "0": {
        "start": {
          "line": 3,
          "column": 19
        },
        "end": {
          "line": 3,
          "column": 67
        }
      },
      "1": {
        "start": {
          "line": 21,
          "column": 2
        },
        "end": {
          "line": 34,
          "column": 3
        }
      },
      "2": {
        "start": {
          "line": 22,
          "column": 2
        },
        "end": {
          "line": 34,
          "column": 3
        }
      },
      "3": {
        "start": {
          "line": 23,
          "column": 4
        },
        "end": {
          "line": 25,
          "column": 5
        }
      },
      "4": {
        "start": {
          "line": 24,
          "column": 6
        },
        "end": {
          "line": 24,
          "column": 27
        }
      },
      "5": {
        "start": {
          "line": 26,
          "column": 4
        },
        "end": {
          "line": 33,
          "column": 7
        }
      },
      "6": {
        "start": {
          "line": 39,
          "column": 30
        },
        "end": {
          "line": 45,
          "column": 1
        }
      },
      "7": {
        "start": {
          "line": 40,
          "column": 15
        },
        "end": {
          "line": 40,
          "column": 32
        }
      },
      "8": {
        "start": {
          "line": 41,
          "column": 2
        },
        "end": {
          "line": 43,
          "column": 5
        }
      },
      "9": {
        "start": {
          "line": 42,
          "column": 4
        },
        "end": {
          "line": 42,
          "column": 48
        }
      },
      "10": {
        "start": {
          "line": 44,
          "column": 2
        },
        "end": {
          "line": 44,
          "column": 16
        }
      }
    },
    "fnMap": {
      "0": {
        "name": "(anonymous_0)",
        "decl": {
          "start": {
            "line": 21,
            "column": 2
          },
          "end": {
            "line": 21,
            "column": 3
          }
        },
        "loc": {
          "start": {
            "line": 22,
            "column": 2
          },
          "end": {
            "line": 34,
            "column": 3
          }
        },
        "line": 22
      },
      "1": {
        "name": "(anonymous_1)",
        "decl": {
          "start": {
            "line": 22,
            "column": 2
          },
          "end": {
            "line": 22,
            "column": 3
          }
        },
        "loc": {
          "start": {
            "line": 22,
            "column": 45
          },
          "end": {
            "line": 34,
            "column": 3
          }
        },
        "line": 22
      },
      "2": {
        "name": "(anonymous_2)",
        "decl": {
          "start": {
            "line": 39,
            "column": 30
          },
          "end": {
            "line": 39,
            "column": 31
          }
        },
        "loc": {
          "start": {
            "line": 39,
            "column": 75
          },
          "end": {
            "line": 45,
            "column": 1
          }
        },
        "line": 39
      },
      "3": {
        "name": "(anonymous_3)",
        "decl": {
          "start": {
            "line": 41,
            "column": 21
          },
          "end": {
            "line": 41,
            "column": 22
          }
        },
        "loc": {
          "start": {
            "line": 41,
            "column": 31
          },
          "end": {
            "line": 43,
            "column": 3
          }
        },
        "line": 41
      }
    },
    "branchMap": {
      "0": {
        "loc": {
          "start": {
            "line": 22,
            "column": 14
          },
          "end": {
            "line": 22,
            "column": 24
          }
        },
        "type": "default-arg",
        "locations": [
          {
            "start": {
              "line": 22,
              "column": 22
            },
            "end": {
              "line": 22,
              "column": 24
            }
          }
        ],
        "line": 22
      },
      "1": {
        "loc": {
          "start": {
            "line": 23,
            "column": 4
          },
          "end": {
            "line": 25,
            "column": 5
          }
        },
        "type": "if",
        "locations": [
          {
            "start": {
              "line": 23,
              "column": 4
            },
            "end": {
              "line": 25,
              "column": 5
            }
          },
          {
            "start": {},
            "end": {}
          }
        ],
        "line": 23
      },
      "2": {
        "loc": {
          "start": {
            "line": 27,
            "column": 13
          },
          "end": {
            "line": 27,
            "column": 68
          }
        },
        "type": "binary-expr",
        "locations": [
          {
            "start": {
              "line": 27,
              "column": 13
            },
            "end": {
              "line": 27,
              "column": 18
            }
          },
          {
            "start": {
              "line": 27,
              "column": 22
            },
            "end": {
              "line": 27,
              "column": 68
            }
          }
        ],
        "line": 27
      }
    },
    "s": {
      "0": 116,
      "1": 116,
      "2": 3544,
      "3": 133,
      "4": 37,
      "5": 133,
      "6": 116,
      "7": 886,
      "8": 886,
      "9": 3544,
      "10": 886
    },
    "f": {
      "0": 3544,
      "1": 133,
      "2": 886,
      "3": 3544
    },
    "b": {
      "0": [133],
      "1": [37, 96],
      "2": [133, 70]
    },
    "_coverageSchema": "1a1c01bbd47fc00a2c39e90264f33305004495a9",
    "hash": "8a2271f60ad714a96003cb2a5b56f70199efd16a"
  },
  "/home/tim/github/witter/src/features/Modal/hooks/index.tsx": {
    "path": "/home/tim/github/witter/src/features/Modal/hooks/index.tsx",
    "statementMap": {},
    "fnMap": {},
    "branchMap": {},
    "s": {},
    "f": {},
    "b": {},
    "_coverageSchema": "1a1c01bbd47fc00a2c39e90264f33305004495a9",
    "hash": "b77fe63408e3a5c12f906f6b18f5608805525a0b"
  },
  "/home/tim/github/witter/src/features/ImageUploader/utils/cropper-functions.ts": {
    "path": "/home/tim/github/witter/src/features/ImageUploader/utils/cropper-functions.ts",
    "statementMap": {
      "0": {
        "start": {
          "line": 3,
          "column": 27
        },
        "end": {
          "line": 10,
          "column": 4
        }
      },
      "1": {
        "start": {
          "line": 4,
          "column": 2
        },
        "end": {
          "line": 10,
          "column": 4
        }
      },
      "2": {
        "start": {
          "line": 5,
          "column": 18
        },
        "end": {
          "line": 5,
          "column": 29
        }
      },
      "3": {
        "start": {
          "line": 6,
          "column": 4
        },
        "end": {
          "line": 6,
          "column": 57
        }
      },
      "4": {
        "start": {
          "line": 6,
          "column": 41
        },
        "end": {
          "line": 6,
          "column": 55
        }
      },
      "5": {
        "start": {
          "line": 7,
          "column": 4
        },
        "end": {
          "line": 7,
          "column": 62
        }
      },
      "6": {
        "start": {
          "line": 7,
          "column": 47
        },
        "end": {
          "line": 7,
          "column": 60
        }
      },
      "7": {
        "start": {
          "line": 9,
          "column": 4
        },
        "end": {
          "line": 9,
          "column": 20
        }
      },
      "8": {
        "start": {
          "line": 13,
          "column": 2
        },
        "end": {
          "line": 13,
          "column": 39
        }
      },
      "9": {
        "start": {
          "line": 20,
          "column": 17
        },
        "end": {
          "line": 20,
          "column": 41
        }
      },
      "10": {
        "start": {
          "line": 22,
          "column": 2
        },
        "end": {
          "line": 25,
          "column": 4
        }
      },
      "11": {
        "start": {
          "line": 44,
          "column": 56
        },
        "end": {
          "line": 117,
          "column": 1
        }
      },
      "12": {
        "start": {
          "line": 51,
          "column": 34
        },
        "end": {
          "line": 51,
          "column": 61
        }
      },
      "13": {
        "start": {
          "line": 52,
          "column": 17
        },
        "end": {
          "line": 52,
          "column": 49
        }
      },
      "14": {
        "start": {
          "line": 53,
          "column": 14
        },
        "end": {
          "line": 53,
          "column": 37
        }
      },
      "15": {
        "start": {
          "line": 55,
          "column": 2
        },
        "end": {
          "line": 57,
          "column": 3
        }
      },
      "16": {
        "start": {
          "line": 56,
          "column": 4
        },
        "end": {
          "line": 56,
          "column": 32
        }
      },
      "17": {
        "start": {
          "line": 59,
          "column": 17
        },
        "end": {
          "line": 59,
          "column": 41
        }
      },
      "18": {
        "start": {
          "line": 62,
          "column": 51
        },
        "end": {
          "line": 62,
          "column": 98
        }
      },
      "19": {
        "start": {
          "line": 65,
          "column": 2
        },
        "end": {
          "line": 65,
          "column": 27
        }
      },
      "20": {
        "start": {
          "line": 66,
          "column": 2
        },
        "end": {
          "line": 66,
          "column": 29
        }
      },
      "21": {
        "start": {
          "line": 69,
          "column": 2
        },
        "end": {
          "line": 69,
          "column": 47
        }
      },
      "22": {
        "start": {
          "line": 70,
          "column": 2
        },
        "end": {
          "line": 70,
          "column": 21
        }
      },
      "23": {
        "start": {
          "line": 71,
          "column": 2
        },
        "end": {
          "line": 71,
          "column": 62
        }
      },
      "24": {
        "start": {
          "line": 72,
          "column": 2
        },
        "end": {
          "line": 72,
          "column": 53
        }
      },
      "25": {
        "start": {
          "line": 75,
          "column": 2
        },
        "end": {
          "line": 75,
          "column": 29
        }
      },
      "26": {
        "start": {
          "line": 79,
          "column": 15
        },
        "end": {
          "line": 79,
          "column": 92
        }
      },
      "27": {
        "start": {
          "line": 82,
          "column": 2
        },
        "end": {
          "line": 82,
          "column": 33
        }
      },
      "28": {
        "start": {
          "line": 83,
          "column": 2
        },
        "end": {
          "line": 83,
          "column": 35
        }
      },
      "29": {
        "start": {
          "line": 84,
          "column": 19
        },
        "end": {
          "line": 84,
          "column": 38
        }
      },
      "30": {
        "start": {
          "line": 87,
          "column": 2
        },
        "end": {
          "line": 87,
          "column": 31
        }
      },
      "31": {
        "start": {
          "line": 88,
          "column": 2
        },
        "end": {
          "line": 98,
          "column": 3
        }
      },
      "32": {
        "start": {
          "line": 89,
          "column": 28
        },
        "end": {
          "line": 89,
          "column": 33
        }
      },
      "33": {
        "start": {
          "line": 90,
          "column": 4
        },
        "end": {
          "line": 90,
          "column": 52
        }
      },
      "34": {
        "start": {
          "line": 91,
          "column": 4
        },
        "end": {
          "line": 91,
          "column": 58
        }
      },
      "35": {
        "start": {
          "line": 92,
          "column": 4
        },
        "end": {
          "line": 92,
          "column": 37
        }
      },
      "36": {
        "start": {
          "line": 93,
          "column": 4
        },
        "end": {
          "line": 93,
          "column": 47
        }
      },
      "37": {
        "start": {
          "line": 94,
          "column": 4
        },
        "end": {
          "line": 94,
          "column": 52
        }
      },
      "38": {
        "start": {
          "line": 95,
          "column": 4
        },
        "end": {
          "line": 95,
          "column": 20
        }
      },
      "39": {
        "start": {
          "line": 96,
          "column": 4
        },
        "end": {
          "line": 96,
          "column": 83
        }
      },
      "40": {
        "start": {
          "line": 97,
          "column": 4
        },
        "end": {
          "line": 97,
          "column": 15
        }
      },
      "41": {
        "start": {
          "line": 103,
          "column": 2
        },
        "end": {
          "line": 116,
          "column": 5
        }
      },
      "42": {
        "start": {
          "line": 104,
          "column": 4
        },
        "end": {
          "line": 115,
          "column": 7
        }
      },
      "43": {
        "start": {
          "line": 105,
          "column": 6
        },
        "end": {
          "line": 114,
          "column": 7
        }
      },
      "44": {
        "start": {
          "line": 106,
          "column": 21
        },
        "end": {
          "line": 108,
          "column": 10
        }
      },
      "45": {
        "start": {
          "line": 109,
          "column": 8
        },
        "end": {
          "line": 109,
          "column": 22
        }
      },
      "46": {
        "start": {
          "line": 113,
          "column": 8
        },
        "end": {
          "line": 113,
          "column": 45
        }
      },
      "47": {
        "start": {
          "line": 120,
          "column": 16
        },
        "end": {
          "line": 120,
          "column": 43
        }
      },
      "48": {
        "start": {
          "line": 121,
          "column": 17
        },
        "end": {
          "line": 121,
          "column": 49
        }
      },
      "49": {
        "start": {
          "line": 122,
          "column": 14
        },
        "end": {
          "line": 122,
          "column": 37
        }
      },
      "50": {
        "start": {
          "line": 124,
          "column": 29
        },
        "end": {
          "line": 124,
          "column": 105
        }
      },
      "51": {
        "start": {
          "line": 125,
          "column": 2
        },
        "end": {
          "line": 131,
          "column": 3
        }
      },
      "52": {
        "start": {
          "line": 126,
          "column": 4
        },
        "end": {
          "line": 126,
          "column": 32
        }
      },
      "53": {
        "start": {
          "line": 127,
          "column": 4
        },
        "end": {
          "line": 127,
          "column": 32
        }
      },
      "54": {
        "start": {
          "line": 129,
          "column": 4
        },
        "end": {
          "line": 129,
          "column": 31
        }
      },
      "55": {
        "start": {
          "line": 130,
          "column": 4
        },
        "end": {
          "line": 130,
          "column": 33
        }
      },
      "56": {
        "start": {
          "line": 133,
          "column": 2
        },
        "end": {
          "line": 137,
          "column": 3
        }
      },
      "57": {
        "start": {
          "line": 134,
          "column": 4
        },
        "end": {
          "line": 134,
          "column": 55
        }
      },
      "58": {
        "start": {
          "line": 135,
          "column": 4
        },
        "end": {
          "line": 135,
          "column": 43
        }
      },
      "59": {
        "start": {
          "line": 136,
          "column": 4
        },
        "end": {
          "line": 136,
          "column": 62
        }
      },
      "60": {
        "start": {
          "line": 139,
          "column": 2
        },
        "end": {
          "line": 147,
          "column": 5
        }
      },
      "61": {
        "start": {
          "line": 140,
          "column": 4
        },
        "end": {
          "line": 146,
          "column": 20
        }
      },
      "62": {
        "start": {
          "line": 141,
          "column": 6
        },
        "end": {
          "line": 145,
          "column": 7
        }
      },
      "63": {
        "start": {
          "line": 142,
          "column": 8
        },
        "end": {
          "line": 142,
          "column": 43
        }
      },
      "64": {
        "start": {
          "line": 144,
          "column": 8
        },
        "end": {
          "line": 144,
          "column": 45
        }
      }
    },
    "fnMap": {
      "0": {
        "name": "(anonymous_0)",
        "decl": {
          "start": {
            "line": 3,
            "column": 27
          },
          "end": {
            "line": 3,
            "column": 28
          }
        },
        "loc": {
          "start": {
            "line": 4,
            "column": 2
          },
          "end": {
            "line": 10,
            "column": 4
          }
        },
        "line": 4
      },
      "1": {
        "name": "(anonymous_1)",
        "decl": {
          "start": {
            "line": 4,
            "column": 14
          },
          "end": {
            "line": 4,
            "column": 15
          }
        },
        "loc": {
          "start": {
            "line": 4,
            "column": 35
          },
          "end": {
            "line": 10,
            "column": 3
          }
        },
        "line": 4
      },
      "2": {
        "name": "(anonymous_2)",
        "decl": {
          "start": {
            "line": 6,
            "column": 35
          },
          "end": {
            "line": 6,
            "column": 36
          }
        },
        "loc": {
          "start": {
            "line": 6,
            "column": 41
          },
          "end": {
            "line": 6,
            "column": 55
          }
        },
        "line": 6
      },
      "3": {
        "name": "(anonymous_3)",
        "decl": {
          "start": {
            "line": 7,
            "column": 36
          },
          "end": {
            "line": 7,
            "column": 37
          }
        },
        "loc": {
          "start": {
            "line": 7,
            "column": 47
          },
          "end": {
            "line": 7,
            "column": 60
          }
        },
        "line": 7
      },
      "4": {
        "name": "getRadianAngle",
        "decl": {
          "start": {
            "line": 12,
            "column": 16
          },
          "end": {
            "line": 12,
            "column": 30
          }
        },
        "loc": {
          "start": {
            "line": 12,
            "column": 52
          },
          "end": {
            "line": 14,
            "column": 1
          }
        },
        "line": 12
      },
      "5": {
        "name": "rotateSize",
        "decl": {
          "start": {
            "line": 19,
            "column": 16
          },
          "end": {
            "line": 19,
            "column": 26
          }
        },
        "loc": {
          "start": {
            "line": 19,
            "column": 76
          },
          "end": {
            "line": 26,
            "column": 1
          }
        },
        "line": 19
      },
      "6": {
        "name": "(anonymous_6)",
        "decl": {
          "start": {
            "line": 44,
            "column": 56
          },
          "end": {
            "line": 44,
            "column": 57
          }
        },
        "loc": {
          "start": {
            "line": 50,
            "column": 6
          },
          "end": {
            "line": 117,
            "column": 1
          }
        },
        "line": 50
      },
      "7": {
        "name": "(anonymous_7)",
        "decl": {
          "start": {
            "line": 103,
            "column": 21
          },
          "end": {
            "line": 103,
            "column": 22
          }
        },
        "loc": {
          "start": {
            "line": 103,
            "column": 42
          },
          "end": {
            "line": 116,
            "column": 3
          }
        },
        "line": 103
      },
      "8": {
        "name": "(anonymous_8)",
        "decl": {
          "start": {
            "line": 104,
            "column": 18
          },
          "end": {
            "line": 104,
            "column": 19
          }
        },
        "loc": {
          "start": {
            "line": 104,
            "column": 28
          },
          "end": {
            "line": 115,
            "column": 5
          }
        },
        "line": 104
      },
      "9": {
        "name": "getRotatedImage",
        "decl": {
          "start": {
            "line": 119,
            "column": 22
          },
          "end": {
            "line": 119,
            "column": 37
          }
        },
        "loc": {
          "start": {
            "line": 119,
            "column": 87
          },
          "end": {
            "line": 148,
            "column": 1
          }
        },
        "line": 119
      },
      "10": {
        "name": "(anonymous_10)",
        "decl": {
          "start": {
            "line": 139,
            "column": 21
          },
          "end": {
            "line": 139,
            "column": 22
          }
        },
        "loc": {
          "start": {
            "line": 139,
            "column": 42
          },
          "end": {
            "line": 147,
            "column": 3
          }
        },
        "line": 139
      },
      "11": {
        "name": "(anonymous_11)",
        "decl": {
          "start": {
            "line": 140,
            "column": 18
          },
          "end": {
            "line": 140,
            "column": 19
          }
        },
        "loc": {
          "start": {
            "line": 140,
            "column": 41
          },
          "end": {
            "line": 146,
            "column": 5
          }
        },
        "line": 140
      }
    },
    "branchMap": {
      "0": {
        "loc": {
          "start": {
            "line": 47,
            "column": 2
          },
          "end": {
            "line": 47,
            "column": 14
          }
        },
        "type": "default-arg",
        "locations": [
          {
            "start": {
              "line": 47,
              "column": 13
            },
            "end": {
              "line": 47,
              "column": 14
            }
          }
        ],
        "line": 47
      },
      "1": {
        "loc": {
          "start": {
            "line": 48,
            "column": 2
          },
          "end": {
            "line": 48,
            "column": 47
          }
        },
        "type": "default-arg",
        "locations": [
          {
            "start": {
              "line": 48,
              "column": 9
            },
            "end": {
              "line": 48,
              "column": 47
            }
          }
        ],
        "line": 48
      },
      "2": {
        "loc": {
          "start": {
            "line": 49,
            "column": 2
          },
          "end": {
            "line": 49,
            "column": 16
          }
        },
        "type": "default-arg",
        "locations": [
          {
            "start": {
              "line": 49,
              "column": 10
            },
            "end": {
              "line": 49,
              "column": 16
            }
          }
        ],
        "line": 49
      },
      "3": {
        "loc": {
          "start": {
            "line": 55,
            "column": 2
          },
          "end": {
            "line": 57,
            "column": 3
          }
        },
        "type": "if",
        "locations": [
          {
            "start": {
              "line": 55,
              "column": 2
            },
            "end": {
              "line": 57,
              "column": 3
            }
          },
          {
            "start": {},
            "end": {}
          }
        ],
        "line": 55
      },
      "4": {
        "loc": {
          "start": {
            "line": 71,
            "column": 12
          },
          "end": {
            "line": 71,
            "column": 36
          }
        },
        "type": "cond-expr",
        "locations": [
          {
            "start": {
              "line": 71,
              "column": 30
            },
            "end": {
              "line": 71,
              "column": 32
            }
          },
          {
            "start": {
              "line": 71,
              "column": 35
            },
            "end": {
              "line": 71,
              "column": 36
            }
          }
        ],
        "line": 71
      },
      "5": {
        "loc": {
          "start": {
            "line": 71,
            "column": 38
          },
          "end": {
            "line": 71,
            "column": 60
          }
        },
        "type": "cond-expr",
        "locations": [
          {
            "start": {
              "line": 71,
              "column": 54
            },
            "end": {
              "line": 71,
              "column": 56
            }
          },
          {
            "start": {
              "line": 71,
              "column": 59
            },
            "end": {
              "line": 71,
              "column": 60
            }
          }
        ],
        "line": 71
      },
      "6": {
        "loc": {
          "start": {
            "line": 88,
            "column": 2
          },
          "end": {
            "line": 98,
            "column": 3
          }
        },
        "type": "if",
        "locations": [
          {
            "start": {
              "line": 88,
              "column": 2
            },
            "end": {
              "line": 98,
              "column": 3
            }
          },
          {
            "start": {},
            "end": {}
          }
        ],
        "line": 88
      },
      "7": {
        "loc": {
          "start": {
            "line": 105,
            "column": 6
          },
          "end": {
            "line": 114,
            "column": 7
          }
        },
        "type": "if",
        "locations": [
          {
            "start": {
              "line": 105,
              "column": 6
            },
            "end": {
              "line": 114,
              "column": 7
            }
          },
          {
            "start": {
              "line": 112,
              "column": 13
            },
            "end": {
              "line": 114,
              "column": 7
            }
          }
        ],
        "line": 105
      },
      "8": {
        "loc": {
          "start": {
            "line": 119,
            "column": 56
          },
          "end": {
            "line": 119,
            "column": 68
          }
        },
        "type": "default-arg",
        "locations": [
          {
            "start": {
              "line": 119,
              "column": 67
            },
            "end": {
              "line": 119,
              "column": 68
            }
          }
        ],
        "line": 119
      },
      "9": {
        "loc": {
          "start": {
            "line": 124,
            "column": 29
          },
          "end": {
            "line": 124,
            "column": 105
          }
        },
        "type": "binary-expr",
        "locations": [
          {
            "start": {
              "line": 124,
              "column": 29
            },
            "end": {
              "line": 124,
              "column": 44
            }
          },
          {
            "start": {
              "line": 124,
              "column": 48
            },
            "end": {
              "line": 124,
              "column": 64
            }
          },
          {
            "start": {
              "line": 124,
              "column": 68
            },
            "end": {
              "line": 124,
              "column": 84
            }
          },
          {
            "start": {
              "line": 124,
              "column": 88
            },
            "end": {
              "line": 124,
              "column": 105
            }
          }
        ],
        "line": 124
      },
      "10": {
        "loc": {
          "start": {
            "line": 125,
            "column": 2
          },
          "end": {
            "line": 131,
            "column": 3
          }
        },
        "type": "if",
        "locations": [
          {
            "start": {
              "line": 125,
              "column": 2
            },
            "end": {
              "line": 131,
              "column": 3
            }
          },
          {
            "start": {
              "line": 128,
              "column": 9
            },
            "end": {
              "line": 131,
              "column": 3
            }
          }
        ],
        "line": 125
      },
      "11": {
        "loc": {
          "start": {
            "line": 133,
            "column": 2
          },
          "end": {
            "line": 137,
            "column": 3
          }
        },
        "type": "if",
        "locations": [
          {
            "start": {
              "line": 133,
              "column": 2
            },
            "end": {
              "line": 137,
              "column": 3
            }
          },
          {
            "start": {},
            "end": {}
          }
        ],
        "line": 133
      },
      "12": {
        "loc": {
          "start": {
            "line": 141,
            "column": 6
          },
          "end": {
            "line": 145,
            "column": 7
          }
        },
        "type": "if",
        "locations": [
          {
            "start": {
              "line": 141,
              "column": 6
            },
            "end": {
              "line": 145,
              "column": 7
            }
          },
          {
            "start": {
              "line": 143,
              "column": 13
            },
            "end": {
              "line": 145,
              "column": 7
            }
          }
        ],
        "line": 141
      }
    },
    "s": {
      "0": 116,
      "1": 46,
      "2": 46,
      "3": 46,
      "4": 46,
      "5": 46,
      "6": 0,
      "7": 46,
      "8": 46,
      "9": 23,
      "10": 23,
      "11": 116,
      "12": 23,
      "13": 23,
      "14": 23,
      "15": 23,
      "16": 0,
      "17": 23,
      "18": 23,
      "19": 23,
      "20": 23,
      "21": 23,
      "22": 23,
      "23": 23,
      "24": 23,
      "25": 23,
      "26": 23,
      "27": 23,
      "28": 23,
      "29": 23,
      "30": 23,
      "31": 23,
      "32": 18,
      "33": 18,
      "34": 18,
      "35": 18,
      "36": 18,
      "37": 18,
      "38": 18,
      "39": 18,
      "40": 18,
      "41": 23,
      "42": 23,
      "43": 23,
      "44": 23,
      "45": 23,
      "46": 0,
      "47": 0,
      "48": 0,
      "49": 0,
      "50": 0,
      "51": 0,
      "52": 0,
      "53": 0,
      "54": 0,
      "55": 0,
      "56": 0,
      "57": 0,
      "58": 0,
      "59": 0,
      "60": 0,
      "61": 0,
      "62": 0,
      "63": 0,
      "64": 0
    },
    "f": {
      "0": 46,
      "1": 46,
      "2": 46,
      "3": 0,
      "4": 46,
      "5": 23,
      "6": 23,
      "7": 23,
      "8": 23,
      "9": 0,
      "10": 0,
      "11": 0
    },
    "b": {
      "0": [0],
      "1": [23],
      "2": [0],
      "3": [0, 23],
      "4": [0, 23],
      "5": [0, 23],
      "6": [18, 5],
      "7": [23, 0],
      "8": [0],
      "9": [0, 0, 0, 0],
      "10": [0, 0],
      "11": [0, 0],
      "12": [0, 0]
    },
    "_coverageSchema": "1a1c01bbd47fc00a2c39e90264f33305004495a9",
    "hash": "57d3c7a08704e1bbe4ca2d40ae25d3c7d8121859"
  },
  "/home/tim/github/witter/src/features/ImageUploader/utils/image-uploader.constants.ts": {
    "path": "/home/tim/github/witter/src/features/ImageUploader/utils/image-uploader.constants.ts",
    "statementMap": {
      "0": {
        "start": {
          "line": 1,
          "column": 35
        },
        "end": {
          "line": 4,
          "column": 1
        }
      },
      "1": {
        "start": {
          "line": 6,
          "column": 36
        },
        "end": {
          "line": 10,
          "column": 1
        }
      },
      "2": {
        "start": {
          "line": 12,
          "column": 24
        },
        "end": {
          "line": 12,
          "column": 31
        }
      },
      "3": {
        "start": {
          "line": 13,
          "column": 29
        },
        "end": {
          "line": 13,
          "column": 30
        }
      }
    },
    "fnMap": {},
    "branchMap": {},
    "s": {
      "0": 116,
      "1": 116,
      "2": 116,
      "3": 116
    },
    "f": {},
    "b": {},
    "_coverageSchema": "1a1c01bbd47fc00a2c39e90264f33305004495a9",
    "hash": "64d2adf36796e0c162066d6ea6ff0792cc2b4de3"
  },
  "/home/tim/github/witter/src/features/ImageUploader/utils/image-uploader-functions.ts": {
    "path": "/home/tim/github/witter/src/features/ImageUploader/utils/image-uploader-functions.ts",
    "statementMap": {
      "0": {
        "start": {
          "line": 5,
          "column": 2
        },
        "end": {
          "line": 10,
          "column": 3
        }
      },
      "1": {
        "start": {
          "line": 6,
          "column": 4
        },
        "end": {
          "line": 9,
          "column": 6
        }
      },
      "2": {
        "start": {
          "line": 12,
          "column": 2
        },
        "end": {
          "line": 17,
          "column": 3
        }
      },
      "3": {
        "start": {
          "line": 13,
          "column": 4
        },
        "end": {
          "line": 16,
          "column": 6
        }
      },
      "4": {
        "start": {
          "line": 19,
          "column": 14
        },
        "end": {
          "line": 19,
          "column": 25
        }
      },
      "5": {
        "start": {
          "line": 20,
          "column": 2
        },
        "end": {
          "line": 20,
          "column": 38
        }
      },
      "6": {
        "start": {
          "line": 21,
          "column": 2
        },
        "end": {
          "line": 29,
          "column": 4
        }
      },
      "7": {
        "start": {
          "line": 22,
          "column": 4
        },
        "end": {
          "line": 27,
          "column": 5
        }
      },
      "8": {
        "start": {
          "line": 23,
          "column": 6
        },
        "end": {
          "line": 26,
          "column": 8
        }
      },
      "9": {
        "start": {
          "line": 28,
          "column": 4
        },
        "end": {
          "line": 28,
          "column": 33
        }
      },
      "10": {
        "start": {
          "line": 31,
          "column": 2
        },
        "end": {
          "line": 31,
          "column": 14
        }
      },
      "11": {
        "start": {
          "line": 34,
          "column": 54
        },
        "end": {
          "line": 53,
          "column": 1
        }
      },
      "12": {
        "start": {
          "line": 40,
          "column": 2
        },
        "end": {
          "line": 52,
          "column": 3
        }
      },
      "13": {
        "start": {
          "line": 41,
          "column": 22
        },
        "end": {
          "line": 48,
          "column": 5
        }
      },
      "14": {
        "start": {
          "line": 49,
          "column": 4
        },
        "end": {
          "line": 49,
          "column": 39
        }
      },
      "15": {
        "start": {
          "line": 51,
          "column": 4
        },
        "end": {
          "line": 51,
          "column": 16
        }
      },
      "16": {
        "start": {
          "line": 55,
          "column": 24
        },
        "end": {
          "line": 59,
          "column": 1
        }
      },
      "17": {
        "start": {
          "line": 56,
          "column": 2
        },
        "end": {
          "line": 58,
          "column": 3
        }
      },
      "18": {
        "start": {
          "line": 57,
          "column": 4
        },
        "end": {
          "line": 57,
          "column": 29
        }
      },
      "19": {
        "start": {
          "line": 61,
          "column": 24
        },
        "end": {
          "line": 71,
          "column": 4
        }
      },
      "20": {
        "start": {
          "line": 62,
          "column": 2
        },
        "end": {
          "line": 71,
          "column": 4
        }
      },
      "21": {
        "start": {
          "line": 63,
          "column": 19
        },
        "end": {
          "line": 63,
          "column": 35
        }
      },
      "22": {
        "start": {
          "line": 64,
          "column": 4
        },
        "end": {
          "line": 66,
          "column": 6
        }
      },
      "23": {
        "start": {
          "line": 65,
          "column": 6
        },
        "end": {
          "line": 65,
          "column": 39
        }
      },
      "24": {
        "start": {
          "line": 67,
          "column": 4
        },
        "end": {
          "line": 69,
          "column": 6
        }
      },
      "25": {
        "start": {
          "line": 68,
          "column": 6
        },
        "end": {
          "line": 68,
          "column": 20
        }
      },
      "26": {
        "start": {
          "line": 70,
          "column": 4
        },
        "end": {
          "line": 70,
          "column": 31
        }
      },
      "27": {
        "start": {
          "line": 73,
          "column": 26
        },
        "end": {
          "line": 79,
          "column": 1
        }
      },
      "28": {
        "start": {
          "line": 74,
          "column": 22
        },
        "end": {
          "line": 74,
          "column": 90
        }
      },
      "29": {
        "start": {
          "line": 75,
          "column": 2
        },
        "end": {
          "line": 78,
          "column": 4
        }
      }
    },
    "fnMap": {
      "0": {
        "name": "sizeValidator",
        "decl": {
          "start": {
            "line": 4,
            "column": 16
          },
          "end": {
            "line": 4,
            "column": 29
          }
        },
        "loc": {
          "start": {
            "line": 4,
            "column": 42
          },
          "end": {
            "line": 32,
            "column": 1
          }
        },
        "line": 4
      },
      "1": {
        "name": "(anonymous_1)",
        "decl": {
          "start": {
            "line": 21,
            "column": 15
          },
          "end": {
            "line": 21,
            "column": 16
          }
        },
        "loc": {
          "start": {
            "line": 21,
            "column": 21
          },
          "end": {
            "line": 29,
            "column": 3
          }
        },
        "line": 21
      },
      "2": {
        "name": "(anonymous_2)",
        "decl": {
          "start": {
            "line": 34,
            "column": 54
          },
          "end": {
            "line": 34,
            "column": 55
          }
        },
        "loc": {
          "start": {
            "line": 39,
            "column": 6
          },
          "end": {
            "line": 53,
            "column": 1
          }
        },
        "line": 39
      },
      "3": {
        "name": "(anonymous_3)",
        "decl": {
          "start": {
            "line": 55,
            "column": 24
          },
          "end": {
            "line": 55,
            "column": 25
          }
        },
        "loc": {
          "start": {
            "line": 55,
            "column": 48
          },
          "end": {
            "line": 59,
            "column": 1
          }
        },
        "line": 55
      },
      "4": {
        "name": "(anonymous_4)",
        "decl": {
          "start": {
            "line": 61,
            "column": 24
          },
          "end": {
            "line": 61,
            "column": 25
          }
        },
        "loc": {
          "start": {
            "line": 62,
            "column": 2
          },
          "end": {
            "line": 71,
            "column": 4
          }
        },
        "line": 62
      },
      "5": {
        "name": "(anonymous_5)",
        "decl": {
          "start": {
            "line": 62,
            "column": 22
          },
          "end": {
            "line": 62,
            "column": 23
          }
        },
        "loc": {
          "start": {
            "line": 62,
            "column": 43
          },
          "end": {
            "line": 71,
            "column": 3
          }
        },
        "line": 62
      },
      "6": {
        "name": "(anonymous_6)",
        "decl": {
          "start": {
            "line": 64,
            "column": 20
          },
          "end": {
            "line": 64,
            "column": 21
          }
        },
        "loc": {
          "start": {
            "line": 64,
            "column": 26
          },
          "end": {
            "line": 66,
            "column": 5
          }
        },
        "line": 64
      },
      "7": {
        "name": "(anonymous_7)",
        "decl": {
          "start": {
            "line": 67,
            "column": 21
          },
          "end": {
            "line": 67,
            "column": 22
          }
        },
        "loc": {
          "start": {
            "line": 67,
            "column": 32
          },
          "end": {
            "line": 69,
            "column": 5
          }
        },
        "line": 67
      },
      "8": {
        "name": "(anonymous_8)",
        "decl": {
          "start": {
            "line": 73,
            "column": 26
          },
          "end": {
            "line": 73,
            "column": 27
          }
        },
        "loc": {
          "start": {
            "line": 73,
            "column": 103
          },
          "end": {
            "line": 79,
            "column": 1
          }
        },
        "line": 73
      }
    },
    "branchMap": {
      "0": {
        "loc": {
          "start": {
            "line": 5,
            "column": 2
          },
          "end": {
            "line": 10,
            "column": 3
          }
        },
        "type": "if",
        "locations": [
          {
            "start": {
              "line": 5,
              "column": 2
            },
            "end": {
              "line": 10,
              "column": 3
            }
          },
          {
            "start": {},
            "end": {}
          }
        ],
        "line": 5
      },
      "1": {
        "loc": {
          "start": {
            "line": 12,
            "column": 2
          },
          "end": {
            "line": 17,
            "column": 3
          }
        },
        "type": "if",
        "locations": [
          {
            "start": {
              "line": 12,
              "column": 2
            },
            "end": {
              "line": 17,
              "column": 3
            }
          },
          {
            "start": {},
            "end": {}
          }
        ],
        "line": 12
      },
      "2": {
        "loc": {
          "start": {
            "line": 12,
            "column": 6
          },
          "end": {
            "line": 12,
            "column": 61
          }
        },
        "type": "binary-expr",
        "locations": [
          {
            "start": {
              "line": 12,
              "column": 6
            },
            "end": {
              "line": 12,
              "column": 31
            }
          },
          {
            "start": {
              "line": 12,
              "column": 35
            },
            "end": {
              "line": 12,
              "column": 61
            }
          }
        ],
        "line": 12
      },
      "3": {
        "loc": {
          "start": {
            "line": 22,
            "column": 4
          },
          "end": {
            "line": 27,
            "column": 5
          }
        },
        "type": "if",
        "locations": [
          {
            "start": {
              "line": 22,
              "column": 4
            },
            "end": {
              "line": 27,
              "column": 5
            }
          },
          {
            "start": {},
            "end": {}
          }
        ],
        "line": 22
      },
      "4": {
        "loc": {
          "start": {
            "line": 22,
            "column": 8
          },
          "end": {
            "line": 22,
            "column": 43
          }
        },
        "type": "binary-expr",
        "locations": [
          {
            "start": {
              "line": 22,
              "column": 8
            },
            "end": {
              "line": 22,
              "column": 23
            }
          },
          {
            "start": {
              "line": 22,
              "column": 27
            },
            "end": {
              "line": 22,
              "column": 43
            }
          }
        ],
        "line": 22
      },
      "5": {
        "loc": {
          "start": {
            "line": 40,
            "column": 2
          },
          "end": {
            "line": 52,
            "column": 3
          }
        },
        "type": "if",
        "locations": [
          {
            "start": {
              "line": 40,
              "column": 2
            },
            "end": {
              "line": 52,
              "column": 3
            }
          },
          {
            "start": {
              "line": 50,
              "column": 9
            },
            "end": {
              "line": 52,
              "column": 3
            }
          }
        ],
        "line": 40
      },
      "6": {
        "loc": {
          "start": {
            "line": 56,
            "column": 2
          },
          "end": {
            "line": 58,
            "column": 3
          }
        },
        "type": "if",
        "locations": [
          {
            "start": {
              "line": 56,
              "column": 2
            },
            "end": {
              "line": 58,
              "column": 3
            }
          },
          {
            "start": {},
            "end": {}
          }
        ],
        "line": 56
      }
    },
    "s": {
      "0": 23,
      "1": 0,
      "2": 23,
      "3": 0,
      "4": 23,
      "5": 23,
      "6": 23,
      "7": 23,
      "8": 0,
      "9": 23,
      "10": 23,
      "11": 116,
      "12": 23,
      "13": 23,
      "14": 23,
      "15": 0,
      "16": 116,
      "17": 68,
      "18": 28,
      "19": 116,
      "20": 23,
      "21": 23,
      "22": 23,
      "23": 23,
      "24": 23,
      "25": 0,
      "26": 23,
      "27": 116,
      "28": 0,
      "29": 0
    },
    "f": {
      "0": 23,
      "1": 23,
      "2": 23,
      "3": 68,
      "4": 23,
      "5": 23,
      "6": 23,
      "7": 0,
      "8": 0
    },
    "b": {
      "0": [0, 23],
      "1": [0, 23],
      "2": [23, 23],
      "3": [0, 23],
      "4": [23, 23],
      "5": [23, 0],
      "6": [28, 40]
    },
    "_coverageSchema": "1a1c01bbd47fc00a2c39e90264f33305004495a9",
    "hash": "715bce86f8a61810d220d482dbd1fb4cafb39fb6"
  },
  "/home/tim/github/witter/src/features/ImageUploader/stores/ImageUploaderContext.tsx": {
    "path": "/home/tim/github/witter/src/features/ImageUploader/stores/ImageUploaderContext.tsx",
    "statementMap": {
      "0": {
        "start": {
          "line": 10,
          "column": 28
        },
        "end": {
          "line": 13,
          "column": 1
        }
      },
      "1": {
        "start": {
          "line": 15,
          "column": 36
        },
        "end": {
          "line": 19,
          "column": 1
        }
      },
      "2": {
        "start": {
          "line": 23,
          "column": 2
        },
        "end": {
          "line": 23,
          "column": 52
        }
      },
      "3": {
        "start": {
          "line": 24,
          "column": 0
        },
        "end": {
          "line": 24,
          "column": 58
        }
      },
      "4": {
        "start": {
          "line": 33,
          "column": 37
        },
        "end": {
          "line": 144,
          "column": 1
        }
      },
      "5": {
        "start": {
          "line": 38,
          "column": 26
        },
        "end": {
          "line": 38,
          "column": 53
        }
      },
      "6": {
        "start": {
          "line": 39,
          "column": 36
        },
        "end": {
          "line": 39,
          "column": 70
        }
      },
      "7": {
        "start": {
          "line": 41,
          "column": 32
        },
        "end": {
          "line": 41,
          "column": 61
        }
      },
      "8": {
        "start": {
          "line": 42,
          "column": 28
        },
        "end": {
          "line": 42,
          "column": 60
        }
      },
      "9": {
        "start": {
          "line": 43,
          "column": 56
        },
        "end": {
          "line": 43,
          "column": 67
        }
      },
      "10": {
        "start": {
          "line": 44,
          "column": 65
        },
        "end": {
          "line": 44,
          "column": 82
        }
      },
      "11": {
        "start": {
          "line": 45,
          "column": 42
        },
        "end": {
          "line": 45,
          "column": 86
        }
      },
      "12": {
        "start": {
          "line": 46,
          "column": 38
        },
        "end": {
          "line": 49,
          "column": 4
        }
      },
      "13": {
        "start": {
          "line": 50,
          "column": 87
        },
        "end": {
          "line": 55,
          "column": 4
        }
      },
      "14": {
        "start": {
          "line": 57,
          "column": 21
        },
        "end": {
          "line": 86,
          "column": 8
        }
      },
      "15": {
        "start": {
          "line": 58,
          "column": 4
        },
        "end": {
          "line": 84,
          "column": 5
        }
      },
      "16": {
        "start": {
          "line": 59,
          "column": 26
        },
        "end": {
          "line": 59,
          "column": 83
        }
      },
      "17": {
        "start": {
          "line": 60,
          "column": 19
        },
        "end": {
          "line": 60,
          "column": 39
        }
      },
      "18": {
        "start": {
          "line": 61,
          "column": 20
        },
        "end": {
          "line": 61,
          "column": 45
        }
      },
      "19": {
        "start": {
          "line": 63,
          "column": 6
        },
        "end": {
          "line": 63,
          "column": 63
        }
      },
      "20": {
        "start": {
          "line": 63,
          "column": 35
        },
        "end": {
          "line": 63,
          "column": 61
        }
      },
      "21": {
        "start": {
          "line": 64,
          "column": 6
        },
        "end": {
          "line": 64,
          "column": 66
        }
      },
      "22": {
        "start": {
          "line": 65,
          "column": 23
        },
        "end": {
          "line": 65,
          "column": 61
        }
      },
      "23": {
        "start": {
          "line": 67,
          "column": 6
        },
        "end": {
          "line": 70,
          "column": 7
        }
      },
      "24": {
        "start": {
          "line": 69,
          "column": 8
        },
        "end": {
          "line": 69,
          "column": 57
        }
      },
      "25": {
        "start": {
          "line": 71,
          "column": 6
        },
        "end": {
          "line": 71,
          "column": 25
        }
      },
      "26": {
        "start": {
          "line": 72,
          "column": 6
        },
        "end": {
          "line": 72,
          "column": 20
        }
      },
      "27": {
        "start": {
          "line": 73,
          "column": 6
        },
        "end": {
          "line": 73,
          "column": 25
        }
      },
      "28": {
        "start": {
          "line": 74,
          "column": 6
        },
        "end": {
          "line": 74,
          "column": 18
        }
      },
      "29": {
        "start": {
          "line": 76,
          "column": 6
        },
        "end": {
          "line": 76,
          "column": 27
        }
      },
      "30": {
        "start": {
          "line": 77,
          "column": 6
        },
        "end": {
          "line": 77,
          "column": 24
        }
      },
      "31": {
        "start": {
          "line": 78,
          "column": 6
        },
        "end": {
          "line": 78,
          "column": 23
        }
      },
      "32": {
        "start": {
          "line": 79,
          "column": 6
        },
        "end": {
          "line": 79,
          "column": 20
        }
      },
      "33": {
        "start": {
          "line": 80,
          "column": 6
        },
        "end": {
          "line": 83,
          "column": 9
        }
      },
      "34": {
        "start": {
          "line": 87,
          "column": 2
        },
        "end": {
          "line": 95,
          "column": 9
        }
      },
      "35": {
        "start": {
          "line": 88,
          "column": 4
        },
        "end": {
          "line": 93,
          "column": 6
        }
      },
      "36": {
        "start": {
          "line": 89,
          "column": 6
        },
        "end": {
          "line": 89,
          "column": 24
        }
      },
      "37": {
        "start": {
          "line": 90,
          "column": 6
        },
        "end": {
          "line": 90,
          "column": 20
        }
      },
      "38": {
        "start": {
          "line": 91,
          "column": 6
        },
        "end": {
          "line": 91,
          "column": 23
        }
      },
      "39": {
        "start": {
          "line": 92,
          "column": 6
        },
        "end": {
          "line": 92,
          "column": 21
        }
      },
      "40": {
        "start": {
          "line": 97,
          "column": 20
        },
        "end": {
          "line": 103,
          "column": 3
        }
      },
      "41": {
        "start": {
          "line": 98,
          "column": 4
        },
        "end": {
          "line": 98,
          "column": 22
        }
      },
      "42": {
        "start": {
          "line": 99,
          "column": 4
        },
        "end": {
          "line": 99,
          "column": 18
        }
      },
      "43": {
        "start": {
          "line": 100,
          "column": 4
        },
        "end": {
          "line": 100,
          "column": 21
        }
      },
      "44": {
        "start": {
          "line": 101,
          "column": 4
        },
        "end": {
          "line": 101,
          "column": 19
        }
      },
      "45": {
        "start": {
          "line": 102,
          "column": 4
        },
        "end": {
          "line": 102,
          "column": 26
        }
      },
      "46": {
        "start": {
          "line": 105,
          "column": 2
        },
        "end": {
          "line": 115,
          "column": 38
        }
      },
      "47": {
        "start": {
          "line": 106,
          "column": 4
        },
        "end": {
          "line": 109,
          "column": 5
        }
      },
      "48": {
        "start": {
          "line": 107,
          "column": 6
        },
        "end": {
          "line": 107,
          "column": 44
        }
      },
      "49": {
        "start": {
          "line": 108,
          "column": 6
        },
        "end": {
          "line": 108,
          "column": 20
        }
      },
      "50": {
        "start": {
          "line": 110,
          "column": 4
        },
        "end": {
          "line": 113,
          "column": 5
        }
      },
      "51": {
        "start": {
          "line": 111,
          "column": 6
        },
        "end": {
          "line": 111,
          "column": 56
        }
      },
      "52": {
        "start": {
          "line": 112,
          "column": 6
        },
        "end": {
          "line": 112,
          "column": 21
        }
      },
      "53": {
        "start": {
          "line": 117,
          "column": 2
        },
        "end": {
          "line": 143,
          "column": 4
        }
      }
    },
    "fnMap": {
      "0": {
        "name": "(anonymous_0)",
        "decl": {
          "start": {
            "line": 33,
            "column": 37
          },
          "end": {
            "line": 33,
            "column": 38
          }
        },
        "loc": {
          "start": {
            "line": 37,
            "column": 34
          },
          "end": {
            "line": 144,
            "column": 1
          }
        },
        "line": 37
      },
      "1": {
        "name": "(anonymous_1)",
        "decl": {
          "start": {
            "line": 57,
            "column": 33
          },
          "end": {
            "line": 57,
            "column": 34
          }
        },
        "loc": {
          "start": {
            "line": 57,
            "column": 55
          },
          "end": {
            "line": 86,
            "column": 3
          }
        },
        "line": 57
      },
      "2": {
        "name": "(anonymous_2)",
        "decl": {
          "start": {
            "line": 63,
            "column": 29
          },
          "end": {
            "line": 63,
            "column": 30
          }
        },
        "loc": {
          "start": {
            "line": 63,
            "column": 35
          },
          "end": {
            "line": 63,
            "column": 61
          }
        },
        "line": 63
      },
      "3": {
        "name": "(anonymous_3)",
        "decl": {
          "start": {
            "line": 87,
            "column": 12
          },
          "end": {
            "line": 87,
            "column": 13
          }
        },
        "loc": {
          "start": {
            "line": 87,
            "column": 18
          },
          "end": {
            "line": 95,
            "column": 3
          }
        },
        "line": 87
      },
      "4": {
        "name": "(anonymous_4)",
        "decl": {
          "start": {
            "line": 88,
            "column": 11
          },
          "end": {
            "line": 88,
            "column": 12
          }
        },
        "loc": {
          "start": {
            "line": 88,
            "column": 17
          },
          "end": {
            "line": 93,
            "column": 5
          }
        },
        "line": 88
      },
      "5": {
        "name": "(anonymous_5)",
        "decl": {
          "start": {
            "line": 97,
            "column": 20
          },
          "end": {
            "line": 97,
            "column": 21
          }
        },
        "loc": {
          "start": {
            "line": 97,
            "column": 26
          },
          "end": {
            "line": 103,
            "column": 3
          }
        },
        "line": 97
      },
      "6": {
        "name": "(anonymous_6)",
        "decl": {
          "start": {
            "line": 105,
            "column": 12
          },
          "end": {
            "line": 105,
            "column": 13
          }
        },
        "loc": {
          "start": {
            "line": 105,
            "column": 18
          },
          "end": {
            "line": 115,
            "column": 3
          }
        },
        "line": 105
      }
    },
    "branchMap": {
      "0": {
        "loc": {
          "start": {
            "line": 35,
            "column": 2
          },
          "end": {
            "line": 35,
            "column": 16
          }
        },
        "type": "default-arg",
        "locations": [
          {
            "start": {
              "line": 35,
              "column": 10
            },
            "end": {
              "line": 35,
              "column": 16
            }
          }
        ],
        "line": 35
      },
      "1": {
        "loc": {
          "start": {
            "line": 36,
            "column": 2
          },
          "end": {
            "line": 36,
            "column": 27
          }
        },
        "type": "default-arg",
        "locations": [
          {
            "start": {
              "line": 36,
              "column": 22
            },
            "end": {
              "line": 36,
              "column": 27
            }
          }
        ],
        "line": 36
      },
      "2": {
        "loc": {
          "start": {
            "line": 65,
            "column": 23
          },
          "end": {
            "line": 65,
            "column": 61
          }
        },
        "type": "binary-expr",
        "locations": [
          {
            "start": {
              "line": 65,
              "column": 23
            },
            "end": {
              "line": 65,
              "column": 56
            }
          },
          {
            "start": {
              "line": 65,
              "column": 60
            },
            "end": {
              "line": 65,
              "column": 61
            }
          }
        ],
        "line": 65
      },
      "3": {
        "loc": {
          "start": {
            "line": 67,
            "column": 6
          },
          "end": {
            "line": 70,
            "column": 7
          }
        },
        "type": "if",
        "locations": [
          {
            "start": {
              "line": 67,
              "column": 6
            },
            "end": {
              "line": 70,
              "column": 7
            }
          },
          {
            "start": {},
            "end": {}
          }
        ],
        "line": 67
      },
      "4": {
        "loc": {
          "start": {
            "line": 106,
            "column": 4
          },
          "end": {
            "line": 109,
            "column": 5
          }
        },
        "type": "if",
        "locations": [
          {
            "start": {
              "line": 106,
              "column": 4
            },
            "end": {
              "line": 109,
              "column": 5
            }
          },
          {
            "start": {},
            "end": {}
          }
        ],
        "line": 106
      },
      "5": {
        "loc": {
          "start": {
            "line": 110,
            "column": 4
          },
          "end": {
            "line": 113,
            "column": 5
          }
        },
        "type": "if",
        "locations": [
          {
            "start": {
              "line": 110,
              "column": 4
            },
            "end": {
              "line": 113,
              "column": 5
            }
          },
          {
            "start": {},
            "end": {}
          }
        ],
        "line": 110
      }
    },
    "s": {
      "0": 116,
      "1": 116,
      "2": 116,
      "3": 116,
      "4": 116,
      "5": 468,
      "6": 468,
      "7": 468,
      "8": 468,
      "9": 468,
      "10": 468,
      "11": 468,
      "12": 468,
      "13": 468,
      "14": 468,
      "15": 23,
      "16": 23,
      "17": 23,
      "18": 23,
      "19": 23,
      "20": 23,
      "21": 23,
      "22": 23,
      "23": 23,
      "24": 0,
      "25": 23,
      "26": 23,
      "27": 23,
      "28": 23,
      "29": 0,
      "30": 0,
      "31": 0,
      "32": 0,
      "33": 0,
      "34": 468,
      "35": 60,
      "36": 40,
      "37": 40,
      "38": 40,
      "39": 40,
      "40": 468,
      "41": 28,
      "42": 28,
      "43": 28,
      "44": 28,
      "45": 28,
      "46": 468,
      "47": 91,
      "48": 0,
      "49": 0,
      "50": 91,
      "51": 23,
      "52": 23,
      "53": 468
    },
    "f": {
      "0": 468,
      "1": 23,
      "2": 23,
      "3": 60,
      "4": 40,
      "5": 28,
      "6": 91
    },
    "b": {
      "0": [80],
      "1": [0],
      "2": [23, 23],
      "3": [0, 23],
      "4": [0, 91],
      "5": [23, 68]
    },
    "_coverageSchema": "1a1c01bbd47fc00a2c39e90264f33305004495a9",
    "hash": "36f08b14c083b4276b5d171cf1730ce030386ac6"
  },
  "/home/tim/github/witter/src/features/ImageUploader/stores/index.tsx": {
    "path": "/home/tim/github/witter/src/features/ImageUploader/stores/index.tsx",
    "statementMap": {},
    "fnMap": {},
    "branchMap": {},
    "s": {},
    "f": {},
    "b": {},
    "_coverageSchema": "1a1c01bbd47fc00a2c39e90264f33305004495a9",
    "hash": "24f586ba38d9f4e45b6e2101a38cd70c890516a7"
  },
  "/home/tim/github/witter/src/features/ImageUploader/hooks/useImageUploader.tsx": {
    "path": "/home/tim/github/witter/src/features/ImageUploader/hooks/useImageUploader.tsx",
    "statementMap": {
      "0": {
        "start": {
          "line": 5,
          "column": 32
        },
        "end": {
          "line": 11,
          "column": 1
        }
      },
      "1": {
        "start": {
          "line": 6,
          "column": 18
        },
        "end": {
          "line": 6,
          "column": 50
        }
      },
      "2": {
        "start": {
          "line": 7,
          "column": 2
        },
        "end": {
          "line": 9,
          "column": 3
        }
      },
      "3": {
        "start": {
          "line": 8,
          "column": 4
        },
        "end": {
          "line": 8,
          "column": 81
        }
      },
      "4": {
        "start": {
          "line": 10,
          "column": 2
        },
        "end": {
          "line": 10,
          "column": 17
        }
      }
    },
    "fnMap": {
      "0": {
        "name": "(anonymous_0)",
        "decl": {
          "start": {
            "line": 5,
            "column": 32
          },
          "end": {
            "line": 5,
            "column": 33
          }
        },
        "loc": {
          "start": {
            "line": 5,
            "column": 62
          },
          "end": {
            "line": 11,
            "column": 1
          }
        },
        "line": 5
      }
    },
    "branchMap": {
      "0": {
        "loc": {
          "start": {
            "line": 7,
            "column": 2
          },
          "end": {
            "line": 9,
            "column": 3
          }
        },
        "type": "if",
        "locations": [
          {
            "start": {
              "line": 7,
              "column": 2
            },
            "end": {
              "line": 9,
              "column": 3
            }
          },
          {
            "start": {},
            "end": {}
          }
        ],
        "line": 7
      }
    },
    "s": {
      "0": 116,
      "1": 1668,
      "2": 1668,
      "3": 0,
      "4": 1668
    },
    "f": {
      "0": 1668
    },
    "b": {
      "0": [0, 1668]
    },
    "_coverageSchema": "1a1c01bbd47fc00a2c39e90264f33305004495a9",
    "hash": "17866f346b529e93dd8910ead8b22e9e2f2b4d38"
  },
  "/home/tim/github/witter/src/features/ImageUploader/components/Dropzone/Dropzone.tsx": {
    "path": "/home/tim/github/witter/src/features/ImageUploader/components/Dropzone/Dropzone.tsx",
    "statementMap": {
      "0": {
        "start": {
          "line": 14,
          "column": 24
        },
        "end": {
          "line": 57,
          "column": 1
        }
      },
      "1": {
        "start": {
          "line": 15,
          "column": 56
        },
        "end": {
          "line": 15,
          "column": 74
        }
      },
      "2": {
        "start": {
          "line": 16,
          "column": 19
        },
        "end": {
          "line": 19,
          "column": 4
        }
      },
      "3": {
        "start": {
          "line": 20,
          "column": 19
        },
        "end": {
          "line": 20,
          "column": 69
        }
      },
      "4": {
        "start": {
          "line": 22,
          "column": 17
        },
        "end": {
          "line": 28,
          "column": 4
        }
      },
      "5": {
        "start": {
          "line": 30,
          "column": 19
        },
        "end": {
          "line": 30,
          "column": 60
        }
      },
      "6": {
        "start": {
          "line": 31,
          "column": 22
        },
        "end": {
          "line": 31,
          "column": 119
        }
      },
      "7": {
        "start": {
          "line": 33,
          "column": 2
        },
        "end": {
          "line": 56,
          "column": 4
        }
      }
    },
    "fnMap": {
      "0": {
        "name": "(anonymous_0)",
        "decl": {
          "start": {
            "line": 14,
            "column": 24
          },
          "end": {
            "line": 14,
            "column": 25
          }
        },
        "loc": {
          "start": {
            "line": 14,
            "column": 30
          },
          "end": {
            "line": 57,
            "column": 1
          }
        },
        "line": 14
      }
    },
    "branchMap": {
      "0": {
        "loc": {
          "start": {
            "line": 20,
            "column": 19
          },
          "end": {
            "line": 20,
            "column": 69
          }
        },
        "type": "cond-expr",
        "locations": [
          {
            "start": {
              "line": 20,
              "column": 34
            },
            "end": {
              "line": 20,
              "column": 58
            }
          },
          {
            "start": {
              "line": 20,
              "column": 61
            },
            "end": {
              "line": 20,
              "column": 69
            }
          }
        ],
        "line": 20
      },
      "1": {
        "loc": {
          "start": {
            "line": 31,
            "column": 40
          },
          "end": {
            "line": 31,
            "column": 78
          }
        },
        "type": "cond-expr",
        "locations": [
          {
            "start": {
              "line": 31,
              "column": 55
            },
            "end": {
              "line": 31,
              "column": 65
            }
          },
          {
            "start": {
              "line": 31,
              "column": 68
            },
            "end": {
              "line": 31,
              "column": 78
            }
          }
        ],
        "line": 31
      },
      "2": {
        "loc": {
          "start": {
            "line": 31,
            "column": 80
          },
          "end": {
            "line": 31,
            "column": 118
          }
        },
        "type": "cond-expr",
        "locations": [
          {
            "start": {
              "line": 31,
              "column": 95
            },
            "end": {
              "line": 31,
              "column": 105
            }
          },
          {
            "start": {
              "line": 31,
              "column": 108
            },
            "end": {
              "line": 31,
              "column": 118
            }
          }
        ],
        "line": 31
      },
      "3": {
        "loc": {
          "start": {
            "line": 40,
            "column": 14
          },
          "end": {
            "line": 40,
            "column": 53
          }
        },
        "type": "cond-expr",
        "locations": [
          {
            "start": {
              "line": 40,
              "column": 29
            },
            "end": {
              "line": 40,
              "column": 37
            }
          },
[...]
              "line": 20,
              "column": 3
            }
          },
          {
            "start": {},
            "end": {}
          }
        ],
        "line": 11
      },
      "1": {
        "loc": {
          "start": {
            "line": 21,
            "column": 2
          },
          "end": {
            "line": 32,
            "column": 3
          }
        },
        "type": "if",
        "locations": [
          {
            "start": {
              "line": 21,
              "column": 2
            },
            "end": {
              "line": 32,
              "column": 3
            }
          },
          {
            "start": {
              "line": 30,
              "column": 9
            },
            "end": {
              "line": 32,
              "column": 3
            }
          }
        ],
        "line": 21
      }
    },
    "s": {
      "0": 116,
      "1": 136538,
      "2": 136538,
      "3": 136538,
      "4": 0,
      "5": 136538,
      "6": 0,
      "7": 136538,
      "8": 116,
      "9": 22500,
      "10": 136538
    },
    "f": {
      "0": 136538,
      "1": 22500,
      "2": 136538
    },
    "b": {
      "0": [0, 136538],
      "1": [0, 136538]
    },
    "_coverageSchema": "1a1c01bbd47fc00a2c39e90264f33305004495a9",
    "hash": "32a49ef16a58018e27458cb3f5bba5e741b3942d"
  },
  "/home/tim/github/witter/src/common/components/PostCard/PostFooter/Tags.tsx": {
    "path": "/home/tim/github/witter/src/common/components/PostCard/PostFooter/Tags.tsx",
    "statementMap": {
      "0": {
        "start": {
          "line": 8,
          "column": 20
        },
        "end": {
          "line": 26,
          "column": 1
        }
      },
      "1": {
        "start": {
          "line": 9,
          "column": 2
        },
        "end": {
          "line": 25,
          "column": 5
        }
      },
      "2": {
        "start": {
          "line": 13,
          "column": 8
        },
        "end": {
          "line": 22,
          "column": 15
        }
      },
      "3": {
        "start": {
          "line": 17,
          "column": 25
        },
        "end": {
          "line": 17,
          "column": 50
        }
      }
    },
    "fnMap": {
      "0": {
        "name": "(anonymous_0)",
        "decl": {
          "start": {
            "line": 8,
            "column": 20
          },
          "end": {
            "line": 8,
            "column": 21
          }
        },
        "loc": {
          "start": {
            "line": 9,
            "column": 2
          },
          "end": {
            "line": 25,
            "column": 5
          }
        },
        "line": 9
      },
      "1": {
        "name": "(anonymous_1)",
        "decl": {
          "start": {
            "line": 12,
            "column": 11
          },
          "end": {
            "line": 12,
            "column": 12
          }
        },
        "loc": {
          "start": {
            "line": 13,
            "column": 8
          },
          "end": {
            "line": 22,
            "column": 15
          }
        },
        "line": 13
      },
      "2": {
        "name": "(anonymous_2)",
        "decl": {
          "start": {
            "line": 17,
            "column": 19
          },
          "end": {
            "line": 17,
            "column": 20
          }
        },
        "loc": {
          "start": {
            "line": 17,
            "column": 25
          },
          "end": {
            "line": 17,
            "column": 50
          }
        },
        "line": 17
      }
    },
    "branchMap": {},
    "s": {
      "0": 116,
      "1": 22500,
      "2": 0,
      "3": 0
    },
    "f": {
      "0": 22500,
      "1": 0,
      "2": 0
    },
    "b": {},
    "_coverageSchema": "1a1c01bbd47fc00a2c39e90264f33305004495a9",
    "hash": "a95963b07fc01058b53d5fc4b0683e3c843d89c2"
  },
  "/home/tim/github/witter/src/common/components/PostCard/PostFooter/UserLink.tsx": {
    "path": "/home/tim/github/witter/src/common/components/PostCard/PostFooter/UserLink.tsx",
    "statementMap": {
      "0": {
        "start": {
          "line": 7,
          "column": 24
        },
        "end": {
          "line": 18,
          "column": 1
        }
      },
      "1": {
        "start": {
          "line": 8,
          "column": 2
        },
        "end": {
          "line": 17,
          "column": 9
        }
      },
      "2": {
        "start": {
          "line": 14,
          "column": 19
        },
        "end": {
          "line": 14,
          "column": 50
        }
      }
    },
    "fnMap": {
      "0": {
        "name": "(anonymous_0)",
        "decl": {
          "start": {
            "line": 7,
            "column": 24
          },
          "end": {
            "line": 7,
            "column": 25
          }
        },
        "loc": {
          "start": {
            "line": 8,
            "column": 2
          },
          "end": {
            "line": 17,
            "column": 9
          }
        },
        "line": 8
      },
      "1": {
        "name": "(anonymous_1)",
        "decl": {
          "start": {
            "line": 14,
            "column": 13
          },
          "end": {
            "line": 14,
            "column": 14
          }
        },
        "loc": {
          "start": {
            "line": 14,
            "column": 19
          },
          "end": {
            "line": 14,
            "column": 50
          }
        },
        "line": 14
      }
    },
    "branchMap": {},
    "s": {
      "0": 116,
      "1": 22500,
      "2": 0
    },
    "f": {
      "0": 22500,
      "1": 0
    },
    "b": {},
    "_coverageSchema": "1a1c01bbd47fc00a2c39e90264f33305004495a9",
    "hash": "8ad4c4aff7c28709207e7bccf6f43573be182e1d"
  },
  "/home/tim/github/witter/src/common/components/PostCard/PostFooter/PostFooter.tsx": {
    "path": "/home/tim/github/witter/src/common/components/PostCard/PostFooter/PostFooter.tsx",
    "statementMap": {
      "0": {
        "start": {
          "line": 17,
          "column": 26
        },
        "end": {
          "line": 43,
          "column": 1
        }
      },
      "1": {
        "start": {
          "line": 26,
          "column": 2
        },
        "end": {
          "line": 42,
          "column": 8
        }
      }
    },
    "fnMap": {
      "0": {
        "name": "(anonymous_0)",
        "decl": {
          "start": {
            "line": 17,
            "column": 26
          },
          "end": {
            "line": 17,
            "column": 27
          }
        },
        "loc": {
          "start": {
            "line": 26,
            "column": 2
          },
          "end": {
            "line": 42,
            "column": 8
          }
        },
        "line": 26
      }
    },
    "branchMap": {
      "0": {
        "loc": {
          "start": {
            "line": 38,
            "column": 9
          },
          "end": {
            "line": 38,
            "column": 38
          }
        },
        "type": "cond-expr",
        "locations": [
          {
            "start": {
              "line": 38,
              "column": 30
            },
            "end": {
              "line": 38,
              "column": 33
            }
          },
          {
            "start": {
              "line": 38,
              "column": 36
            },
            "end": {
              "line": 38,
              "column": 38
            }
          }
        ],
        "line": 38
      },
      "1": {
        "loc": {
          "start": {
            "line": 39,
            "column": 9
          },
          "end": {
            "line": 39,
            "column": 36
          }
        },
        "type": "cond-expr",
        "locations": [
          {
            "start": {
              "line": 39,
              "column": 28
            },
            "end": {
              "line": 39,
              "column": 31
            }
          },
          {
            "start": {
              "line": 39,
              "column": 34
            },
            "end": {
              "line": 39,
              "column": 36
            }
          }
        ],
        "line": 39
      }
    },
    "s": {
      "0": 116,
      "1": 22500
    },
    "f": {
      "0": 22500
    },
    "b": {
      "0": [22500, 0],
      "1": [0, 22500]
    },
    "_coverageSchema": "1a1c01bbd47fc00a2c39e90264f33305004495a9",
    "hash": "ed7fe5bbc45591a6fb996f50cc287045c65ee2ae"
  },
  "/home/tim/github/witter/src/common/components/PostCard/PostFooter/index.tsx": {
    "path": "/home/tim/github/witter/src/common/components/PostCard/PostFooter/index.tsx",
    "statementMap": {},
    "fnMap": {},
    "branchMap": {},
    "s": {},
    "f": {},
    "b": {},
    "_coverageSchema": "1a1c01bbd47fc00a2c39e90264f33305004495a9",
    "hash": "4577e592cdaf5ed166a08c31f14211d3f73fd5ce"
  },
  "/home/tim/github/witter/src/common/components/PostCard/PostCard.tsx": {
    "path": "/home/tim/github/witter/src/common/components/PostCard/PostCard.tsx",
    "statementMap": {
      "0": {
        "start": {
          "line": 16,
          "column": 24
        },
        "end": {
          "line": 69,
          "column": 1
        }
      },
      "1": {
        "start": {
          "line": 24,
          "column": 2
        },
        "end": {
          "line": 68,
          "column": 4
        }
      }
    },
    "fnMap": {
      "0": {
        "name": "(anonymous_0)",
        "decl": {
          "start": {
            "line": 16,
            "column": 24
          },
          "end": {
            "line": 16,
            "column": 25
          }
        },
        "loc": {
          "start": {
            "line": 23,
            "column": 21
          },
          "end": {
            "line": 69,
            "column": 1
          }
        },
        "line": 23
      }
    },
    "branchMap": {},
    "s": {
      "0": 116,
      "1": 22500
    },
    "f": {
      "0": 22500
    },
    "b": {},
    "_coverageSchema": "1a1c01bbd47fc00a2c39e90264f33305004495a9",
    "hash": "3f86f0d89e196fbdbc1af0c5cd39687067280b6d"
  },
  "/home/tim/github/witter/src/common/components/PostCard/index.tsx": {
    "path": "/home/tim/github/witter/src/common/components/PostCard/index.tsx",
    "statementMap": {},
    "fnMap": {},
    "branchMap": {},
    "s": {},
    "f": {},
    "b": {},
    "_coverageSchema": "1a1c01bbd47fc00a2c39e90264f33305004495a9",
    "hash": "f94d7390f48219f2670c0a699a98588a6ef1ba29"
  },
  "/home/tim/github/witter/src/pages/index.tsx": {
    "path": "/home/tim/github/witter/src/pages/index.tsx",
    "statementMap": {
      "0": {
        "start": {
          "line": 12,
          "column": 12
        },
        "end": {
          "line": 12,
          "column": 27
        }
      },
      "1": {
        "start": {
          "line": 25,
          "column": 18
        },
        "end": {
          "line": 25,
          "column": 20
        }
      },
      "2": {
        "start": {
          "line": 27,
          "column": 15
        },
        "end": {
          "line": 31,
          "column": 1
        }
      },
      "3": {
        "start": {
          "line": 28,
          "column": 2
        },
        "end": {
          "line": 28,
          "column": 69
        }
      },
      "4": {
        "start": {
          "line": 28,
          "column": 57
        },
        "end": {
          "line": 28,
          "column": 69
        }
      },
      "5": {
        "start": {
          "line": 29,
          "column": 2
        },
        "end": {
          "line": 29,
          "column": 68
        }
      },
      "6": {
        "start": {
          "line": 29,
          "column": 23
        },
        "end": {
          "line": 29,
          "column": 68
        }
      },
      "7": {
        "start": {
          "line": 30,
          "column": 2
        },
        "end": {
          "line": 30,
          "column": 71
        }
      },
      "8": {
        "start": {
          "line": 33,
          "column": 33
        },
        "end": {
          "line": 71,
          "column": 1
        }
      },
      "9": {
        "start": {
          "line": 34,
          "column": 37
        },
        "end": {
          "line": 34,
          "column": 46
        }
      },
      "10": {
        "start": {
          "line": 36,
          "column": 74
        },
        "end": {
          "line": 36,
          "column": 105
        }
      },
      "11": {
        "start": {
          "line": 37,
          "column": 38
        },
        "end": {
          "line": 37,
          "column": 68
        }
      },
      "12": {
        "start": {
          "line": 38,
          "column": 31
        },
        "end": {
          "line": 38,
          "column": 46
        }
      },
      "13": {
        "start": {
          "line": 39,
          "column": 16
        },
        "end": {
          "line": 39,
          "column": 60
        }
      },
      "14": {
        "start": {
          "line": 40,
          "column": 2
        },
        "end": {
          "line": 70,
          "column": 4
        }
      },
      "15": {
        "start": {
          "line": 50,
          "column": 14
        },
        "end": {
          "line": 61,
          "column": 16
        }
      },
      "16": {
        "start": {
          "line": 51,
          "column": 16
        },
        "end": {
          "line": 60,
          "column": 22
        }
      },
      "17": {
        "start": {
          "line": 73,
          "column": 2
        },
        "end": {
          "line": 77,
          "column": 4
        }
      }
    },
    "fnMap": {
      "0": {
        "name": "(anonymous_0)",
        "decl": {
          "start": {
            "line": 27,
            "column": 15
          },
          "end": {
            "line": 27,
            "column": 16
          }
        },
        "loc": {
          "start": {
            "line": 27,
            "column": 70
          },
          "end": {
            "line": 31,
            "column": 1
          }
        },
        "line": 27
      },
      "1": {
        "name": "(anonymous_1)",
        "decl": {
          "start": {
            "line": 33,
            "column": 33
          },
          "end": {
            "line": 33,
            "column": 34
          }
        },
        "loc": {
          "start": {
            "line": 33,
            "column": 39
          },
          "end": {
            "line": 71,
            "column": 1
          }
        },
        "line": 33
      },
      "2": {
        "name": "(anonymous_2)",
        "decl": {
          "start": {
            "line": 49,
            "column": 31
          },
          "end": {
            "line": 49,
            "column": 32
          }
        },
        "loc": {
          "start": {
            "line": 50,
            "column": 14
          },
          "end": {
            "line": 61,
            "column": 16
          }
        },
        "line": 50
      },
      "3": {
        "name": "(anonymous_3)",
        "decl": {
          "start": {
            "line": 50,
            "column": 24
          },
          "end": {
            "line": 50,
            "column": 25
          }
        },
        "loc": {
          "start": {
            "line": 51,
            "column": 16
          },
          "end": {
            "line": 60,
            "column": 22
          }
        },
        "line": 51
      },
      "4": {
        "name": "SWRPage",
        "decl": {
          "start": {
            "line": 72,
            "column": 24
          },
          "end": {
            "line": 72,
            "column": 31
          }
        },
        "loc": {
          "start": {
            "line": 72,
            "column": 65
          },
          "end": {
            "line": 78,
            "column": 1
          }
        },
        "line": 72
      }
    },
    "branchMap": {
      "0": {
        "loc": {
          "start": {
            "line": 28,
            "column": 2
          },
          "end": {
            "line": 28,
            "column": 69
          }
        },
        "type": "if",
        "locations": [
          {
            "start": {
              "line": 28,
              "column": 2
            },
            "end": {
              "line": 28,
              "column": 69
            }
          },
          {
            "start": {},
            "end": {}
          }
        ],
        "line": 28
      },
      "1": {
        "loc": {
          "start": {
            "line": 28,
            "column": 6
          },
          "end": {
            "line": 28,
            "column": 55
          }
        },
        "type": "binary-expr",
        "locations": [
          {
            "start": {
              "line": 28,
              "column": 6
            },
            "end": {
              "line": 28,
              "column": 22
            }
          },
          {
            "start": {
              "line": 28,
              "column": 26
            },
            "end": {
              "line": 28,
              "column": 55
            }
          }
        ],
        "line": 28
      },
      "2": {
        "loc": {
          "start": {
            "line": 29,
            "column": 2
          },
          "end": {
            "line": 29,
            "column": 68
          }
        },
        "type": "if",
        "locations": [
          {
            "start": {
              "line": 29,
              "column": 2
            },
            "end": {
              "line": 29,
              "column": 68
            }
          },
          {
            "start": {},
            "end": {}
          }
        ],
        "line": 29
      },
      "3": {
        "loc": {
          "start": {
            "line": 37,
            "column": 38
          },
          "end": {
            "line": 37,
            "column": 68
          }
        },
        "type": "cond-expr",
        "locations": [
          {
            "start": {
              "line": 37,
              "column": 45
            },
            "end": {
              "line": 37,
              "column": 63
            }
          },
          {
            "start": {
              "line": 37,
              "column": 66
            },
            "end": {
              "line": 37,
              "column": 68
            }
          }
        ],
        "line": 37
      },
      "4": {
        "loc": {
          "start": {
            "line": 38,
            "column": 31
          },
          "end": {
            "line": 38,
            "column": 46
          }
        },
        "type": "binary-expr",
        "locations": [
          {
            "start": {
              "line": 38,
              "column": 31
            },
            "end": {
              "line": 38,
              "column": 36
            }
          },
          {
            "start": {
              "line": 38,
              "column": 40
            },
            "end": {
              "line": 38,
              "column": 46
            }
          }
        ],
        "line": 38
      }
    },
    "s": {
      "0": 116,
      "1": 116,
      "2": 116,
      "3": 1268,
      "4": 0,
      "5": 1268,
      "6": 1268,
      "7": 0,
      "8": 116,
      "9": 1152,
      "10": 1152,
      "11": 1152,
      "12": 1152,
      "13": 1152,
      "14": 1152,
      "15": 900,
      "16": 22500,
      "17": 232
    },
    "f": {
      "0": 1268,
      "1": 1152,
      "2": 900,
      "3": 22500,
      "4": 232
    },
    "b": {
      "0": [0, 1268],
      "1": [1268, 0],
      "2": [1268, 0],
      "3": [900, 252],
      "4": [1152, 252]
    },
    "_coverageSchema": "1a1c01bbd47fc00a2c39e90264f33305004495a9",
    "hash": "5453881564d9992b9ae11b33255d2f59d7c74041"
  }
}
