{"/home/tim/github/witter/src/api/getFeed.ts": {"path":"/home/tim/github/witter/src/api/getFeed.ts","statementMap":{"0":{"start":{"line":15,"column":0},"end":{"line":15,"column":15}},"1":{"start":{"line":2,"column":33},"end":{"line":2,"column":null}},"2":{"start":{"line":3,"column":28},"end":{"line":3,"column":null}},"3":{"start":{"line":4,"column":19},"end":{"line":4,"column":null}},"4":{"start":{"line":5,"column":28},"end":{"line":5,"column":null}},"5":{"start":{"line":6,"column":20},"end":{"line":6,"column":68}},"6":{"start":{"line":7,"column":16},"end":{"line":14,"column":1}},"7":{"start":{"line":8,"column":24},"end":{"line":8,"column":69}},"8":{"start":{"line":9,"column":2},"end":{"line":13,"column":30}},"9":{"start":{"line":15,"column":15},"end":{"line":15,"column":22}}},"fnMap":{"0":{"name":"(anonymous_0)","decl":{"start":{"line":15,"column":0},"end":{"line":15,"column":15}},"loc":{"start":{"line":15,"column":0},"end":{"line":15,"column":15}}},"1":{"name":"(anonymous_2)","decl":{"start":{"line":7,"column":16},"end":{"line":7,"column":23}},"loc":{"start":{"line":7,"column":71},"end":{"line":14,"column":1}}}},"branchMap":{"0":{"loc":{"start":{"line":7,"column":23},"end":{"line":7,"column":33}},"type":"default-arg","locations":[{"start":{"line":7,"column":31},"end":{"line":7,"column":33}}]},"1":{"loc":{"start":{"line":7,"column":35},"end":{"line":7,"column":43}},"type":"default-arg","locations":[{"start":{"line":7,"column":42},"end":{"line":7,"column":43}}]}},"s":{"0":0,"1":0,"2":0,"3":0,"4":0,"5":0,"6":0,"7":0,"8":0,"9":0},"f":{"0":0,"1":0},"b":{"0":[0],"1":[0]}}
,"/home/tim/github/witter/src/api/controllers/Controller.ts": {"path":"/home/tim/github/witter/src/api/controllers/Controller.ts","statementMap":{"0":{"start":{"line":7,"column":13},"end":{"line":7,"column":23}},"1":{"start":{"line":10,"column":26},"end":{"line":16,"column":3}},"2":{"start":{"line":11,"column":4},"end":{"line":15,"column":6}}},"fnMap":{"0":{"name":"(anonymous_0)","decl":{"start":{"line":7,"column":13},"end":{"line":7,"column":23}},"loc":{"start":{"line":7,"column":13},"end":{"line":7,"column":23}}},"1":{"name":"(anonymous_1)","decl":{"start":{"line":8,"column":2},"end":{"line":8,"column":16}},"loc":{"start":{"line":8,"column":16},"end":{"line":8,"column":null}}},"2":{"name":"(anonymous_2)","decl":{"start":{"line":10,"column":26},"end":{"line":10,"column":30}},"loc":{"start":{"line":10,"column":118},"end":{"line":16,"column":3}}}},"branchMap":{"0":{"loc":{"start":{"line":10,"column":38},"end":{"line":10,"column":57}},"type":"default-arg","locations":[{"start":{"line":10,"column":48},"end":{"line":10,"column":57}}]},"1":{"loc":{"start":{"line":10,"column":59},"end":{"line":10,"column":71}},"type":"default-arg","locations":[{"start":{"line":10,"column":68},"end":{"line":10,"column":71}}]}},"s":{"0":0,"1":0,"2":0},"f":{"0":0,"1":0,"2":0},"b":{"0":[0],"1":[0]}}
,"/home/tim/github/witter/src/api/controllers/feed/FeedController.ts": {"path":"/home/tim/github/witter/src/api/controllers/feed/FeedController.ts","statementMap":{"0":{"start":{"line":7,"column":13},"end":{"line":7,"column":27}},"1":{"start":{"line":5,"column":27},"end":{"line":5,"column":null}},"2":{"start":{"line":9,"column":4},"end":{"line":9,"column":12}},"3":{"start":{"line":8,"column":22},"end":{"line":8,"column":52}},"4":{"start":{"line":8,"column":52},"end":{"line":8,"column":78}},"5":{"start":{"line":12,"column":2},"end":{"line":30,"column":null}},"6":{"start":{"line":13,"column":4},"end":{"line":29,"column":5}},"7":{"start":{"line":14,"column":36},"end":{"line":14,"column":45}},"8":{"start":{"line":15,"column":23},"end":{"line":15,"column":26}},"9":{"start":{"line":16,"column":19},"end":{"line":20,"column":8}},"10":{"start":{"line":21,"column":6},"end":{"line":25,"column":9}},"11":{"start":{"line":27,"column":6},"end":{"line":27,"column":27}},"12":{"start":{"line":28,"column":6},"end":{"line":28,"column":29}}},"fnMap":{"0":{"name":"(anonymous_0)","decl":{"start":{"line":7,"column":13},"end":{"line":7,"column":27}},"loc":{"start":{"line":7,"column":13},"end":{"line":7,"column":27}}},"1":{"name":"(anonymous_1)","decl":{"start":{"line":8,"column":2},"end":{"line":8,"column":22}},"loc":{"start":{"line":8,"column":78},"end":{"line":10,"column":null}}},"2":{"name":"(anonymous_2)","decl":{"start":{"line":12,"column":12},"end":{"line":12,"column":19}},"loc":{"start":{"line":12,"column":70},"end":{"line":30,"column":3}}}},"branchMap":{},"s":{"0":0,"1":0,"2":0,"3":0,"4":0,"5":0,"6":0,"7":0,"8":0,"9":0,"10":0,"11":0,"12":0},"f":{"0":0,"1":0,"2":0},"b":{}}
,"/home/tim/github/witter/src/api/controllers/post/PostController.ts": {"path":"/home/tim/github/witter/src/api/controllers/post/PostController.ts","statementMap":{"0":{"start":{"line":8,"column":13},"end":{"line":8,"column":27}},"1":{"start":{"line":5,"column":35},"end":{"line":5,"column":null}},"2":{"start":{"line":6,"column":29},"end":{"line":6,"column":null}},"3":{"start":{"line":9,"column":22},"end":{"line":9,"column":48}},"4":{"start":{"line":13,"column":2},"end":{"line":28,"column":null}},"5":{"start":{"line":14,"column":4},"end":{"line":27,"column":5}},"6":{"start":{"line":15,"column":17},"end":{"line":15,"column":29}},"7":{"start":{"line":16,"column":27},"end":{"line":19,"column":8}},"8":{"start":{"line":20,"column":6},"end":{"line":22,"column":7}},"9":{"start":{"line":21,"column":8},"end":{"line":21,"column":37}},"10":{"start":{"line":23,"column":6},"end":{"line":23,"column":48}},"11":{"start":{"line":25,"column":6},"end":{"line":25,"column":27}},"12":{"start":{"line":26,"column":6},"end":{"line":26,"column":29}},"13":{"start":{"line":30,"column":2},"end":{"line":71,"column":null}},"14":{"start":{"line":31,"column":4},"end":{"line":33,"column":5}},"15":{"start":{"line":32,"column":6},"end":{"line":32,"column":47}},"16":{"start":{"line":34,"column":47},"end":{"line":34,"column":50}},"17":{"start":{"line":36,"column":4},"end":{"line":70,"column":5}},"18":{"start":{"line":37,"column":30},"end":{"line":43,"column":8}},"19":{"start":{"line":44,"column":6},"end":{"line":46,"column":7}},"20":{"start":{"line":45,"column":8},"end":{"line":45,"column":58}},"21":{"start":{"line":47,"column":45},"end":{"line":51,"column":8}},"22":{"start":{"line":53,"column":6},"end":{"line":55,"column":7}},"23":{"start":{"line":54,"column":8},"end":{"line":54,"column":49}},"24":{"start":{"line":57,"column":24},"end":{"line":60,"column":8}},"25":{"start":{"line":62,"column":6},"end":{"line":64,"column":7}},"26":{"start":{"line":63,"column":8},"end":{"line":63,"column":49}},"27":{"start":{"line":66,"column":6},"end":{"line":66,"column":49}},"28":{"start":{"line":68,"column":6},"end":{"line":68,"column":27}},"29":{"start":{"line":69,"column":6},"end":{"line":69,"column":62}},"30":{"start":{"line":10,"column":4},"end":{"line":10,"column":35}}},"fnMap":{"0":{"name":"(anonymous_0)","decl":{"start":{"line":8,"column":13},"end":{"line":8,"column":27}},"loc":{"start":{"line":8,"column":13},"end":{"line":8,"column":27}}},"1":{"name":"(anonymous_1)","decl":{"start":{"line":9,"column":2},"end":{"line":9,"column":22}},"loc":{"start":{"line":9,"column":48},"end":{"line":11,"column":null}}},"2":{"name":"(anonymous_2)","decl":{"start":{"line":13,"column":12},"end":{"line":13,"column":19}},"loc":{"start":{"line":13,"column":70},"end":{"line":28,"column":3}}},"3":{"name":"(anonymous_3)","decl":{"start":{"line":30,"column":15},"end":{"line":30,"column":22}},"loc":{"start":{"line":30,"column":77},"end":{"line":71,"column":3}}}},"branchMap":{"0":{"loc":{"start":{"line":20,"column":6},"end":{"line":22,"column":7}},"type":"if","locations":[{"start":{"line":20,"column":6},"end":{"line":22,"column":7}}]},"1":{"loc":{"start":{"line":31,"column":4},"end":{"line":33,"column":5}},"type":"if","locations":[{"start":{"line":31,"column":4},"end":{"line":33,"column":5}}]},"2":{"loc":{"start":{"line":44,"column":6},"end":{"line":46,"column":7}},"type":"if","locations":[{"start":{"line":44,"column":6},"end":{"line":46,"column":7}}]},"3":{"loc":{"start":{"line":53,"column":6},"end":{"line":55,"column":7}},"type":"if","locations":[{"start":{"line":53,"column":6},"end":{"line":55,"column":7}}]},"4":{"loc":{"start":{"line":62,"column":6},"end":{"line":64,"column":7}},"type":"if","locations":[{"start":{"line":62,"column":6},"end":{"line":64,"column":7}}]}},"s":{"0":0,"1":0,"2":0,"3":0,"4":0,"5":0,"6":0,"7":0,"8":0,"9":0,"10":0,"11":0,"12":0,"13":0,"14":0,"15":0,"16":0,"17":0,"18":0,"19":0,"20":0,"21":0,"22":0,"23":0,"24":0,"25":0,"26":0,"27":0,"28":0,"29":0,"30":0},"f":{"0":0,"1":0,"2":0,"3":0},"b":{"0":[0],"1":[0],"2":[0],"3":[0],"4":[0]}}
,"/home/tim/github/witter/src/api/controllers/profile/ProfileController.ts": {"path":"/home/tim/github/witter/src/api/controllers/profile/ProfileController.ts","statementMap":{"0":{"start":{"line":12,"column":13},"end":{"line":12,"column":30}},"1":{"start":{"line":4,"column":29},"end":{"line":4,"column":null}},"2":{"start":{"line":5,"column":54},"end":{"line":5,"column":null}},"3":{"start":{"line":11,"column":26},"end":{"line":11,"column":29}},"4":{"start":{"line":13,"column":22},"end":{"line":13,"column":52}},"5":{"start":{"line":13,"column":52},"end":{"line":13,"column":85}},"6":{"start":{"line":26,"column":2},"end":{"line":49,"column":null}},"7":{"start":{"line":27,"column":4},"end":{"line":48,"column":5}},"8":{"start":{"line":28,"column":6},"end":{"line":33,"column":7}},"9":{"start":{"line":29,"column":8},"end":{"line":31,"column":11}},"10":{"start":{"line":32,"column":8},"end":{"line":32,"column":15}},"11":{"start":{"line":34,"column":26},"end":{"line":34,"column":85}},"12":{"start":{"line":35,"column":6},"end":{"line":39,"column":9}},"13":{"start":{"line":40,"column":6},"end":{"line":42,"column":9}},"14":{"start":{"line":44,"column":6},"end":{"line":44,"column":27}},"15":{"start":{"line":45,"column":6},"end":{"line":47,"column":9}},"16":{"start":{"line":51,"column":2},"end":{"line":87,"column":null}},"17":{"start":{"line":52,"column":4},"end":{"line":86,"column":5}},"18":{"start":{"line":53,"column":6},"end":{"line":58,"column":7}},"19":{"start":{"line":54,"column":8},"end":{"line":56,"column":11}},"20":{"start":{"line":57,"column":8},"end":{"line":57,"column":15}},"21":{"start":{"line":59,"column":6},"end":{"line":64,"column":7}},"22":{"start":{"line":60,"column":8},"end":{"line":62,"column":11}},"23":{"start":{"line":63,"column":8},"end":{"line":63,"column":15}},"24":{"start":{"line":65,"column":22},"end":{"line":65,"column":30}},"25":{"start":{"line":66,"column":21},"end":{"line":66,"column":29}},"26":{"start":{"line":68,"column":22},"end":{"line":80,"column":8}},"27":{"start":{"line":82,"column":6},"end":{"line":82,"column":47}},"28":{"start":{"line":84,"column":6},"end":{"line":84,"column":27}},"29":{"start":{"line":85,"column":6},"end":{"line":85,"column":69}},"30":{"start":{"line":88,"column":2},"end":{"line":114,"column":null}},"31":{"start":{"line":93,"column":4},"end":{"line":113,"column":5}},"32":{"start":{"line":94,"column":31},"end":{"line":94,"column":39}},"33":{"start":{"line":95,"column":40},"end":{"line":97,"column":7}},"34":{"start":{"line":99,"column":23},"end":{"line":99,"column":85}},"35":{"start":{"line":100,"column":26},"end":{"line":100,"column":49}},"36":{"start":{"line":101,"column":6},"end":{"line":108,"column":7}},"37":{"start":{"line":102,"column":23},"end":{"line":102,"column":102}},"38":{"start":{"line":104,"column":8},"end":{"line":107,"column":9}},"39":{"start":{"line":105,"column":10},"end":{"line":105,"column":38}},"40":{"start":{"line":106,"column":10},"end":{"line":106,"column":73}},"41":{"start":{"line":109,"column":6},"end":{"line":109,"column":73}},"42":{"start":{"line":111,"column":6},"end":{"line":111,"column":27}},"43":{"start":{"line":112,"column":6},"end":{"line":112,"column":62}},"44":{"start":{"line":116,"column":2},"end":{"line":180,"column":null}},"45":{"start":{"line":117,"column":4},"end":{"line":119,"column":5}},"46":{"start":{"line":118,"column":6},"end":{"line":118,"column":47}},"47":{"start":{"line":120,"column":47},"end":{"line":120,"column":50}},"48":{"start":{"line":121,"column":22},"end":{"line":121,"column":48}},"49":{"start":{"line":123,"column":4},"end":{"line":179,"column":5}},"50":{"start":{"line":124,"column":47},"end":{"line":130,"column":8}},"51":{"start":{"line":132,"column":21},"end":{"line":132,"column":103}},"52":{"start":{"line":134,"column":6},"end":{"line":137,"column":9}},"53":{"start":{"line":139,"column":6},"end":{"line":155,"column":9}},"54":{"start":{"line":157,"column":6},"end":{"line":162,"column":9}},"55":{"start":{"line":164,"column":6},"end":{"line":174,"column":9}},"56":{"start":{"line":175,"column":6},"end":{"line":175,"column":64}},"57":{"start":{"line":177,"column":6},"end":{"line":177,"column":27}},"58":{"start":{"line":178,"column":6},"end":{"line":178,"column":62}},"59":{"start":{"line":14,"column":4},"end":{"line":14,"column":25}},"60":{"start":{"line":15,"column":4},"end":{"line":15,"column":43}},"61":{"start":{"line":19,"column":4},"end":{"line":23,"column":7}}},"fnMap":{"0":{"name":"(anonymous_0)","decl":{"start":{"line":12,"column":13},"end":{"line":12,"column":30}},"loc":{"start":{"line":12,"column":13},"end":{"line":12,"column":30}}},"1":{"name":"(anonymous_1)","decl":{"start":{"line":13,"column":2},"end":{"line":13,"column":22}},"loc":{"start":{"line":13,"column":85},"end":{"line":16,"column":null}}},"2":{"name":"(anonymous_2)","decl":{"start":{"line":26,"column":27},"end":{"line":26,"column":34}},"loc":{"start":{"line":26,"column":47},"end":{"line":49,"column":3}}},"3":{"name":"(anonymous_3)","decl":{"start":{"line":51,"column":18},"end":{"line":51,"column":25}},"loc":{"start":{"line":51,"column":91},"end":{"line":87,"column":3}}},"4":{"name":"(anonymous_4)","decl":{"start":{"line":92,"column":16},"end":{"line":92,"column":23}},"loc":{"start":{"line":92,"column":89},"end":{"line":114,"column":3}}},"5":{"name":"(anonymous_5)","decl":{"start":{"line":116,"column":21},"end":{"line":116,"column":28}},"loc":{"start":{"line":116,"column":98},"end":{"line":180,"column":3}}},"6":{"name":"(anonymous_6)","decl":{"start":{"line":18,"column":8},"end":{"line":18,"column":18}},"loc":{"start":{"line":18,"column":56},"end":{"line":24,"column":null}}}},"branchMap":{"0":{"loc":{"start":{"line":28,"column":6},"end":{"line":33,"column":7}},"type":"if","locations":[{"start":{"line":28,"column":6},"end":{"line":33,"column":7}}]},"1":{"loc":{"start":{"line":53,"column":6},"end":{"line":58,"column":7}},"type":"if","locations":[{"start":{"line":53,"column":6},"end":{"line":58,"column":7}}]},"2":{"loc":{"start":{"line":59,"column":6},"end":{"line":64,"column":7}},"type":"if","locations":[{"start":{"line":59,"column":6},"end":{"line":64,"column":7}}]},"3":{"loc":{"start":{"line":101,"column":6},"end":{"line":108,"column":7}},"type":"if","locations":[{"start":{"line":101,"column":6},"end":{"line":108,"column":7}}]},"4":{"loc":{"start":{"line":101,"column":10},"end":{"line":101,"column":59}},"type":"binary-expr","locations":[{"start":{"line":101,"column":10},"end":{"line":101,"column":33}},{"start":{"line":101,"column":37},"end":{"line":101,"column":59}}]},"5":{"loc":{"start":{"line":104,"column":8},"end":{"line":107,"column":9}},"type":"if","locations":[{"start":{"line":104,"column":8},"end":{"line":107,"column":9}}]},"6":{"loc":{"start":{"line":117,"column":4},"end":{"line":119,"column":5}},"type":"if","locations":[{"start":{"line":117,"column":4},"end":{"line":119,"column":5}}]}},"s":{"0":9,"1":1,"2":1,"3":1,"4":9,"5":9,"6":9,"7":0,"8":0,"9":0,"10":0,"11":0,"12":0,"13":0,"14":0,"15":0,"16":9,"17":3,"18":3,"19":1,"20":1,"21":2,"22":1,"23":1,"24":1,"25":1,"26":1,"27":1,"28":0,"29":0,"30":9,"31":3,"32":3,"33":3,"34":3,"35":1,"36":1,"37":1,"38":1,"39":0,"40":0,"41":1,"42":2,"43":2,"44":9,"45":2,"46":0,"47":2,"48":2,"49":2,"50":2,"51":1,"52":1,"53":1,"54":1,"55":1,"56":1,"57":1,"58":1,"59":9,"60":9,"61":2},"f":{"0":9,"1":9,"2":0,"3":3,"4":3,"5":2,"6":2},"b":{"0":[0],"1":[1],"2":[1],"3":[1],"4":[1,0],"5":[0],"6":[0]}}
,"/home/tim/github/witter/src/api/controllers/profile/profile-validation.ts": {"path":"/home/tim/github/witter/src/api/controllers/profile/profile-validation.ts","statementMap":{"0":{"start":{"line":3,"column":13},"end":{"line":3,"column":35}},"1":{"start":{"line":1,"column":38},"end":{"line":1,"column":null}},"2":{"start":{"line":3,"column":57},"end":{"line":6,"column":1}}},"fnMap":{"0":{"name":"(anonymous_0)","decl":{"start":{"line":3,"column":13},"end":{"line":3,"column":35}},"loc":{"start":{"line":3,"column":13},"end":{"line":3,"column":35}}}},"branchMap":{},"s":{"0":0,"1":0,"2":0},"f":{"0":0},"b":{}}
,"/home/tim/github/witter/src/api/services/FeedService/FeedService.ts": {"path":"/home/tim/github/witter/src/api/services/FeedService/FeedService.ts","statementMap":{"0":{"start":{"line":14,"column":13},"end":{"line":14,"column":24}},"1":{"start":{"line":2,"column":50},"end":{"line":2,"column":null}},"2":{"start":{"line":15,"column":22},"end":{"line":15,"column":52}},"3":{"start":{"line":15,"column":52},"end":{"line":15,"column":78}},"4":{"start":{"line":17,"column":2},"end":{"line":45,"column":null}},"5":{"start":{"line":28,"column":39},"end":{"line":43,"column":6}},"6":{"start":{"line":44,"column":4},"end":{"line":44,"column":61}},"7":{"start":{"line":46,"column":2},"end":{"line":68,"column":null}},"8":{"start":{"line":57,"column":39},"end":{"line":66,"column":6}},"9":{"start":{"line":67,"column":4},"end":{"line":67,"column":61}},"10":{"start":{"line":70,"column":2},"end":{"line":86,"column":null}},"11":{"start":{"line":71,"column":4},"end":{"line":85,"column":5}},"12":{"start":{"line":72,"column":41},"end":{"line":78,"column":8}},"13":{"start":{"line":80,"column":29},"end":{"line":80,"column":78}},"14":{"start":{"line":81,"column":6},"end":{"line":81,"column":28}},"15":{"start":{"line":83,"column":6},"end":{"line":83,"column":27}},"16":{"start":{"line":84,"column":6},"end":{"line":84,"column":52}}},"fnMap":{"0":{"name":"(anonymous_0)","decl":{"start":{"line":14,"column":13},"end":{"line":14,"column":24}},"loc":{"start":{"line":14,"column":13},"end":{"line":14,"column":24}}},"1":{"name":"(anonymous_1)","decl":{"start":{"line":15,"column":2},"end":{"line":15,"column":22}},"loc":{"start":{"line":15,"column":78},"end":{"line":15,"column":null}}},"2":{"name":"(anonymous_2)","decl":{"start":{"line":17,"column":21},"end":{"line":17,"column":28}},"loc":{"start":{"line":27,"column":25},"end":{"line":45,"column":3}}},"3":{"name":"(anonymous_3)","decl":{"start":{"line":46,"column":17},"end":{"line":46,"column":24}},"loc":{"start":{"line":56,"column":25},"end":{"line":68,"column":3}}},"4":{"name":"(anonymous_4)","decl":{"start":{"line":70,"column":15},"end":{"line":70,"column":22}},"loc":{"start":{"line":70,"column":108},"end":{"line":86,"column":3}}}},"branchMap":{"0":{"loc":{"start":{"line":40,"column":12},"end":{"line":40,"column":58}},"type":"cond-expr","locations":[{"start":{"line":40,"column":28},"end":{"line":40,"column":46}},{"start":{"line":40,"column":49},"end":{"line":40,"column":58}}]},"1":{"loc":{"start":{"line":40,"column":12},"end":{"line":40,"column":25}},"type":"binary-expr","locations":[{"start":{"line":40,"column":12},"end":{"line":40,"column":16}},{"start":{"line":40,"column":20},"end":{"line":40,"column":25}}]},"2":{"loc":{"start":{"line":42,"column":15},"end":{"line":42,"column":52}},"type":"cond-expr","locations":[{"start":{"line":42,"column":22},"end":{"line":42,"column":43}},{"start":{"line":42,"column":43},"end":{"line":42,"column":52}}]},"3":{"loc":{"start":{"line":63,"column":12},"end":{"line":63,"column":58}},"type":"cond-expr","locations":[{"start":{"line":63,"column":28},"end":{"line":63,"column":46}},{"start":{"line":63,"column":49},"end":{"line":63,"column":58}}]},"4":{"loc":{"start":{"line":63,"column":12},"end":{"line":63,"column":25}},"type":"binary-expr","locations":[{"start":{"line":63,"column":12},"end":{"line":63,"column":16}},{"start":{"line":63,"column":20},"end":{"line":63,"column":25}}]},"5":{"loc":{"start":{"line":65,"column":15},"end":{"line":65,"column":52}},"type":"cond-expr","locations":[{"start":{"line":65,"column":22},"end":{"line":65,"column":43}},{"start":{"line":65,"column":43},"end":{"line":65,"column":52}}]},"6":{"loc":{"start":{"line":75,"column":14},"end":{"line":75,"column":60}},"type":"cond-expr","locations":[{"start":{"line":75,"column":30},"end":{"line":75,"column":48}},{"start":{"line":75,"column":51},"end":{"line":75,"column":60}}]},"7":{"loc":{"start":{"line":75,"column":14},"end":{"line":75,"column":27}},"type":"binary-expr","locations":[{"start":{"line":75,"column":14},"end":{"line":75,"column":18}},{"start":{"line":75,"column":22},"end":{"line":75,"column":27}}]}},"s":{"0":1,"1":1,"2":1,"3":1,"4":1,"5":0,"6":0,"7":1,"8":0,"9":0,"10":1,"11":1,"12":1,"13":1,"14":1,"15":0,"16":0},"f":{"0":1,"1":1,"2":0,"3":0,"4":1},"b":{"0":[0,0],"1":[0,0],"2":[0,0],"3":[0,0],"4":[0,0],"5":[0,0],"6":[1,0],"7":[1,1]}}
,"/home/tim/github/witter/src/api/services/FeedService/index.ts": {"path":"/home/tim/github/witter/src/api/services/FeedService/index.ts","statementMap":{"0":{"start":{"line":1,"column":9},"end":{"line":1,"column":28}},"1":{"start":{"line":1,"column":28},"end":{"line":1,"column":null}}},"fnMap":{"0":{"name":"(anonymous_0)","decl":{"start":{"line":1,"column":9},"end":{"line":1,"column":20}},"loc":{"start":{"line":1,"column":9},"end":{"line":1,"column":28}}}},"branchMap":{},"s":{"0":0,"1":0},"f":{"0":0},"b":{}}
,"/home/tim/github/witter/src/api/services/ImageService/ImageService.ts": {"path":"/home/tim/github/witter/src/api/services/ImageService/ImageService.ts","statementMap":{"0":{"start":{"line":17,"column":13},"end":{"line":17,"column":25}},"1":{"start":{"line":167,"column":9},"end":{"line":167,"column":21}},"2":{"start":{"line":13,"column":7},"end":{"line":13,"column":null}},"3":{"start":{"line":14,"column":25},"end":{"line":14,"column":null}},"4":{"start":{"line":15,"column":29},"end":{"line":15,"column":null}},"5":{"start":{"line":22,"column":4},"end":{"line":22,"column":25}},"6":{"start":{"line":23,"column":4},"end":{"line":23,"column":29}},"7":{"start":{"line":27,"column":20},"end":{"line":33,"column":6}},"8":{"start":{"line":34,"column":22},"end":{"line":36,"column":6}},"9":{"start":{"line":37,"column":4},"end":{"line":37,"column":21}},"10":{"start":{"line":41,"column":20},"end":{"line":46,"column":6}},"11":{"start":{"line":47,"column":4},"end":{"line":47,"column":39}},"12":{"start":{"line":51,"column":4},"end":{"line":59,"column":5}},"13":{"start":{"line":52,"column":22},"end":{"line":55,"column":8}},"14":{"start":{"line":56,"column":6},"end":{"line":56,"column":40}},"15":{"start":{"line":58,"column":6},"end":{"line":58,"column":27}},"16":{"start":{"line":63,"column":26},"end":{"line":63,"column":64}},"17":{"start":{"line":64,"column":4},"end":{"line":104,"column":5}},"18":{"start":{"line":65,"column":22},"end":{"line":65,"column":74}},"19":{"start":{"line":66,"column":6},"end":{"line":75,"column":7}},"20":{"start":{"line":66,"column":50},"end":{"line":66,"column":70}},"21":{"start":{"line":67,"column":8},"end":{"line":67,"column":55}},"22":{"start":{"line":68,"column":8},"end":{"line":68,"column":72}},"23":{"start":{"line":69,"column":8},"end":{"line":73,"column":10}},"24":{"start":{"line":74,"column":8},"end":{"line":74,"column":73}},"25":{"start":{"line":76,"column":6},"end":{"line":76,"column":46}},"26":{"start":{"line":79,"column":23},"end":{"line":79,"column":88}},"27":{"start":{"line":80,"column":6},"end":{"line":87,"column":8}},"28":{"start":{"line":90,"column":27},"end":{"line":90,"column":94}},"29":{"start":{"line":91,"column":27},"end":{"line":91,"column":59}},"30":{"start":{"line":92,"column":6},"end":{"line":94,"column":9}},"31":{"start":{"line":93,"column":8},"end":{"line":93,"column":90}},"32":{"start":{"line":96,"column":6},"end":{"line":101,"column":8}},"33":{"start":{"line":103,"column":6},"end":{"line":103,"column":66}},"34":{"start":{"line":120,"column":4},"end":{"line":161,"column":5}},"35":{"start":{"line":122,"column":22},"end":{"line":125,"column":null}},"36":{"start":{"line":129,"column":33},"end":{"line":136,"column":8}},"37":{"start":{"line":130,"column":24},"end":{"line":134,"column":10}},"38":{"start":{"line":135,"column":8},"end":{"line":135,"column":42}},"39":{"start":{"line":137,"column":6},"end":{"line":137,"column":45}},"40":{"start":{"line":138,"column":28},"end":{"line":156,"column":10}},"41":{"start":{"line":139,"column":29},"end":{"line":139,"column":60}},"42":{"start":{"line":141,"column":43},"end":{"line":141,"column":58}},"43":{"start":{"line":142,"column":61},"end":{"line":142,"column":76}},"44":{"start":{"line":143,"column":30},"end":{"line":143,"column":76}},"45":{"start":{"line":144,"column":10},"end":{"line":155,"column":12}},"46":{"start":{"line":157,"column":6},"end":{"line":157,"column":33}},"47":{"start":{"line":159,"column":6},"end":{"line":159,"column":50}},"48":{"start":{"line":160,"column":6},"end":{"line":160,"column":30}},"49":{"start":{"line":165,"column":21},"end":{"line":165,"column":74}}},"fnMap":{"0":{"name":"(anonymous_1)","decl":{"start":{"line":17,"column":25},"end":{"line":17,"column":null}},"loc":{"start":{"line":17,"column":13},"end":{"line":17,"column":25}}},"1":{"name":"(anonymous_2)","decl":{"start":{"line":167,"column":21},"end":{"line":167,"column":null}},"loc":{"start":{"line":167,"column":9},"end":{"line":167,"column":21}}},"2":{"name":"(anonymous_3)","decl":{"start":{"line":21,"column":2},"end":{"line":21,"column":14}},"loc":{"start":{"line":21,"column":50},"end":{"line":24,"column":null}}},"3":{"name":"(anonymous_4)","decl":{"start":{"line":26,"column":8},"end":{"line":26,"column":23}},"loc":{"start":{"line":26,"column":93},"end":{"line":38,"column":null}}},"4":{"name":"(anonymous_5)","decl":{"start":{"line":40,"column":8},"end":{"line":40,"column":22}},"loc":{"start":{"line":40,"column":79},"end":{"line":48,"column":null}}},"5":{"name":"(anonymous_6)","decl":{"start":{"line":50,"column":15},"end":{"line":50,"column":25}},"loc":{"start":{"line":50,"column":44},"end":{"line":60,"column":null}}},"6":{"name":"(anonymous_7)","decl":{"start":{"line":62,"column":15},"end":{"line":62,"column":37}},"loc":{"start":{"line":62,"column":40},"end":{"line":105,"column":null}}},"7":{"name":"(anonymous_8)","decl":{"start":{"line":66,"column":36},"end":{"line":66,"column":37}},"loc":{"start":{"line":66,"column":50},"end":{"line":66,"column":70}}},"8":{"name":"(anonymous_9)","decl":{"start":{"line":92,"column":37},"end":{"line":92,"column":38}},"loc":{"start":{"line":92,"column":53},"end":{"line":94,"column":7}}},"9":{"name":"(anonymous_10)","decl":{"start":{"line":107,"column":15},"end":{"line":107,"column":42}},"loc":{"start":{"line":119,"column":4},"end":{"line":162,"column":null}}},"10":{"name":"(anonymous_11)","decl":{"start":{"line":129,"column":55},"end":{"line":129,"column":62}},"loc":{"start":{"line":129,"column":73},"end":{"line":136,"column":7}}},"11":{"name":"(anonymous_12)","decl":{"start":{"line":139,"column":16},"end":{"line":139,"column":17}},"loc":{"start":{"line":139,"column":29},"end":{"line":139,"column":60}}},"12":{"name":"(anonymous_13)","decl":{"start":{"line":140,"column":13},"end":{"line":140,"column":14}},"loc":{"start":{"line":140,"column":32},"end":{"line":156,"column":9}}}},"branchMap":{"0":{"loc":{"start":{"line":66,"column":6},"end":{"line":75,"column":7}},"type":"if","locations":[{"start":{"line":66,"column":6},"end":{"line":75,"column":7}}]},"1":{"loc":{"start":{"line":138,"column":29},"end":{"line":138,"column":51}},"type":"binary-expr","locations":[{"start":{"line":138,"column":29},"end":{"line":138,"column":45}},{"start":{"line":138,"column":49},"end":{"line":138,"column":51}}]},"2":{"loc":{"start":{"line":157,"column":13},"end":{"line":157,"column":32}},"type":"binary-expr","locations":[{"start":{"line":157,"column":13},"end":{"line":157,"column":26}},{"start":{"line":157,"column":30},"end":{"line":157,"column":32}}]}},"s":{"0":0,"1":0,"2":0,"3":0,"4":0,"5":0,"6":0,"7":0,"8":0,"9":0,"10":0,"11":0,"12":0,"13":0,"14":0,"15":0,"16":0,"17":0,"18":0,"19":0,"20":0,"21":0,"22":0,"23":0,"24":0,"25":0,"26":0,"27":0,"28":0,"29":0,"30":0,"31":0,"32":0,"33":0,"34":0,"35":0,"36":0,"37":0,"38":0,"39":0,"40":0,"41":0,"42":0,"43":0,"44":0,"45":0,"46":0,"47":0,"48":0,"49":0},"f":{"0":0,"1":0,"2":0,"3":0,"4":0,"5":0,"6":0,"7":0,"8":0,"9":0,"10":0,"11":0,"12":0},"b":{"0":[0],"1":[0,0],"2":[0,0]}}
,"/home/tim/github/witter/src/api/services/ImageService/handleImageUpload.ts": {"path":"/home/tim/github/witter/src/api/services/ImageService/handleImageUpload.ts","statementMap":{"0":{"start":{"line":8,"column":13},"end":{"line":8,"column":30}},"1":{"start":{"line":11,"column":13},"end":{"line":11,"column":30}},"2":{"start":{"line":26,"column":13},"end":{"line":26,"column":25}},"3":{"start":{"line":38,"column":13},"end":{"line":38,"column":29}},"4":{"start":{"line":51,"column":13},"end":{"line":51,"column":30}},"5":{"start":{"line":56,"column":13},"end":{"line":56,"column":31}},"6":{"start":{"line":96,"column":13},"end":{"line":96,"column":30}},"7":{"start":{"line":100,"column":13},"end":{"line":100,"column":23}},"8":{"start":{"line":1,"column":18},"end":{"line":1,"column":null}},"9":{"start":{"line":2,"column":26},"end":{"line":2,"column":null}},"10":{"start":{"line":3,"column":36},"end":{"line":3,"column":null}},"11":{"start":{"line":5,"column":19},"end":{"line":5,"column":null}},"12":{"start":{"line":6,"column":40},"end":{"line":6,"column":null}},"13":{"start":{"line":7,"column":27},"end":{"line":7,"column":null}},"14":{"start":{"line":4,"column":28},"end":{"line":4,"column":51}},"15":{"start":{"line":8,"column":33},"end":{"line":8,"column":36}},"16":{"start":{"line":11,"column":33},"end":{"line":24,"column":1}},"17":{"start":{"line":20,"column":14},"end":{"line":22,"column":16}},"18":{"start":{"line":23,"column":2},"end":{"line":23,"column":13}},"19":{"start":{"line":26,"column":28},"end":{"line":36,"column":1}},"20":{"start":{"line":27,"column":2},"end":{"line":35,"column":5}},"21":{"start":{"line":28,"column":4},"end":{"line":34,"column":7}},"22":{"start":{"line":29,"column":6},"end":{"line":33,"column":7}},"23":{"start":{"line":30,"column":8},"end":{"line":30,"column":22}},"24":{"start":{"line":32,"column":8},"end":{"line":32,"column":22}},"25":{"start":{"line":38,"column":32},"end":{"line":49,"column":25}},"26":{"start":{"line":43,"column":4},"end":{"line":47,"column":5}},"27":{"start":{"line":44,"column":6},"end":{"line":44,"column":21}},"28":{"start":{"line":46,"column":6},"end":{"line":46,"column":75}},"29":{"start":{"line":51,"column":33},"end":{"line":54,"column":1}},"30":{"start":{"line":52,"column":21},"end":{"line":52,"column":56}},"31":{"start":{"line":53,"column":2},"end":{"line":53,"column":16}},"32":{"start":{"line":56,"column":34},"end":{"line":94,"column":1}},"33":{"start":{"line":62,"column":13},"end":{"line":62,"column":25}},"34":{"start":{"line":63,"column":15},"end":{"line":63,"column":40}},"35":{"start":{"line":64,"column":15},"end":{"line":64,"column":29}},"36":{"start":{"line":65,"column":18},"end":{"line":65,"column":33}},"37":{"start":{"line":66,"column":19},"end":{"line":66,"column":33}},"38":{"start":{"line":67,"column":22},"end":{"line":67,"column":43}},"39":{"start":{"line":68,"column":17},"end":{"line":68,"column":100}},"40":{"start":{"line":69,"column":19},"end":{"line":69,"column":55}},"41":{"start":{"line":70,"column":34},"end":{"line":70,"column":42}},"42":{"start":{"line":71,"column":53},"end":{"line":71,"column":73}},"43":{"start":{"line":72,"column":14},"end":{"line":72,"column":45}},"44":{"start":{"line":73,"column":22},"end":{"line":73,"column":52}},"45":{"start":{"line":74,"column":17},"end":{"line":74,"column":63}},"46":{"start":{"line":76,"column":2},"end":{"line":93,"column":4}},"47":{"start":{"line":96,"column":33},"end":{"line":98,"column":1}},"48":{"start":{"line":97,"column":2},"end":{"line":97,"column":61}},"49":{"start":{"line":100,"column":26},"end":{"line":103,"column":1}},"50":{"start":{"line":101,"column":19},"end":{"line":101,"column":76}},"51":{"start":{"line":101,"column":55},"end":{"line":101,"column":75}},"52":{"start":{"line":102,"column":2},"end":{"line":102,"column":56}}},"fnMap":{"0":{"name":"(anonymous_1)","decl":{"start":{"line":8,"column":30},"end":{"line":8,"column":33}},"loc":{"start":{"line":8,"column":13},"end":{"line":8,"column":30}}},"1":{"name":"(anonymous_2)","decl":{"start":{"line":11,"column":30},"end":{"line":11,"column":33}},"loc":{"start":{"line":11,"column":13},"end":{"line":11,"column":30}}},"2":{"name":"(anonymous_3)","decl":{"start":{"line":26,"column":25},"end":{"line":26,"column":28}},"loc":{"start":{"line":26,"column":13},"end":{"line":26,"column":25}}},"3":{"name":"(anonymous_4)","decl":{"start":{"line":38,"column":29},"end":{"line":38,"column":32}},"loc":{"start":{"line":38,"column":13},"end":{"line":38,"column":29}}},"4":{"name":"(anonymous_5)","decl":{"start":{"line":51,"column":30},"end":{"line":51,"column":33}},"loc":{"start":{"line":51,"column":13},"end":{"line":51,"column":30}}},"5":{"name":"(anonymous_6)","decl":{"start":{"line":56,"column":31},"end":{"line":56,"column":34}},"loc":{"start":{"line":56,"column":13},"end":{"line":56,"column":31}}},"6":{"name":"(anonymous_7)","decl":{"start":{"line":96,"column":30},"end":{"line":96,"column":33}},"loc":{"start":{"line":96,"column":13},"end":{"line":96,"column":30}}},"7":{"name":"(anonymous_8)","decl":{"start":{"line":100,"column":23},"end":{"line":100,"column":26}},"loc":{"start":{"line":100,"column":13},"end":{"line":100,"column":23}}},"8":{"name":"(anonymous_10)","decl":{"start":{"line":11,"column":33},"end":{"line":11,"column":34}},"loc":{"start":{"line":19,"column":14},"end":{"line":24,"column":1}}},"9":{"name":"(anonymous_11)","decl":{"start":{"line":26,"column":28},"end":{"line":26,"column":35}},"loc":{"start":{"line":26,"column":67},"end":{"line":36,"column":1}}},"10":{"name":"(anonymous_12)","decl":{"start":{"line":27,"column":21},"end":{"line":27,"column":22}},"loc":{"start":{"line":27,"column":42},"end":{"line":35,"column":3}}},"11":{"name":"(anonymous_13)","decl":{"start":{"line":28,"column":49},"end":{"line":28,"column":50}},"loc":{"start":{"line":28,"column":81},"end":{"line":34,"column":5}}},"12":{"name":"(anonymous_14)","decl":{"start":{"line":42,"column":14},"end":{"line":42,"column":15}},"loc":{"start":{"line":42,"column":54},"end":{"line":48,"column":3}}},"13":{"name":"(anonymous_15)","decl":{"start":{"line":51,"column":33},"end":{"line":51,"column":40}},"loc":{"start":{"line":51,"column":71},"end":{"line":54,"column":1}}},"14":{"name":"(anonymous_16)","decl":{"start":{"line":56,"column":34},"end":{"line":56,"column":41}},"loc":{"start":{"line":61,"column":58},"end":{"line":94,"column":1}}},"15":{"name":"(anonymous_17)","decl":{"start":{"line":96,"column":33},"end":{"line":96,"column":40}},"loc":{"start":{"line":96,"column":100},"end":{"line":98,"column":1}}},"16":{"name":"(anonymous_18)","decl":{"start":{"line":100,"column":26},"end":{"line":100,"column":27}},"loc":{"start":{"line":100,"column":72},"end":{"line":103,"column":1}}},"17":{"name":"(anonymous_19)","decl":{"start":{"line":101,"column":45},"end":{"line":101,"column":46}},"loc":{"start":{"line":101,"column":55},"end":{"line":101,"column":75}}}},"branchMap":{"0":{"loc":{"start":{"line":20,"column":25},"end":{"line":20,"column":59}},"type":"binary-expr","locations":[{"start":{"line":20,"column":25},"end":{"line":20,"column":31}},{"start":{"line":20,"column":35},"end":{"line":20,"column":59}}]},"1":{"loc":{"start":{"line":21,"column":4},"end":{"line":21,"column":52}},"type":"binary-expr","locations":[{"start":{"line":21,"column":4},"end":{"line":21,"column":19}},{"start":{"line":21,"column":23},"end":{"line":21,"column":52}}]},"2":{"loc":{"start":{"line":29,"column":6},"end":{"line":33,"column":7}},"type":"if","locations":[{"start":{"line":29,"column":6},"end":{"line":33,"column":7}},{"start":{"line":31,"column":13},"end":{"line":33,"column":7}}]},"3":{"loc":{"start":{"line":43,"column":4},"end":{"line":47,"column":5}},"type":"if","locations":[{"start":{"line":43,"column":4},"end":{"line":47,"column":5}},{"start":{"line":45,"column":11},"end":{"line":47,"column":5}}]},"4":{"loc":{"start":{"line":74,"column":17},"end":{"line":74,"column":63}},"type":"cond-expr","locations":[{"start":{"line":74,"column":35},"end":{"line":74,"column":49}},{"start":{"line":74,"column":52},"end":{"line":74,"column":63}}]},"5":{"loc":{"start":{"line":74,"column":17},"end":{"line":74,"column":32}},"type":"binary-expr","locations":[{"start":{"line":74,"column":17},"end":{"line":74,"column":22}},{"start":{"line":74,"column":26},"end":{"line":74,"column":32}}]},"6":{"loc":{"start":{"line":84,"column":10},"end":{"line":84,"column":41}},"type":"binary-expr","locations":[{"start":{"line":84,"column":10},"end":{"line":84,"column":14}},{"start":{"line":84,"column":18},"end":{"line":84,"column":41}}]},"7":{"loc":{"start":{"line":85,"column":11},"end":{"line":85,"column":30}},"type":"binary-expr","locations":[{"start":{"line":85,"column":11},"end":{"line":85,"column":16}},{"start":{"line":85,"column":20},"end":{"line":85,"column":30}}]},"8":{"loc":{"start":{"line":86,"column":12},"end":{"line":86,"column":33}},"type":"binary-expr","locations":[{"start":{"line":86,"column":12},"end":{"line":86,"column":18}},{"start":{"line":86,"column":22},"end":{"line":86,"column":33}}]},"9":{"loc":{"start":{"line":96,"column":55},"end":{"line":96,"column":65}},"type":"default-arg","locations":[{"start":{"line":96,"column":63},"end":{"line":96,"column":65}}]},"10":{"loc":{"start":{"line":96,"column":67},"end":{"line":96,"column":78}},"type":"default-arg","locations":[{"start":{"line":96,"column":76},"end":{"line":96,"column":78}}]},"11":{"loc":{"start":{"line":102,"column":9},"end":{"line":102,"column":55}},"type":"cond-expr","locations":[{"start":{"line":102,"column":27},"end":{"line":102,"column":45}},{"start":{"line":102,"column":48},"end":{"line":102,"column":55}}]}},"s":{"0":0,"1":3,"2":5,"3":0,"4":1,"5":5,"6":2,"7":2,"8":4,"9":4,"10":4,"11":4,"12":4,"13":4,"14":4,"15":4,"16":4,"17":7,"18":7,"19":4,"20":10,"21":10,"22":9,"23":1,"24":8,"25":4,"26":0,"27":0,"28":0,"29":4,"30":5,"31":5,"32":4,"33":5,"34":5,"35":4,"36":4,"37":4,"38":4,"39":4,"40":4,"41":4,"42":4,"43":4,"44":4,"45":4,"46":4,"47":4,"48":2,"49":4,"50":2,"51":5,"52":2},"f":{"0":0,"1":3,"2":5,"3":0,"4":1,"5":5,"6":2,"7":2,"8":7,"9":10,"10":10,"11":9,"12":0,"13":5,"14":5,"15":2,"16":2,"17":5},"b":{"0":[7,5],"1":[7,7],"2":[1,8],"3":[0,0],"4":[4,0],"5":[4,4],"6":[4,0],"7":[4,0],"8":[4,0],"9":[1],"10":[1],"11":[1,1]}}
,"/home/tim/github/witter/src/api/services/ImageService/index.ts": {"path":"/home/tim/github/witter/src/api/services/ImageService/index.ts","statementMap":{"0":{"start":{"line":1,"column":9},"end":{"line":1,"column":29}},"1":{"start":{"line":2,"column":9},"end":{"line":2,"column":null}},"2":{"start":{"line":1,"column":29},"end":{"line":1,"column":null}}},"fnMap":{"0":{"name":"(anonymous_1)","decl":{"start":{"line":1,"column":21},"end":{"line":1,"column":29}},"loc":{"start":{"line":1,"column":9},"end":{"line":1,"column":29}}},"1":{"name":"(anonymous_2)","decl":{"start":{"line":2,"column":21},"end":{"line":2,"column":null}},"loc":{"start":{"line":2,"column":9},"end":{"line":2,"column":null}}}},"branchMap":{},"s":{"0":0,"1":0,"2":0},"f":{"0":0,"1":0},"b":{}}
,"/home/tim/github/witter/src/api/services/PostService/PostService.ts": {"path":"/home/tim/github/witter/src/api/services/PostService/PostService.ts","statementMap":{"0":{"start":{"line":17,"column":13},"end":{"line":17,"column":24}},"1":{"start":{"line":2,"column":27},"end":{"line":2,"column":null}},"2":{"start":{"line":3,"column":27},"end":{"line":3,"column":null}},"3":{"start":{"line":4,"column":50},"end":{"line":4,"column":null}},"4":{"start":{"line":9,"column":34},"end":{"line":9,"column":null}},"5":{"start":{"line":18,"column":22},"end":{"line":18,"column":44}},"6":{"start":{"line":20,"column":2},"end":{"line":43,"column":null}},"7":{"start":{"line":21,"column":4},"end":{"line":42,"column":5}},"8":{"start":{"line":22,"column":6},"end":{"line":25,"column":7}},"9":{"start":{"line":23,"column":8},"end":{"line":23,"column":64}},"10":{"start":{"line":24,"column":8},"end":{"line":24,"column":20}},"11":{"start":{"line":26,"column":38},"end":{"line":26,"column":84}},"12":{"start":{"line":27,"column":6},"end":{"line":30,"column":7}},"13":{"start":{"line":28,"column":8},"end":{"line":28,"column":39}},"14":{"start":{"line":29,"column":8},"end":{"line":29,"column":20}},"15":{"start":{"line":31,"column":64},"end":{"line":34,"column":8}},"16":{"start":{"line":35,"column":6},"end":{"line":37,"column":7}},"17":{"start":{"line":36,"column":8},"end":{"line":36,"column":20}},"18":{"start":{"line":38,"column":6},"end":{"line":38,"column":103}},"19":{"start":{"line":40,"column":6},"end":{"line":40,"column":27}},"20":{"start":{"line":41,"column":6},"end":{"line":41,"column":18}},"21":{"start":{"line":45,"column":2},"end":{"line":68,"column":null}},"22":{"start":{"line":46,"column":4},"end":{"line":67,"column":5}},"23":{"start":{"line":47,"column":24},"end":{"line":60,"column":8}},"24":{"start":{"line":61,"column":6},"end":{"line":63,"column":7}},"25":{"start":{"line":62,"column":8},"end":{"line":62,"column":20}},"26":{"start":{"line":64,"column":6},"end":{"line":64,"column":23}},"27":{"start":{"line":66,"column":6},"end":{"line":66,"column":27}},"28":{"start":{"line":70,"column":2},"end":{"line":85,"column":null}},"29":{"start":{"line":73,"column":4},"end":{"line":83,"column":5}},"30":{"start":{"line":73,"column":23},"end":{"line":73,"column":24}},"31":{"start":{"line":74,"column":19},"end":{"line":74,"column":31}},"32":{"start":{"line":75,"column":6},"end":{"line":79,"column":9}},"33":{"start":{"line":80,"column":6},"end":{"line":82,"column":7}},"34":{"start":{"line":81,"column":8},"end":{"line":81,"column":20}},"35":{"start":{"line":84,"column":4},"end":{"line":84,"column":16}},"36":{"start":{"line":87,"column":2},"end":{"line":156,"column":null}},"37":{"start":{"line":96,"column":4},"end":{"line":155,"column":5}},"38":{"start":{"line":97,"column":23},"end":{"line":97,"column":50}},"39":{"start":{"line":99,"column":6},"end":{"line":101,"column":7}},"40":{"start":{"line":100,"column":8},"end":{"line":100,"column":54}},"41":{"start":{"line":103,"column":6},"end":{"line":107,"column":9}},"42":{"start":{"line":109,"column":21},"end":{"line":109,"column":33}},"43":{"start":{"line":111,"column":19},"end":{"line":142,"column":8}},"44":{"start":{"line":144,"column":6},"end":{"line":149,"column":9}},"45":{"start":{"line":151,"column":6},"end":{"line":151,"column":18}},"46":{"start":{"line":153,"column":6},"end":{"line":153,"column":27}},"47":{"start":{"line":154,"column":6},"end":{"line":154,"column":18}},"48":{"start":{"line":158,"column":2},"end":{"line":215,"column":null}},"49":{"start":{"line":165,"column":4},"end":{"line":214,"column":5}},"50":{"start":{"line":166,"column":6},"end":{"line":168,"column":7}},"51":{"start":{"line":167,"column":8},"end":{"line":167,"column":44}},"52":{"start":{"line":170,"column":6},"end":{"line":176,"column":7}},"53":{"start":{"line":171,"column":8},"end":{"line":175,"column":11}},"54":{"start":{"line":178,"column":30},"end":{"line":193,"column":8}},"55":{"start":{"line":195,"column":27},"end":{"line":195,"column":87}},"56":{"start":{"line":195,"column":60},"end":{"line":195,"column":86}},"57":{"start":{"line":197,"column":29},"end":{"line":208,"column":8}},"58":{"start":{"line":210,"column":6},"end":{"line":210,"column":63}},"59":{"start":{"line":212,"column":6},"end":{"line":212,"column":27}},"60":{"start":{"line":213,"column":6},"end":{"line":213,"column":55}},"61":{"start":{"line":217,"column":2},"end":{"line":273,"column":null}},"62":{"start":{"line":228,"column":4},"end":{"line":230,"column":5}},"63":{"start":{"line":229,"column":6},"end":{"line":229,"column":42}},"64":{"start":{"line":231,"column":4},"end":{"line":233,"column":5}},"65":{"start":{"line":232,"column":6},"end":{"line":232,"column":18}},"66":{"start":{"line":234,"column":21},"end":{"line":240,"column":7}},"67":{"start":{"line":234,"column":53},"end":{"line":240,"column":6}},"68":{"start":{"line":242,"column":31},"end":{"line":271,"column":5}},"69":{"start":{"line":252,"column":43},"end":{"line":256,"column":8}},"70":{"start":{"line":272,"column":4},"end":{"line":272,"column":24}},"71":{"start":{"line":275,"column":2},"end":{"line":289,"column":null}},"72":{"start":{"line":276,"column":33},"end":{"line":287,"column":10}},"73":{"start":{"line":277,"column":19},"end":{"line":282,"column":8}},"74":{"start":{"line":283,"column":6},"end":{"line":285,"column":7}},"75":{"start":{"line":284,"column":8},"end":{"line":284,"column":25}},"76":{"start":{"line":286,"column":6},"end":{"line":286,"column":19}},"77":{"start":{"line":288,"column":4},"end":{"line":288,"column":24}}},"fnMap":{"0":{"name":"(anonymous_0)","decl":{"start":{"line":17,"column":13},"end":{"line":17,"column":24}},"loc":{"start":{"line":17,"column":13},"end":{"line":17,"column":24}}},"1":{"name":"(anonymous_1)","decl":{"start":{"line":18,"column":2},"end":{"line":18,"column":22}},"loc":{"start":{"line":18,"column":44},"end":{"line":18,"column":null}}},"2":{"name":"(anonymous_2)","decl":{"start":{"line":20,"column":22},"end":{"line":20,"column":29}},"loc":{"start":{"line":20,"column":99},"end":{"line":43,"column":3}}},"3":{"name":"(anonymous_3)","decl":{"start":{"line":45,"column":18},"end":{"line":45,"column":25}},"loc":{"start":{"line":45,"column":65},"end":{"line":68,"column":3}}},"4":{"name":"(anonymous_4)","decl":{"start":{"line":70,"column":19},"end":{"line":70,"column":55}},"loc":{"start":{"line":70,"column":55},"end":{"line":85,"column":3}}},"5":{"name":"(anonymous_5)","decl":{"start":{"line":87,"column":15},"end":{"line":87,"column":22}},"loc":{"start":{"line":95,"column":29},"end":{"line":156,"column":3}}},"6":{"name":"(anonymous_6)","decl":{"start":{"line":158,"column":34},"end":{"line":158,"column":41}},"loc":{"start":{"line":164,"column":95},"end":{"line":215,"column":3}}},"7":{"name":"(anonymous_7)","decl":{"start":{"line":195,"column":50},"end":{"line":195,"column":51}},"loc":{"start":{"line":195,"column":60},"end":{"line":195,"column":86}}},"8":{"name":"(anonymous_8)","decl":{"start":{"line":217,"column":32},"end":{"line":217,"column":33}},"loc":{"start":{"line":227,"column":21},"end":{"line":273,"column":3}}},"9":{"name":"(anonymous_9)","decl":{"start":{"line":234,"column":39},"end":{"line":234,"column":40}},"loc":{"start":{"line":234,"column":53},"end":{"line":240,"column":6}}},"10":{"name":"(anonymous_10)","decl":{"start":{"line":252,"column":32},"end":{"line":252,"column":33}},"loc":{"start":{"line":252,"column":43},"end":{"line":256,"column":8}}},"11":{"name":"(anonymous_11)","decl":{"start":{"line":275,"column":30},"end":{"line":275,"column":31}},"loc":{"start":{"line":275,"column":70},"end":{"line":289,"column":3}}},"12":{"name":"(anonymous_12)","decl":{"start":{"line":276,"column":46},"end":{"line":276,"column":47}},"loc":{"start":{"line":276,"column":90},"end":{"line":287,"column":5}}}},"branchMap":{"0":{"loc":{"start":{"line":22,"column":6},"end":{"line":25,"column":7}},"type":"if","locations":[{"start":{"line":22,"column":6},"end":{"line":25,"column":7}}]},"1":{"loc":{"start":{"line":22,"column":10},"end":{"line":22,"column":30}},"type":"binary-expr","locations":[{"start":{"line":22,"column":10},"end":{"line":22,"column":19}},{"start":{"line":22,"column":23},"end":{"line":22,"column":30}}]},"2":{"loc":{"start":{"line":27,"column":6},"end":{"line":30,"column":7}},"type":"if","locations":[{"start":{"line":27,"column":6},"end":{"line":30,"column":7}}]},"3":{"loc":{"start":{"line":35,"column":6},"end":{"line":37,"column":7}},"type":"if","locations":[{"start":{"line":35,"column":6},"end":{"line":37,"column":7}}]},"4":{"loc":{"start":{"line":61,"column":6},"end":{"line":63,"column":7}},"type":"if","locations":[{"start":{"line":61,"column":6},"end":{"line":63,"column":7}}]},"5":{"loc":{"start":{"line":80,"column":6},"end":{"line":82,"column":7}},"type":"if","locations":[{"start":{"line":80,"column":6},"end":{"line":82,"column":7}}]},"6":{"loc":{"start":{"line":99,"column":6},"end":{"line":101,"column":7}},"type":"if","locations":[{"start":{"line":99,"column":6},"end":{"line":101,"column":7}}]},"7":{"loc":{"start":{"line":166,"column":6},"end":{"line":168,"column":7}},"type":"if","locations":[{"start":{"line":166,"column":6},"end":{"line":168,"column":7}}]},"8":{"loc":{"start":{"line":170,"column":6},"end":{"line":176,"column":7}},"type":"if","locations":[{"start":{"line":170,"column":6},"end":{"line":176,"column":7}}]},"9":{"loc":{"start":{"line":228,"column":4},"end":{"line":230,"column":5}},"type":"if","locations":[{"start":{"line":228,"column":4},"end":{"line":230,"column":5}}]},"10":{"loc":{"start":{"line":231,"column":4},"end":{"line":233,"column":5}},"type":"if","locations":[{"start":{"line":231,"column":4},"end":{"line":233,"column":5}}]},"11":{"loc":{"start":{"line":283,"column":6},"end":{"line":285,"column":7}},"type":"if","locations":[{"start":{"line":283,"column":6},"end":{"line":285,"column":7}}]}},"s":{"0":15,"1":2,"2":2,"3":2,"4":2,"5":15,"6":15,"7":3,"8":3,"9":1,"10":1,"11":2,"12":2,"13":1,"14":1,"15":1,"16":1,"17":0,"18":1,"19":0,"20":0,"21":15,"22":5,"23":5,"24":5,"25":2,"26":3,"27":0,"28":15,"29":4,"30":4,"31":8,"32":8,"33":8,"34":3,"35":1,"36":15,"37":1,"38":1,"39":1,"40":0,"41":1,"42":1,"43":1,"44":1,"45":1,"46":0,"47":0,"48":15,"49":4,"50":4,"51":0,"52":4,"53":0,"54":4,"55":4,"56":4,"57":4,"58":4,"59":0,"60":0,"61":15,"62":2,"63":0,"64":2,"65":0,"66":2,"67":0,"68":2,"69":2,"70":2,"71":15,"72":1,"73":1,"74":1,"75":1,"76":1,"77":1},"f":{"0":15,"1":15,"2":3,"3":5,"4":4,"5":1,"6":4,"7":4,"8":2,"9":0,"10":2,"11":1,"12":1},"b":{"0":[1],"1":[3,1],"2":[1],"3":[0],"4":[2],"5":[3],"6":[0],"7":[0],"8":[0],"9":[0],"10":[0],"11":[1]}}
,"/home/tim/github/witter/src/api/services/PostService/index.ts": {"path":"/home/tim/github/witter/src/api/services/PostService/index.ts","statementMap":{"0":{"start":{"line":1,"column":9},"end":{"line":1,"column":28}},"1":{"start":{"line":1,"column":28},"end":{"line":1,"column":null}}},"fnMap":{"0":{"name":"(anonymous_0)","decl":{"start":{"line":1,"column":9},"end":{"line":1,"column":20}},"loc":{"start":{"line":1,"column":9},"end":{"line":1,"column":28}}}},"branchMap":{},"s":{"0":1,"1":1},"f":{"0":1},"b":{}}
,"/home/tim/github/witter/src/api/utils/query-objects.ts": {"path":"/home/tim/github/witter/src/api/utils/query-objects.ts","statementMap":{"0":{"start":{"line":1,"column":13},"end":{"line":1,"column":26}},"1":{"start":{"line":70,"column":13},"end":{"line":70,"column":31}},"2":{"start":{"line":1,"column":29},"end":{"line":68,"column":1}},"3":{"start":{"line":70,"column":34},"end":{"line":74,"column":1}}},"fnMap":{"0":{"name":"(anonymous_1)","decl":{"start":{"line":1,"column":26},"end":{"line":1,"column":29}},"loc":{"start":{"line":1,"column":13},"end":{"line":1,"column":26}}},"1":{"name":"(anonymous_2)","decl":{"start":{"line":70,"column":31},"end":{"line":70,"column":34}},"loc":{"start":{"line":70,"column":13},"end":{"line":70,"column":31}}}},"branchMap":{},"s":{"0":6,"1":6,"2":2,"3":2},"f":{"0":6,"1":6},"b":{}}
,"/home/tim/github/witter/src/api/utils/router.ts": {"path":"/home/tim/github/witter/src/api/utils/router.ts","statementMap":{"0":{"start":{"line":8,"column":13},"end":{"line":8,"column":32}},"1":{"start":{"line":17,"column":13},"end":{"line":17,"column":32}},"2":{"start":{"line":33,"column":13},"end":{"line":33,"column":22}},"3":{"start":{"line":42,"column":13},"end":{"line":42,"column":21}},"4":{"start":{"line":57,"column":13},"end":{"line":57,"column":29}},"5":{"start":{"line":63,"column":13},"end":{"line":63,"column":28}},"6":{"start":{"line":73,"column":13},"end":{"line":73,"column":22}},"7":{"start":{"line":4,"column":24},"end":{"line":4,"column":null}},"8":{"start":{"line":5,"column":50},"end":{"line":5,"column":null}},"9":{"start":{"line":6,"column":19},"end":{"line":6,"column":null}},"10":{"start":{"line":8,"column":35},"end":{"line":15,"column":1}},"11":{"start":{"line":9,"column":26},"end":{"line":9,"column":53}},"12":{"start":{"line":10,"column":2},"end":{"line":12,"column":3}},"13":{"start":{"line":11,"column":4},"end":{"line":11,"column":25}},"14":{"start":{"line":13,"column":2},"end":{"line":13,"column":18}},"15":{"start":{"line":14,"column":2},"end":{"line":14,"column":15}},"16":{"start":{"line":17,"column":35},"end":{"line":25,"column":1}},"17":{"start":{"line":18,"column":2},"end":{"line":22,"column":3}},"18":{"start":{"line":19,"column":4},"end":{"line":21,"column":7}},"19":{"start":{"line":23,"column":2},"end":{"line":23,"column":11}},"20":{"start":{"line":24,"column":2},"end":{"line":24,"column":16}},"21":{"start":{"line":33,"column":45},"end":{"line":40,"column":1}},"22":{"start":{"line":34,"column":2},"end":{"line":38,"column":3}},"23":{"start":{"line":35,"column":4},"end":{"line":37,"column":7}},"24":{"start":{"line":39,"column":2},"end":{"line":39,"column":16}},"25":{"start":{"line":42,"column":24},"end":{"line":55,"column":1}},"26":{"start":{"line":43,"column":2},"end":{"line":54,"column":4}},"27":{"start":{"line":44,"column":4},"end":{"line":44,"column":76}},"28":{"start":{"line":44,"column":54},"end":{"line":44,"column":73}},"29":{"start":{"line":46,"column":19},"end":{"line":46,"column":40}},"30":{"start":{"line":47,"column":4},"end":{"line":51,"column":5}},"31":{"start":{"line":48,"column":25},"end":{"line":48,"column":39}},"32":{"start":{"line":49,"column":6},"end":{"line":49,"column":57}},"33":{"start":{"line":50,"column":6},"end":{"line":50,"column":35}},"34":{"start":{"line":52,"column":4},"end":{"line":52,"column":13}},"35":{"start":{"line":53,"column":4},"end":{"line":53,"column":11}},"36":{"start":{"line":57,"column":32},"end":{"line":61,"column":1}},"37":{"start":{"line":58,"column":2},"end":{"line":60,"column":5}},"38":{"start":{"line":63,"column":31},"end":{"line":71,"column":1}},"39":{"start":{"line":65,"column":4},"end":{"line":65,"column":23}},"40":{"start":{"line":66,"column":4},"end":{"line":66,"column":64}},"41":{"start":{"line":69,"column":4},"end":{"line":69,"column":57}},"42":{"start":{"line":73,"column":25},"end":{"line":80,"column":1}},"43":{"start":{"line":74,"column":22},"end":{"line":74,"column":45}},"44":{"start":{"line":75,"column":2},"end":{"line":79,"column":3}},"45":{"start":{"line":76,"column":4},"end":{"line":76,"column":34}},"46":{"start":{"line":78,"column":4},"end":{"line":78,"column":11}}},"fnMap":{"0":{"name":"(anonymous_1)","decl":{"start":{"line":8,"column":32},"end":{"line":8,"column":35}},"loc":{"start":{"line":8,"column":13},"end":{"line":8,"column":32}}},"1":{"name":"(anonymous_2)","decl":{"start":{"line":17,"column":32},"end":{"line":17,"column":35}},"loc":{"start":{"line":17,"column":13},"end":{"line":17,"column":32}}},"2":{"name":"(anonymous_3)","decl":{"start":{"line":33,"column":22},"end":{"line":33,"column":45}},"loc":{"start":{"line":33,"column":13},"end":{"line":33,"column":22}}},"3":{"name":"(anonymous_4)","decl":{"start":{"line":42,"column":21},"end":{"line":42,"column":24}},"loc":{"start":{"line":42,"column":13},"end":{"line":42,"column":21}}},"4":{"name":"(anonymous_5)","decl":{"start":{"line":57,"column":29},"end":{"line":57,"column":32}},"loc":{"start":{"line":57,"column":13},"end":{"line":57,"column":29}}},"5":{"name":"(anonymous_6)","decl":{"start":{"line":63,"column":28},"end":{"line":63,"column":31}},"loc":{"start":{"line":63,"column":13},"end":{"line":63,"column":28}}},"6":{"name":"(anonymous_7)","decl":{"start":{"line":73,"column":22},"end":{"line":73,"column":25}},"loc":{"start":{"line":73,"column":13},"end":{"line":73,"column":22}}},"7":{"name":"(anonymous_9)","decl":{"start":{"line":8,"column":35},"end":{"line":8,"column":42}},"loc":{"start":{"line":8,"column":113},"end":{"line":15,"column":1}}},"8":{"name":"(anonymous_10)","decl":{"start":{"line":17,"column":35},"end":{"line":17,"column":42}},"loc":{"start":{"line":17,"column":113},"end":{"line":25,"column":1}}},"9":{"name":"(anonymous_11)","decl":{"start":{"line":33,"column":45},"end":{"line":33,"column":46}},"loc":{"start":{"line":33,"column":65},"end":{"line":40,"column":1}}},"10":{"name":"(anonymous_12)","decl":{"start":{"line":42,"column":24},"end":{"line":42,"column":25}},"loc":{"start":{"line":42,"column":60},"end":{"line":55,"column":1}}},"11":{"name":"(anonymous_13)","decl":{"start":{"line":43,"column":9},"end":{"line":43,"column":16}},"loc":{"start":{"line":43,"column":87},"end":{"line":54,"column":3}}},"12":{"name":"(anonymous_14)","decl":{"start":{"line":44,"column":38},"end":{"line":44,"column":39}},"loc":{"start":{"line":44,"column":54},"end":{"line":44,"column":73}}},"13":{"name":"(anonymous_15)","decl":{"start":{"line":57,"column":32},"end":{"line":57,"column":33}},"loc":{"start":{"line":57,"column":84},"end":{"line":61,"column":1}}},"14":{"name":"(anonymous_16)","decl":{"start":{"line":64,"column":11},"end":{"line":64,"column":12}},"loc":{"start":{"line":64,"column":45},"end":{"line":67,"column":3}}},"15":{"name":"(anonymous_17)","decl":{"start":{"line":68,"column":13},"end":{"line":68,"column":14}},"loc":{"start":{"line":68,"column":35},"end":{"line":70,"column":3}}},"16":{"name":"(anonymous_18)","decl":{"start":{"line":73,"column":25},"end":{"line":73,"column":26}},"loc":{"start":{"line":73,"column":97},"end":{"line":80,"column":1}}}},"branchMap":{"0":{"loc":{"start":{"line":10,"column":2},"end":{"line":12,"column":3}},"type":"if","locations":[{"start":{"line":10,"column":2},"end":{"line":12,"column":3}}]},"1":{"loc":{"start":{"line":18,"column":2},"end":{"line":22,"column":3}},"type":"if","locations":[{"start":{"line":18,"column":2},"end":{"line":22,"column":3}}]},"2":{"loc":{"start":{"line":34,"column":2},"end":{"line":38,"column":3}},"type":"if","locations":[{"start":{"line":34,"column":2},"end":{"line":38,"column":3}}]},"3":{"loc":{"start":{"line":47,"column":4},"end":{"line":51,"column":5}},"type":"if","locations":[{"start":{"line":47,"column":4},"end":{"line":51,"column":5}}]},"4":{"loc":{"start":{"line":75,"column":2},"end":{"line":79,"column":3}},"type":"if","locations":[{"start":{"line":75,"column":2},"end":{"line":79,"column":3}},{"start":{"line":77,"column":9},"end":{"line":79,"column":3}}]},"5":{"loc":{"start":{"line":75,"column":6},"end":{"line":75,"column":55}},"type":"binary-expr","locations":[{"start":{"line":75,"column":6},"end":{"line":75,"column":29}},{"start":{"line":75,"column":33},"end":{"line":75,"column":55}}]}},"s":{"0":0,"1":0,"2":0,"3":0,"4":0,"5":0,"6":0,"7":0,"8":0,"9":0,"10":0,"11":0,"12":0,"13":0,"14":0,"15":0,"16":0,"17":0,"18":0,"19":0,"20":0,"21":0,"22":0,"23":0,"24":0,"25":0,"26":0,"27":0,"28":0,"29":0,"30":0,"31":0,"32":0,"33":0,"34":0,"35":0,"36":0,"37":0,"38":0,"39":0,"40":0,"41":0,"42":0,"43":0,"44":0,"45":0,"46":0},"f":{"0":0,"1":0,"2":0,"3":0,"4":0,"5":0,"6":0,"7":0,"8":0,"9":0,"10":0,"11":0,"12":0,"13":0,"14":0,"15":0,"16":0},"b":{"0":[0],"1":[0],"2":[0],"3":[0],"4":[0,0],"5":[0,0]}}
,"/home/tim/github/witter/src/common/components/BrandLogo.tsx": {"path":"/home/tim/github/witter/src/common/components/BrandLogo.tsx","statementMap":{"0":{"start":{"line":3,"column":13},"end":{"line":3,"column":22}},"1":{"start":{"line":1,"column":18},"end":{"line":1,"column":null}},"2":{"start":{"line":2,"column":20},"end":{"line":2,"column":null}},"3":{"start":{"line":3,"column":25},"end":{"line":9,"column":1}},"4":{"start":{"line":4,"column":2},"end":{"line":7,"column":null}}},"fnMap":{"0":{"name":"(anonymous_0)","decl":{"start":{"line":3,"column":13},"end":{"line":3,"column":22}},"loc":{"start":{"line":3,"column":13},"end":{"line":3,"column":22}}},"1":{"name":"(anonymous_2)","decl":{"start":{"line":3,"column":25},"end":{"line":3,"column":31}},"loc":{"start":{"line":3,"column":31},"end":{"line":9,"column":1}}}},"branchMap":{},"s":{"0":0,"1":1,"2":1,"3":1,"4":0},"f":{"0":0,"1":0},"b":{}}
,"/home/tim/github/witter/src/common/components/PostHeaderAvatar.tsx": {"path":"/home/tim/github/witter/src/common/components/PostHeaderAvatar.tsx","statementMap":{"0":{"start":{"line":17,"column":13},"end":{"line":17,"column":29}},"1":{"start":{"line":1,"column":35},"end":{"line":1,"column":null}},"2":{"start":{"line":11,"column":23},"end":{"line":15,"column":1}},"3":{"start":{"line":17,"column":32},"end":{"line":40,"column":1}},"4":{"start":{"line":18,"column":2},"end":{"line":38,"column":null}},"5":{"start":{"line":22,"column":21},"end":{"line":22,"column":47}}},"fnMap":{"0":{"name":"(anonymous_0)","decl":{"start":{"line":17,"column":13},"end":{"line":17,"column":29}},"loc":{"start":{"line":17,"column":13},"end":{"line":17,"column":29}}},"1":{"name":"(anonymous_1)","decl":{"start":{"line":17,"column":32},"end":{"line":17,"column":33}},"loc":{"start":{"line":17,"column":117},"end":{"line":40,"column":1}}},"2":{"name":"(anonymous_2)","decl":{"start":{"line":22,"column":15},"end":{"line":22,"column":21}},"loc":{"start":{"line":22,"column":21},"end":{"line":22,"column":47}}}},"branchMap":{"0":{"loc":{"start":{"line":17,"column":69},"end":{"line":17,"column":80}},"type":"default-arg","locations":[{"start":{"line":17,"column":76},"end":{"line":17,"column":80}}]},"1":{"loc":{"start":{"line":23,"column":11},"end":{"line":23,"column":32}},"type":"cond-expr","locations":[{"start":{"line":23,"column":27},"end":{"line":23,"column":28}},{"start":{"line":23,"column":31},"end":{"line":23,"column":32}}]},"2":{"loc":{"start":{"line":26,"column":9},"end":{"line":26,"column":30}},"type":"cond-expr","locations":[{"start":{"line":26,"column":17},"end":{"line":26,"column":22}},{"start":{"line":26,"column":25},"end":{"line":26,"column":30}}]},"3":{"loc":{"start":{"line":28,"column":75},"end":{"line":28,"column":98}},"type":"cond-expr","locations":[{"start":{"line":28,"column":89},"end":{"line":28,"column":92}},{"start":{"line":28,"column":95},"end":{"line":28,"column":98}}]},"4":{"loc":{"start":{"line":32,"column":9},"end":{"line":36,"column":16}},"type":"cond-expr","locations":[{"start":{"line":33,"column":10},"end":{"line":35,"column":null}},{"start":{"line":36,"column":12},"end":{"line":36,"column":16}}]}},"s":{"0":0,"1":1,"2":1,"3":1,"4":0,"5":0},"f":{"0":0,"1":0,"2":0},"b":{"0":[0],"1":[0,0],"2":[0,0],"3":[0,0],"4":[0,0]}}
,"/home/tim/github/witter/src/common/components/ErrorBoundary/ErrorBoundary.tsx": {"path":"/home/tim/github/witter/src/common/components/ErrorBoundary/ErrorBoundary.tsx","statementMap":{"0":{"start":{"line":50,"column":13},"end":{"line":50,"column":26}},"1":{"start":{"line":1,"column":26},"end":{"line":1,"column":null}},"2":{"start":{"line":2,"column":39},"end":{"line":2,"column":null}},"3":{"start":{"line":10,"column":4},"end":{"line":10,"column":17}},"4":{"start":{"line":13,"column":4},"end":{"line":13,"column":37}},"5":{"start":{"line":17,"column":4},"end":{"line":17,"column":67}},"6":{"start":{"line":18,"column":4},"end":{"line":18,"column":30}},"7":{"start":{"line":22,"column":4},"end":{"line":22,"column":40}},"8":{"start":{"line":26,"column":4},"end":{"line":42,"column":5}},"9":{"start":{"line":28,"column":6},"end":{"line":40,"column":null}},"10":{"start":{"line":34,"column":14},"end":{"line":34,"column":41}},"11":{"start":{"line":35,"column":14},"end":{"line":35,"column":49}},"12":{"start":{"line":46,"column":4},"end":{"line":46,"column":31}},"13":{"start":{"line":50,"column":29},"end":{"line":50,"column":49}}},"fnMap":{"0":{"name":"(anonymous_0)","decl":{"start":{"line":50,"column":13},"end":{"line":50,"column":26}},"loc":{"start":{"line":50,"column":13},"end":{"line":50,"column":26}}},"1":{"name":"(anonymous_1)","decl":{"start":{"line":9,"column":2},"end":{"line":9,"column":14}},"loc":{"start":{"line":9,"column":41},"end":{"line":14,"column":null}}},"2":{"name":"(anonymous_2)","decl":{"start":{"line":15,"column":9},"end":{"line":15,"column":33}},"loc":{"start":{"line":15,"column":48},"end":{"line":19,"column":null}}},"3":{"name":"(anonymous_3)","decl":{"start":{"line":20,"column":2},"end":{"line":20,"column":19}},"loc":{"start":{"line":20,"column":54},"end":{"line":23,"column":null}}},"4":{"name":"(anonymous_4)","decl":{"start":{"line":24,"column":2},"end":{"line":24,"column":8}},"loc":{"start":{"line":24,"column":11},"end":{"line":47,"column":null}}},"5":{"name":"(anonymous_5)","decl":{"start":{"line":33,"column":21},"end":{"line":33,"column":27}},"loc":{"start":{"line":33,"column":27},"end":{"line":36,"column":13}}}},"branchMap":{"0":{"loc":{"start":{"line":26,"column":4},"end":{"line":42,"column":5}},"type":"if","locations":[{"start":{"line":26,"column":4},"end":{"line":42,"column":5}}]}},"s":{"0":0,"1":0,"2":0,"3":0,"4":0,"5":0,"6":0,"7":0,"8":0,"9":0,"10":0,"11":0,"12":0,"13":0},"f":{"0":0,"1":0,"2":0,"3":0,"4":0,"5":0},"b":{"0":[0]}}
,"/home/tim/github/witter/src/common/components/ErrorBoundary/index.tsx": {"path":"/home/tim/github/witter/src/common/components/ErrorBoundary/index.tsx","statementMap":{"0":{"start":{"line":1,"column":9},"end":{"line":1,"column":30}},"1":{"start":{"line":1,"column":30},"end":{"line":1,"column":null}}},"fnMap":{"0":{"name":"(anonymous_0)","decl":{"start":{"line":1,"column":9},"end":{"line":1,"column":22}},"loc":{"start":{"line":1,"column":9},"end":{"line":1,"column":30}}}},"branchMap":{},"s":{"0":0,"1":0},"f":{"0":0},"b":{}}
,"/home/tim/github/witter/src/common/components/ErrorMessage/ErrorMessage.tsx": {"path":"/home/tim/github/witter/src/common/components/ErrorMessage/ErrorMessage.tsx","statementMap":{"0":{"start":{"line":3,"column":13},"end":{"line":3,"column":25}},"1":{"start":{"line":1,"column":26},"end":{"line":1,"column":null}},"2":{"start":{"line":3,"column":28},"end":{"line":17,"column":5}},"3":{"start":{"line":9,"column":2},"end":{"line":17,"column":5}}},"fnMap":{"0":{"name":"(anonymous_0)","decl":{"start":{"line":3,"column":13},"end":{"line":3,"column":25}},"loc":{"start":{"line":3,"column":13},"end":{"line":3,"column":25}}},"1":{"name":"(anonymous_1)","decl":{"start":{"line":3,"column":28},"end":{"line":3,"column":29}},"loc":{"start":{"line":9,"column":2},"end":{"line":17,"column":5}}}},"branchMap":{"0":{"loc":{"start":{"line":10,"column":5},"end":{"line":16,"column":12}},"type":"cond-expr","locations":[{"start":{"line":11,"column":6},"end":{"line":15,"column":null}},{"start":{"line":16,"column":8},"end":{"line":16,"column":12}}]}},"s":{"0":0,"1":0,"2":0,"3":0},"f":{"0":0,"1":0},"b":{"0":[0,0]}}
,"/home/tim/github/witter/src/common/components/ErrorMessage/index.tsx": {"path":"/home/tim/github/witter/src/common/components/ErrorMessage/index.tsx","statementMap":{"0":{"start":{"line":1,"column":9},"end":{"line":1,"column":29}},"1":{"start":{"line":1,"column":29},"end":{"line":1,"column":null}}},"fnMap":{"0":{"name":"(anonymous_0)","decl":{"start":{"line":1,"column":9},"end":{"line":1,"column":21}},"loc":{"start":{"line":1,"column":9},"end":{"line":1,"column":29}}}},"branchMap":{},"s":{"0":0,"1":0},"f":{"0":0},"b":{}}
,"/home/tim/github/witter/src/common/components/PostCard/PostCard.tsx": {"path":"/home/tim/github/witter/src/common/components/PostCard/PostCard.tsx","statementMap":{"0":{"start":{"line":16,"column":13},"end":{"line":16,"column":21}},"1":{"start":{"line":71,"column":0},"end":{"line":71,"column":15}},"2":{"start":{"line":1,"column":45},"end":{"line":1,"column":null}},"3":{"start":{"line":2,"column":27},"end":{"line":2,"column":null}},"4":{"start":{"line":3,"column":26},"end":{"line":3,"column":null}},"5":{"start":{"line":5,"column":27},"end":{"line":5,"column":null}},"6":{"start":{"line":16,"column":24},"end":{"line":69,"column":1}},"7":{"start":{"line":24,"column":2},"end":{"line":67,"column":null}},"8":{"start":{"line":71,"column":15},"end":{"line":71,"column":23}}},"fnMap":{"0":{"name":"(anonymous_1)","decl":{"start":{"line":16,"column":21},"end":{"line":16,"column":24}},"loc":{"start":{"line":16,"column":13},"end":{"line":16,"column":21}}},"1":{"name":"(anonymous_2)","decl":{"start":{"line":71,"column":24},"end":{"line":71,"column":null}},"loc":{"start":{"line":71,"column":0},"end":{"line":71,"column":15}}},"2":{"name":"(anonymous_3)","decl":{"start":{"line":16,"column":24},"end":{"line":16,"column":25}},"loc":{"start":{"line":23,"column":21},"end":{"line":69,"column":1}}}},"branchMap":{},"s":{"0":0,"1":0,"2":0,"3":0,"4":0,"5":0,"6":0,"7":0,"8":0},"f":{"0":0,"1":0,"2":0},"b":{}}
,"/home/tim/github/witter/src/common/components/PostCard/PostImage.tsx": {"path":"/home/tim/github/witter/src/common/components/PostCard/PostImage.tsx","statementMap":{"0":{"start":{"line":17,"column":13},"end":{"line":17,"column":22}},"1":{"start":{"line":2,"column":18},"end":{"line":2,"column":null}},"2":{"start":{"line":3,"column":18},"end":{"line":3,"column":null}},"3":{"start":{"line":4,"column":42},"end":{"line":4,"column":null}},"4":{"start":{"line":17,"column":25},"end":{"line":50,"column":1}},"5":{"start":{"line":27,"column":2},"end":{"line":48,"column":null}},"6":{"start":{"line":39,"column":8},"end":{"line":41,"column":9}},"7":{"start":{"line":40,"column":10},"end":{"line":40,"column":28}},"8":{"start":{"line":44,"column":8},"end":{"line":46,"column":9}},"9":{"start":{"line":45,"column":10},"end":{"line":45,"column":28}}},"fnMap":{"0":{"name":"(anonymous_0)","decl":{"start":{"line":17,"column":13},"end":{"line":17,"column":22}},"loc":{"start":{"line":17,"column":13},"end":{"line":17,"column":22}}},"1":{"name":"(anonymous_2)","decl":{"start":{"line":17,"column":25},"end":{"line":17,"column":26}},"loc":{"start":{"line":26,"column":22},"end":{"line":50,"column":1}}},"2":{"name":"(anonymous_3)","decl":{"start":{"line":38,"column":15},"end":{"line":38,"column":21}},"loc":{"start":{"line":38,"column":21},"end":{"line":42,"column":7}}},"3":{"name":"(anonymous_4)","decl":{"start":{"line":43,"column":25},"end":{"line":43,"column":31}},"loc":{"start":{"line":43,"column":31},"end":{"line":47,"column":7}}}},"branchMap":{"0":{"loc":{"start":{"line":33,"column":15},"end":{"line":33,"column":48}},"type":"cond-expr","locations":[{"start":{"line":33,"column":32},"end":{"line":33,"column":39}},{"start":{"line":33,"column":42},"end":{"line":33,"column":48}}]},"1":{"loc":{"start":{"line":34,"column":16},"end":{"line":34,"column":59}},"type":"cond-expr","locations":[{"start":{"line":34,"column":47},"end":{"line":34,"column":51}},{"start":{"line":34,"column":54},"end":{"line":34,"column":59}}]},"2":{"loc":{"start":{"line":34,"column":16},"end":{"line":34,"column":44}},"type":"binary-expr","locations":[{"start":{"line":34,"column":16},"end":{"line":34,"column":30}},{"start":{"line":34,"column":34},"end":{"line":34,"column":44}}]},"3":{"loc":{"start":{"line":36,"column":19},"end":{"line":36,"column":null}},"type":"binary-expr","locations":[{"start":{"line":36,"column":19},"end":{"line":36,"column":30}},{"start":{"line":36,"column":34},"end":{"line":36,"column":null}}]},"4":{"loc":{"start":{"line":39,"column":8},"end":{"line":41,"column":9}},"type":"if","locations":[{"start":{"line":39,"column":8},"end":{"line":41,"column":9}}]},"5":{"loc":{"start":{"line":39,"column":12},"end":{"line":39,"column":54}},"type":"binary-expr","locations":[{"start":{"line":39,"column":12},"end":{"line":39,"column":37}},{"start":{"line":39,"column":41},"end":{"line":39,"column":54}}]},"6":{"loc":{"start":{"line":44,"column":8},"end":{"line":46,"column":9}},"type":"if","locations":[{"start":{"line":44,"column":8},"end":{"line":46,"column":9}}]},"7":{"loc":{"start":{"line":44,"column":12},"end":{"line":44,"column":54}},"type":"binary-expr","locations":[{"start":{"line":44,"column":12},"end":{"line":44,"column":37}},{"start":{"line":44,"column":41},"end":{"line":44,"column":54}}]}},"s":{"0":0,"1":0,"2":0,"3":0,"4":0,"5":0,"6":0,"7":0,"8":0,"9":0},"f":{"0":0,"1":0,"2":0,"3":0},"b":{"0":[0,0],"1":[0,0],"2":[0,0],"3":[0,0],"4":[0],"5":[0,0],"6":[0],"7":[0,0]}}
,"/home/tim/github/witter/src/common/components/PostCard/index.tsx": {"path":"/home/tim/github/witter/src/common/components/PostCard/index.tsx","statementMap":{"0":{"start":{"line":1,"column":9},"end":{"line":1,"column":25}},"1":{"start":{"line":1,"column":25},"end":{"line":1,"column":null}}},"fnMap":{"0":{"name":"(anonymous_0)","decl":{"start":{"line":1,"column":9},"end":{"line":1,"column":17}},"loc":{"start":{"line":1,"column":9},"end":{"line":1,"column":25}}}},"branchMap":{},"s":{"0":0,"1":0},"f":{"0":0},"b":{}}
,"/home/tim/github/witter/src/common/components/PostCard/PostFooter/ActionIcons.tsx": {"path":"/home/tim/github/witter/src/common/components/PostCard/PostFooter/ActionIcons.tsx","statementMap":{"0":{"start":{"line":9,"column":13},"end":{"line":9,"column":24}},"1":{"start":{"line":1,"column":65},"end":{"line":1,"column":null}},"2":{"start":{"line":2,"column":41},"end":{"line":2,"column":null}},"3":{"start":{"line":3,"column":24},"end":{"line":3,"column":null}},"4":{"start":{"line":9,"column":27},"end":{"line":41,"column":1}},"5":{"start":{"line":10,"column":20},"end":{"line":10,"column":58}},"6":{"start":{"line":11,"column":2},"end":{"line":39,"column":null}},"7":{"start":{"line":14,"column":38},"end":{"line":14,"column":64}},"8":{"start":{"line":17,"column":38},"end":{"line":17,"column":69}},"9":{"start":{"line":20,"column":38},"end":{"line":20,"column":63}},"10":{"start":{"line":33,"column":62},"end":{"line":33,"column":93}}},"fnMap":{"0":{"name":"(anonymous_0)","decl":{"start":{"line":9,"column":13},"end":{"line":9,"column":24}},"loc":{"start":{"line":9,"column":13},"end":{"line":9,"column":24}}},"1":{"name":"(anonymous_1)","decl":{"start":{"line":9,"column":27},"end":{"line":9,"column":28}},"loc":{"start":{"line":9,"column":75},"end":{"line":41,"column":1}}},"2":{"name":"(anonymous_2)","decl":{"start":{"line":14,"column":32},"end":{"line":14,"column":38}},"loc":{"start":{"line":14,"column":38},"end":{"line":14,"column":64}}},"3":{"name":"(anonymous_3)","decl":{"start":{"line":17,"column":32},"end":{"line":17,"column":38}},"loc":{"start":{"line":17,"column":38},"end":{"line":17,"column":69}}},"4":{"name":"(anonymous_4)","decl":{"start":{"line":20,"column":32},"end":{"line":20,"column":38}},"loc":{"start":{"line":20,"column":38},"end":{"line":20,"column":63}}},"5":{"name":"(anonymous_5)","decl":{"start":{"line":33,"column":56},"end":{"line":33,"column":62}},"loc":{"start":{"line":33,"column":62},"end":{"line":33,"column":93}}}},"branchMap":{"0":{"loc":{"start":{"line":26,"column":18},"end":{"line":26,"column":39}},"type":"cond-expr","locations":[{"start":{"line":26,"column":29},"end":{"line":26,"column":34}},{"start":{"line":26,"column":37},"end":{"line":26,"column":39}}]},"1":{"loc":{"start":{"line":27,"column":19},"end":{"line":27,"column":45}},"type":"cond-expr","locations":[{"start":{"line":27,"column":30},"end":{"line":27,"column":35}},{"start":{"line":27,"column":38},"end":{"line":27,"column":45}}]},"2":{"loc":{"start":{"line":28,"column":20},"end":{"line":28,"column":66}},"type":"cond-expr","locations":[{"start":{"line":28,"column":31},"end":{"line":28,"column":47}},{"start":{"line":28,"column":50},"end":{"line":28,"column":66}}]},"3":{"loc":{"start":{"line":32,"column":7},"end":{"line":38,"column":14}},"type":"cond-expr","locations":[{"start":{"line":33,"column":8},"end":{"line":37,"column":null}},{"start":{"line":38,"column":10},"end":{"line":38,"column":14}}]},"4":{"loc":{"start":{"line":35,"column":34},"end":{"line":35,"column":61}},"type":"cond-expr","locations":[{"start":{"line":35,"column":53},"end":{"line":35,"column":56}},{"start":{"line":35,"column":59},"end":{"line":35,"column":61}}]}},"s":{"0":0,"1":0,"2":0,"3":0,"4":0,"5":0,"6":0,"7":0,"8":0,"9":0,"10":0},"f":{"0":0,"1":0,"2":0,"3":0,"4":0,"5":0},"b":{"0":[0,0],"1":[0,0],"2":[0,0],"3":[0,0],"4":[0,0]}}
,"/home/tim/github/witter/src/common/components/PostCard/PostFooter/Description.tsx": {"path":"/home/tim/github/witter/src/common/components/PostCard/PostFooter/Description.tsx","statementMap":{"0":{"start":{"line":35,"column":13},"end":{"line":35,"column":24}},"1":{"start":{"line":1,"column":41},"end":{"line":1,"column":null}},"2":{"start":{"line":2,"column":39},"end":{"line":2,"column":null}},"3":{"start":{"line":8,"column":19},"end":{"line":33,"column":1}},"4":{"start":{"line":9,"column":28},"end":{"line":9,"column":35}},"5":{"start":{"line":10,"column":29},"end":{"line":10,"column":42}},"6":{"start":{"line":11,"column":2},"end":{"line":20,"column":3}},"7":{"start":{"line":12,"column":4},"end":{"line":18,"column":null}},"8":{"start":{"line":21,"column":2},"end":{"line":32,"column":3}},"9":{"start":{"line":22,"column":4},"end":{"line":28,"column":null}},"10":{"start":{"line":31,"column":4},"end":{"line":31,"column":46}},"11":{"start":{"line":35,"column":27},"end":{"line":42,"column":9}},"12":{"start":{"line":36,"column":2},"end":{"line":42,"column":9}},"13":{"start":{"line":39,"column":8},"end":{"line":39,"column":50}}},"fnMap":{"0":{"name":"(anonymous_0)","decl":{"start":{"line":35,"column":13},"end":{"line":35,"column":24}},"loc":{"start":{"line":35,"column":13},"end":{"line":35,"column":24}}},"1":{"name":"(anonymous_1)","decl":{"start":{"line":8,"column":19},"end":{"line":8,"column":20}},"loc":{"start":{"line":8,"column":51},"end":{"line":33,"column":1}}},"2":{"name":"(anonymous_2)","decl":{"start":{"line":35,"column":27},"end":{"line":35,"column":28}},"loc":{"start":{"line":36,"column":2},"end":{"line":42,"column":9}}},"3":{"name":"(anonymous_3)","decl":{"start":{"line":38,"column":31},"end":{"line":38,"column":32}},"loc":{"start":{"line":39,"column":8},"end":{"line":39,"column":50}}}},"branchMap":{"0":{"loc":{"start":{"line":11,"column":2},"end":{"line":20,"column":3}},"type":"if","locations":[{"start":{"line":11,"column":2},"end":{"line":20,"column":3}}]},"1":{"loc":{"start":{"line":21,"column":2},"end":{"line":32,"column":3}},"type":"if","locations":[{"start":{"line":21,"column":2},"end":{"line":32,"column":3}},{"start":{"line":30,"column":9},"end":{"line":32,"column":3}}]}},"s":{"0":0,"1":0,"2":0,"3":0,"4":0,"5":0,"6":0,"7":0,"8":0,"9":0,"10":0,"11":0,"12":0,"13":0},"f":{"0":0,"1":0,"2":0,"3":0},"b":{"0":[0],"1":[0,0]}}
[...]
,"/home/tim/github/witter/src/lib/s3Client.ts": {"path":"/home/tim/github/witter/src/lib/s3Client.ts","statementMap":{"0":{"start":{"line":3,"column":9},"end":{"line":3,"column":17}},"1":{"start":{"line":1,"column":25},"end":{"line":1,"column":null}},"2":{"start":{"line":2,"column":17},"end":{"line":2,"column":68}}},"fnMap":{"0":{"name":"(anonymous_0)","decl":{"start":{"line":3,"column":9},"end":{"line":3,"column":17}},"loc":{"start":{"line":3,"column":9},"end":{"line":3,"column":17}}}},"branchMap":{},"s":{"0":0,"1":0,"2":0},"f":{"0":0},"b":{}}
,"/home/tim/github/witter/src/pages/_app.tsx": {"path":"/home/tim/github/witter/src/pages/_app.tsx","statementMap":{"0":{"start":{"line":10,"column":24},"end":{"line":10,"column":29}},"1":{"start":{"line":1,"column":31},"end":{"line":1,"column":null}},"2":{"start":{"line":2,"column":25},"end":{"line":2,"column":null}},"3":{"start":{"line":3,"column":7},"end":{"line":3,"column":null}},"4":{"start":{"line":4,"column":27},"end":{"line":4,"column":null}},"5":{"start":{"line":5,"column":29},"end":{"line":5,"column":null}},"6":{"start":{"line":7,"column":26},"end":{"line":7,"column":null}},"7":{"start":{"line":8,"column":28},"end":{"line":8,"column":null}},"8":{"start":{"line":11,"column":20},"end":{"line":11,"column":84}},"9":{"start":{"line":11,"column":54},"end":{"line":11,"column":84}},"10":{"start":{"line":13,"column":2},"end":{"line":20,"column":null}}},"fnMap":{"0":{"name":"(anonymous_0)","decl":{"start":{"line":10,"column":24},"end":{"line":10,"column":29}},"loc":{"start":{"line":10,"column":24},"end":{"line":10,"column":29}}},"1":{"name":"(anonymous_2)","decl":{"start":{"line":11,"column":44},"end":{"line":11,"column":45}},"loc":{"start":{"line":11,"column":54},"end":{"line":11,"column":84}}}},"branchMap":{"0":{"loc":{"start":{"line":11,"column":20},"end":{"line":11,"column":84}},"type":"binary-expr","locations":[{"start":{"line":11,"column":20},"end":{"line":11,"column":39}},{"start":{"line":11,"column":44},"end":{"line":11,"column":84}}]}},"s":{"0":0,"1":0,"2":0,"3":0,"4":0,"5":0,"6":0,"7":0,"8":0,"9":0,"10":0},"f":{"0":0,"1":0},"b":{"0":[0,0]}}
,"/home/tim/github/witter/src/pages/index.tsx": {"path":"/home/tim/github/witter/src/pages/index.tsx","statementMap":{"0":{"start":{"line":14,"column":22},"end":{"line":14,"column":36}},"1":{"start":{"line":72,"column":24},"end":{"line":72,"column":31}},"2":{"start":{"line":1,"column":42},"end":{"line":1,"column":null}},"3":{"start":{"line":2,"column":24},"end":{"line":2,"column":null}},"4":{"start":{"line":4,"column":26},"end":{"line":4,"column":null}},"5":{"start":{"line":5,"column":27},"end":{"line":5,"column":null}},"6":{"start":{"line":6,"column":20},"end":{"line":6,"column":null}},"7":{"start":{"line":7,"column":25},"end":{"line":7,"column":null}},"8":{"start":{"line":8,"column":24},"end":{"line":8,"column":null}},"9":{"start":{"line":10,"column":17},"end":{"line":10,"column":null}},"10":{"start":{"line":12,"column":12},"end":{"line":12,"column":27}},"11":{"start":{"line":15,"column":30},"end":{"line":15,"column":45}},"12":{"start":{"line":16,"column":2},"end":{"line":23,"column":4}},"13":{"start":{"line":25,"column":18},"end":{"line":25,"column":20}},"14":{"start":{"line":27,"column":15},"end":{"line":31,"column":1}},"15":{"start":{"line":28,"column":2},"end":{"line":28,"column":69}},"16":{"start":{"line":28,"column":57},"end":{"line":28,"column":69}},"17":{"start":{"line":29,"column":2},"end":{"line":29,"column":68}},"18":{"start":{"line":29,"column":23},"end":{"line":29,"column":68}},"19":{"start":{"line":30,"column":2},"end":{"line":30,"column":71}},"20":{"start":{"line":33,"column":33},"end":{"line":71,"column":1}},"21":{"start":{"line":34,"column":37},"end":{"line":34,"column":46}},"22":{"start":{"line":36,"column":74},"end":{"line":36,"column":105}},"23":{"start":{"line":37,"column":38},"end":{"line":37,"column":68}},"24":{"start":{"line":38,"column":31},"end":{"line":38,"column":46}},"25":{"start":{"line":39,"column":16},"end":{"line":39,"column":60}},"26":{"start":{"line":40,"column":2},"end":{"line":69,"column":null}},"27":{"start":{"line":50,"column":14},"end":{"line":60,"column":22}},"28":{"start":{"line":51,"column":16},"end":{"line":51,"column":null}},"29":{"start":{"line":73,"column":2},"end":{"line":76,"column":null}}},"fnMap":{"0":{"name":"(anonymous_1)","decl":{"start":{"line":14,"column":36},"end":{"line":14,"column":39}},"loc":{"start":{"line":14,"column":22},"end":{"line":14,"column":36}}},"1":{"name":"(anonymous_2)","decl":{"start":{"line":78,"column":1},"end":{"line":78,"column":null}},"loc":{"start":{"line":72,"column":24},"end":{"line":72,"column":31}}},"2":{"name":"getStaticProps","decl":{"start":{"line":14,"column":22},"end":{"line":14,"column":36}},"loc":{"start":{"line":14,"column":39},"end":{"line":24,"column":1}}},"3":{"name":"(anonymous_5)","decl":{"start":{"line":27,"column":15},"end":{"line":27,"column":16}},"loc":{"start":{"line":27,"column":70},"end":{"line":31,"column":1}}},"4":{"name":"(anonymous_6)","decl":{"start":{"line":33,"column":33},"end":{"line":33,"column":39}},"loc":{"start":{"line":33,"column":39},"end":{"line":71,"column":1}}},"5":{"name":"(anonymous_7)","decl":{"start":{"line":49,"column":31},"end":{"line":49,"column":32}},"loc":{"start":{"line":50,"column":14},"end":{"line":60,"column":22}}},"6":{"name":"(anonymous_8)","decl":{"start":{"line":50,"column":24},"end":{"line":50,"column":25}},"loc":{"start":{"line":51,"column":16},"end":{"line":51,"column":null}}},"7":{"name":"SWRPage","decl":{"start":{"line":72,"column":24},"end":{"line":72,"column":31}},"loc":{"start":{"line":72,"column":65},"end":{"line":78,"column":1}}}},"branchMap":{"0":{"loc":{"start":{"line":28,"column":2},"end":{"line":28,"column":69}},"type":"if","locations":[{"start":{"line":28,"column":2},"end":{"line":28,"column":69}}]},"1":{"loc":{"start":{"line":28,"column":6},"end":{"line":28,"column":55}},"type":"binary-expr","locations":[{"start":{"line":28,"column":6},"end":{"line":28,"column":22}},{"start":{"line":28,"column":26},"end":{"line":28,"column":55}}]},"2":{"loc":{"start":{"line":29,"column":2},"end":{"line":29,"column":68}},"type":"if","locations":[{"start":{"line":29,"column":2},"end":{"line":29,"column":68}}]},"3":{"loc":{"start":{"line":37,"column":38},"end":{"line":37,"column":68}},"type":"cond-expr","locations":[{"start":{"line":37,"column":45},"end":{"line":37,"column":63}},{"start":{"line":37,"column":66},"end":{"line":37,"column":68}}]},"4":{"loc":{"start":{"line":38,"column":31},"end":{"line":38,"column":46}},"type":"binary-expr","locations":[{"start":{"line":38,"column":31},"end":{"line":38,"column":36}},{"start":{"line":38,"column":40},"end":{"line":38,"column":46}}]}},"s":{"0":0,"1":0,"2":0,"3":0,"4":0,"5":0,"6":0,"7":0,"8":0,"9":0,"10":0,"11":0,"12":0,"13":0,"14":0,"15":0,"16":0,"17":0,"18":0,"19":0,"20":0,"21":0,"22":0,"23":0,"24":0,"25":0,"26":0,"27":0,"28":0,"29":0},"f":{"0":0,"1":0,"2":0,"3":0,"4":0,"5":0,"6":0,"7":0},"b":{"0":[0],"1":[0,0],"2":[0],"3":[0,0],"4":[0,0]}}
,"/home/tim/github/witter/src/pages/profile.tsx": {"path":"/home/tim/github/witter/src/pages/profile.tsx","statementMap":{"0":{"start":{"line":7,"column":24},"end":{"line":7,"column":31}},"1":{"start":{"line":33,"column":22},"end":{"line":33,"column":40}},"2":{"start":{"line":1,"column":17},"end":{"line":1,"column":null}},"3":{"start":{"line":2,"column":40},"end":{"line":2,"column":null}},"4":{"start":{"line":3,"column":25},"end":{"line":3,"column":null}},"5":{"start":{"line":8,"column":2},"end":{"line":29,"column":null}},"6":{"start":{"line":34,"column":19},"end":{"line":34,"column":63}},"7":{"start":{"line":37,"column":2},"end":{"line":37,"column":29}}},"fnMap":{"0":{"name":"(anonymous_1)","decl":{"start":{"line":31,"column":1},"end":{"line":31,"column":null}},"loc":{"start":{"line":7,"column":24},"end":{"line":7,"column":31}}},"1":{"name":"(anonymous_2)","decl":{"start":{"line":33,"column":40},"end":{"line":33,"column":41}},"loc":{"start":{"line":33,"column":22},"end":{"line":33,"column":40}}},"2":{"name":"Profile","decl":{"start":{"line":7,"column":24},"end":{"line":7,"column":31}},"loc":{"start":{"line":7,"column":58},"end":{"line":31,"column":1}}},"3":{"name":"getServerSideProps","decl":{"start":{"line":33,"column":22},"end":{"line":33,"column":40}},"loc":{"start":{"line":33,"column":72},"end":{"line":38,"column":1}}}},"branchMap":{},"s":{"0":0,"1":0,"2":0,"3":0,"4":0,"5":0,"6":0,"7":0},"f":{"0":0,"1":0,"2":0,"3":0},"b":{}}
,"/home/tim/github/witter/src/pages/api/auth/[...supabase].ts": {"path":"/home/tim/github/witter/src/pages/api/auth/[...supabase].ts","statementMap":{"0":{"start":{"line":3,"column":0},"end":{"line":3,"column":15}},"1":{"start":{"line":1,"column":27},"end":{"line":1,"column":null}},"2":{"start":{"line":3,"column":15},"end":{"line":6,"column":2}}},"fnMap":{"0":{"name":"(anonymous_0)","decl":{"start":{"line":3,"column":0},"end":{"line":3,"column":15}},"loc":{"start":{"line":3,"column":0},"end":{"line":3,"column":15}}}},"branchMap":{},"s":{"0":0,"1":0,"2":0},"f":{"0":0},"b":{}}
,"/home/tim/github/witter/src/pages/api/feed/[type].ts": {"path":"/home/tim/github/witter/src/pages/api/feed/[type].ts","statementMap":{"0":{"start":{"line":15,"column":0},"end":{"line":15,"column":15}},"1":{"start":{"line":1,"column":45},"end":{"line":1,"column":null}},"2":{"start":{"line":2,"column":17},"end":{"line":2,"column":null}},"3":{"start":{"line":4,"column":82},"end":{"line":4,"column":null}},"4":{"start":{"line":5,"column":19},"end":{"line":5,"column":null}},"5":{"start":{"line":6,"column":28},"end":{"line":6,"column":null}},"6":{"start":{"line":7,"column":31},"end":{"line":7,"column":null}},"7":{"start":{"line":8,"column":28},"end":{"line":8,"column":null}},"8":{"start":{"line":10,"column":20},"end":{"line":10,"column":43}},"9":{"start":{"line":11,"column":23},"end":{"line":11,"column":87}},"10":{"start":{"line":13,"column":15},"end":{"line":13,"column":67}},"11":{"start":{"line":15,"column":15},"end":{"line":21,"column":27}}},"fnMap":{"0":{"name":"(anonymous_0)","decl":{"start":{"line":15,"column":0},"end":{"line":15,"column":15}},"loc":{"start":{"line":15,"column":0},"end":{"line":15,"column":15}}}},"branchMap":{},"s":{"0":0,"1":0,"2":0,"3":0,"4":0,"5":0,"6":0,"7":0,"8":0,"9":0,"10":0,"11":0},"f":{"0":0},"b":{}}
,"/home/tim/github/witter/src/pages/api/post/index.ts": {"path":"/home/tim/github/witter/src/pages/api/post/index.ts","statementMap":{"0":{"start":{"line":22,"column":0},"end":{"line":22,"column":15}},"1":{"start":{"line":30,"column":13},"end":{"line":30,"column":19}},"2":{"start":{"line":2,"column":45},"end":{"line":2,"column":null}},"3":{"start":{"line":3,"column":17},"end":{"line":3,"column":null}},"4":{"start":{"line":4,"column":31},"end":{"line":4,"column":null}},"5":{"start":{"line":12,"column":7},"end":{"line":12,"column":null}},"6":{"start":{"line":13,"column":19},"end":{"line":13,"column":null}},"7":{"start":{"line":14,"column":33},"end":{"line":14,"column":null}},"8":{"start":{"line":15,"column":28},"end":{"line":15,"column":null}},"9":{"start":{"line":17,"column":20},"end":{"line":17,"column":43}},"10":{"start":{"line":18,"column":23},"end":{"line":18,"column":54}},"11":{"start":{"line":20,"column":15},"end":{"line":20,"column":71}},"12":{"start":{"line":22,"column":15},"end":{"line":28,"column":27}},"13":{"start":{"line":30,"column":22},"end":{"line":34,"column":1}}},"fnMap":{"0":{"name":"(anonymous_1)","decl":{"start":{"line":28,"column":28},"end":{"line":28,"column":null}},"loc":{"start":{"line":22,"column":0},"end":{"line":22,"column":15}}},"1":{"name":"(anonymous_2)","decl":{"start":{"line":30,"column":19},"end":{"line":30,"column":22}},"loc":{"start":{"line":30,"column":13},"end":{"line":30,"column":19}}}},"branchMap":{},"s":{"0":0,"1":0,"2":0,"3":0,"4":0,"5":0,"6":0,"7":0,"8":0,"9":0,"10":0,"11":0,"12":0,"13":0},"f":{"0":0,"1":0},"b":{}}
,"/home/tim/github/witter/src/pages/api/post/[id]/index.ts": {"path":"/home/tim/github/witter/src/pages/api/post/[id]/index.ts","statementMap":{"0":{"start":{"line":15,"column":0},"end":{"line":15,"column":15}},"1":{"start":{"line":2,"column":45},"end":{"line":2,"column":null}},"2":{"start":{"line":3,"column":17},"end":{"line":3,"column":null}},"3":{"start":{"line":4,"column":31},"end":{"line":4,"column":null}},"4":{"start":{"line":6,"column":61},"end":{"line":6,"column":null}},"5":{"start":{"line":7,"column":19},"end":{"line":7,"column":null}},"6":{"start":{"line":8,"column":28},"end":{"line":8,"column":null}},"7":{"start":{"line":10,"column":20},"end":{"line":10,"column":43}},"8":{"start":{"line":11,"column":23},"end":{"line":11,"column":54}},"9":{"start":{"line":13,"column":15},"end":{"line":13,"column":97}},"10":{"start":{"line":15,"column":15},"end":{"line":20,"column":27}}},"fnMap":{"0":{"name":"(anonymous_0)","decl":{"start":{"line":15,"column":0},"end":{"line":15,"column":15}},"loc":{"start":{"line":15,"column":0},"end":{"line":15,"column":15}}}},"branchMap":{},"s":{"0":0,"1":0,"2":0,"3":0,"4":0,"5":0,"6":0,"7":0,"8":0,"9":0,"10":0},"f":{"0":0},"b":{}}
,"/home/tim/github/witter/src/pages/api/profile/index.ts": {"path":"/home/tim/github/witter/src/pages/api/profile/index.ts","statementMap":{"0":{"start":{"line":21,"column":0},"end":{"line":21,"column":15}},"1":{"start":{"line":2,"column":45},"end":{"line":2,"column":null}},"2":{"start":{"line":3,"column":17},"end":{"line":3,"column":null}},"3":{"start":{"line":4,"column":34},"end":{"line":4,"column":null}},"4":{"start":{"line":13,"column":7},"end":{"line":13,"column":null}},"5":{"start":{"line":14,"column":39},"end":{"line":14,"column":null}},"6":{"start":{"line":15,"column":19},"end":{"line":15,"column":null}},"7":{"start":{"line":16,"column":28},"end":{"line":16,"column":null}},"8":{"start":{"line":17,"column":26},"end":{"line":17,"column":72}},"9":{"start":{"line":19,"column":15},"end":{"line":19,"column":97}},"10":{"start":{"line":21,"column":15},"end":{"line":29,"column":27}}},"fnMap":{"0":{"name":"(anonymous_0)","decl":{"start":{"line":21,"column":0},"end":{"line":21,"column":15}},"loc":{"start":{"line":21,"column":0},"end":{"line":21,"column":15}}}},"branchMap":{},"s":{"0":0,"1":0,"2":0,"3":0,"4":0,"5":0,"6":0,"7":0,"8":0,"9":0,"10":0},"f":{"0":0},"b":{}}
,"/home/tim/github/witter/src/pages/api/profile/avatar/index.ts": {"path":"/home/tim/github/witter/src/pages/api/profile/avatar/index.ts","statementMap":{"0":{"start":{"line":21,"column":0},"end":{"line":21,"column":15}},"1":{"start":{"line":29,"column":13},"end":{"line":29,"column":19}},"2":{"start":{"line":2,"column":45},"end":{"line":2,"column":null}},"3":{"start":{"line":3,"column":17},"end":{"line":3,"column":null}},"4":{"start":{"line":4,"column":33},"end":{"line":4,"column":null}},"5":{"start":{"line":5,"column":34},"end":{"line":5,"column":null}},"6":{"start":{"line":6,"column":19},"end":{"line":6,"column":null}},"7":{"start":{"line":14,"column":7},"end":{"line":14,"column":null}},"8":{"start":{"line":16,"column":28},"end":{"line":16,"column":null}},"9":{"start":{"line":17,"column":26},"end":{"line":17,"column":72}},"10":{"start":{"line":19,"column":15},"end":{"line":19,"column":71}},"11":{"start":{"line":21,"column":15},"end":{"line":27,"column":27}},"12":{"start":{"line":29,"column":22},"end":{"line":33,"column":1}}},"fnMap":{"0":{"name":"(anonymous_1)","decl":{"start":{"line":27,"column":28},"end":{"line":27,"column":null}},"loc":{"start":{"line":21,"column":0},"end":{"line":21,"column":15}}},"1":{"name":"(anonymous_2)","decl":{"start":{"line":29,"column":19},"end":{"line":29,"column":22}},"loc":{"start":{"line":29,"column":13},"end":{"line":29,"column":19}}}},"branchMap":{},"s":{"0":0,"1":0,"2":0,"3":0,"4":0,"5":0,"6":0,"7":0,"8":0,"9":0,"10":0,"11":0,"12":0},"f":{"0":0,"1":0},"b":{}}
,"/home/tim/github/witter/src/pages/api/user/email.ts": {"path":"/home/tim/github/witter/src/pages/api/user/email.ts","statementMap":{"0":{"start":{"line":10,"column":30},"end":{"line":10,"column":37}},"1":{"start":{"line":5,"column":28},"end":{"line":5,"column":null}},"2":{"start":{"line":11,"column":42},"end":{"line":11,"column":50}},"3":{"start":{"line":12,"column":19},"end":{"line":12,"column":28}},"4":{"start":{"line":13,"column":2},"end":{"line":15,"column":3}},"5":{"start":{"line":14,"column":4},"end":{"line":14,"column":40}},"6":{"start":{"line":16,"column":16},"end":{"line":16,"column":58}},"7":{"start":{"line":18,"column":2},"end":{"line":20,"column":3}},"8":{"start":{"line":19,"column":4},"end":{"line":19,"column":54}},"9":{"start":{"line":21,"column":2},"end":{"line":24,"column":3}},"10":{"start":{"line":22,"column":28},"end":{"line":22,"column":91}},"11":{"start":{"line":23,"column":4},"end":{"line":23,"column":49}},"12":{"start":{"line":25,"column":2},"end":{"line":40,"column":3}},"13":{"start":{"line":26,"column":15},"end":{"line":26,"column":19}},"14":{"start":{"line":27,"column":4},"end":{"line":30,"column":9}},"15":{"start":{"line":28,"column":6},"end":{"line":30,"column":9}},"16":{"start":{"line":29,"column":8},"end":{"line":29,"column":36}},"17":{"start":{"line":32,"column":4},"end":{"line":34,"column":5}},"18":{"start":{"line":33,"column":6},"end":{"line":33,"column":57}},"19":{"start":{"line":35,"column":23},"end":{"line":38,"column":36}},"20":{"start":{"line":39,"column":4},"end":{"line":39,"column":41}}},"fnMap":{"0":{"name":"(anonymous_0)","decl":{"start":{"line":10,"column":30},"end":{"line":10,"column":37}},"loc":{"start":{"line":10,"column":30},"end":{"line":10,"column":37}}},"1":{"name":"(anonymous_3)","decl":{"start":{"line":28,"column":29},"end":{"line":28,"column":30}},"loc":{"start":{"line":28,"column":45},"end":{"line":30,"column":7}}}},"branchMap":{"0":{"loc":{"start":{"line":13,"column":2},"end":{"line":15,"column":3}},"type":"if","locations":[{"start":{"line":13,"column":2},"end":{"line":15,"column":3}}]},"1":{"loc":{"start":{"line":18,"column":2},"end":{"line":20,"column":3}},"type":"if","locations":[{"start":{"line":18,"column":2},"end":{"line":20,"column":3}}]},"2":{"loc":{"start":{"line":21,"column":2},"end":{"line":24,"column":3}},"type":"if","locations":[{"start":{"line":21,"column":2},"end":{"line":24,"column":3}}]},"3":{"loc":{"start":{"line":25,"column":2},"end":{"line":40,"column":3}},"type":"if","locations":[{"start":{"line":25,"column":2},"end":{"line":40,"column":3}}]},"4":{"loc":{"start":{"line":27,"column":4},"end":{"line":30,"column":9}},"type":"if","locations":[{"start":{"line":27,"column":4},"end":{"line":30,"column":9}}]},"5":{"loc":{"start":{"line":32,"column":4},"end":{"line":34,"column":5}},"type":"if","locations":[{"start":{"line":32,"column":4},"end":{"line":34,"column":5}}]},"6":{"loc":{"start":{"line":38,"column":19},"end":{"line":38,"column":33}},"type":"binary-expr","locations":[{"start":{"line":38,"column":19},"end":{"line":38,"column":27}},{"start":{"line":38,"column":31},"end":{"line":38,"column":33}}]}},"s":{"0":0,"1":0,"2":0,"3":0,"4":0,"5":0,"6":0,"7":0,"8":0,"9":0,"10":0,"11":0,"12":0,"13":0,"14":0,"15":0,"16":0,"17":0,"18":0,"19":0,"20":0},"f":{"0":0,"1":0},"b":{"0":[0],"1":[0],"2":[0],"3":[0],"4":[0],"5":[0],"6":[0,0]}}
}
