{"/home/tim/github/witter/src/test-utils.tsx": {"path":"/home/tim/github/witter/src/test-utils.tsx","statementMap":{"0":{"start":{"line":1,"column":47},"end":{"line":1,"column":null}},"1":{"start":{"line":2,"column":76},"end":{"line":2,"column":null}},"2":{"start":{"line":36,"column":0},"end":{"line":36,"column":null}},"3":{"start":{"line":36,"column":39},"end":{"line":36,"column":null}},"4":{"start":{"line":4,"column":49},"end":{"line":4,"column":null}},"5":{"start":{"line":5,"column":66},"end":{"line":5,"column":null}},"6":{"start":{"line":8,"column":59},"end":{"line":29,"column":1}},"7":{"start":{"line":9,"column":2},"end":{"line":21,"column":5}},"8":{"start":{"line":11,"column":52},"end":{"line":20,"column":6}},"9":{"start":{"line":22,"column":2},"end":{"line":26,"column":null}},"10":{"start":{"line":31,"column":21},"end":{"line":34,"column":71}},"11":{"start":{"line":34,"column":19},"end":{"line":34,"column":71}},"12":{"start":{"line":37,"column":25},"end":{"line":null,"column":-1}}},"fnMap":{"0":{"name":"(anonymous_0)","decl":{"start":{"line":36,"column":39},"end":{"line":36,"column":null}},"loc":{"start":{"line":36,"column":39},"end":{"line":36,"column":null}}},"1":{"name":"(anonymous_6)","decl":{"start":{"line":8,"column":59},"end":{"line":8,"column":60}},"loc":{"start":{"line":8,"column":77},"end":{"line":29,"column":1}}},"2":{"name":"(anonymous_7)","decl":{"start":{"line":11,"column":40},"end":{"line":11,"column":41}},"loc":{"start":{"line":11,"column":52},"end":{"line":20,"column":6}}},"3":{"name":"(anonymous_8)","decl":{"start":{"line":31,"column":21},"end":{"line":31,"column":null}},"loc":{"start":{"line":34,"column":19},"end":{"line":34,"column":71}}}},"branchMap":{"0":{"loc":{"start":{"line":36,"column":0},"end":{"line":36,"column":null}},"type":"if","locations":[{"start":{"line":36,"column":0},"end":{"line":36,"column":null}}]},"1":{"loc":{"start":{"line":36,"column":0},"end":{"line":36,"column":null}},"type":"binary-expr","locations":[{"start":{"line":36,"column":0},"end":{"line":36,"column":39}},{"start":{"line":36,"column":0},"end":{"line":36,"column":null}}]}},"s":{"0":1,"1":1,"2":91,"3":0,"4":1,"5":1,"6":1,"7":4,"8":97,"9":4,"10":1,"11":4,"12":1},"f":{"0":82,"1":4,"2":97,"3":4},"b":{"0":[0],"1":[81,0]}}
,"/home/tim/github/witter/src/common/components/ImageUploader/ImageUploaderContext.tsx": {"path":"/home/tim/github/witter/src/common/components/ImageUploader/ImageUploaderContext.tsx","statementMap":{"0":{"start":{"line":1,"column":70},"end":{"line":1,"column":null}},"1":{"start":{"line":10,"column":14},"end":{"line":10,"column":null}},"2":{"start":{"line":11,"column":60},"end":{"line":11,"column":null}},"3":{"start":{"line":13,"column":74},"end":{"line":13,"column":null}},"4":{"start":{"line":15,"column":53},"end":{"line":15,"column":null}},"5":{"start":{"line":16,"column":57},"end":{"line":16,"column":null}},"6":{"start":{"line":18,"column":28},"end":{"line":21,"column":1}},"7":{"start":{"line":23,"column":17},"end":{"line":27,"column":1}},"8":{"start":{"line":24,"column":2},"end":{"line":26,"column":null}},"9":{"start":{"line":25,"column":4},"end":{"line":25,"column":29}},"10":{"start":{"line":29,"column":24},"end":{"line":39,"column":4}},"11":{"start":{"line":30,"column":2},"end":{"line":39,"column":4}},"12":{"start":{"line":31,"column":19},"end":{"line":31,"column":35}},"13":{"start":{"line":32,"column":4},"end":{"line":34,"column":6}},"14":{"start":{"line":33,"column":6},"end":{"line":33,"column":39}},"15":{"start":{"line":35,"column":4},"end":{"line":37,"column":6}},"16":{"start":{"line":36,"column":6},"end":{"line":36,"column":20}},"17":{"start":{"line":38,"column":4},"end":{"line":38,"column":31}},"18":{"start":{"line":29,"column":13},"end":{"line":29,"column":24}},"19":{"start":{"line":41,"column":26},"end":{"line":54,"column":1}},"20":{"start":{"line":46,"column":22},"end":{"line":48,"column":null}},"21":{"start":{"line":50,"column":2},"end":{"line":53,"column":4}},"22":{"start":{"line":41,"column":13},"end":{"line":41,"column":26}},"23":{"start":{"line":73,"column":29},"end":{"line":77,"column":1}},"24":{"start":{"line":81,"column":40},"end":{"line":175,"column":1}},"25":{"start":{"line":82,"column":26},"end":{"line":82,"column":34}},"26":{"start":{"line":83,"column":36},"end":{"line":83,"column":44}},"27":{"start":{"line":84,"column":36},"end":{"line":84,"column":44}},"28":{"start":{"line":85,"column":32},"end":{"line":85,"column":40}},"29":{"start":{"line":86,"column":28},"end":{"line":86,"column":36}},"30":{"start":{"line":87,"column":56},"end":{"line":87,"column":64}},"31":{"start":{"line":88,"column":38},"end":{"line":91,"column":4}},"32":{"start":{"line":98,"column":6},"end":{"line":103,"column":4}},"33":{"start":{"line":105,"column":21},"end":{"line":131,"column":8}},"34":{"start":{"line":106,"column":4},"end":{"line":130,"column":null}},"35":{"start":{"line":107,"column":27},"end":{"line":108,"column":null}},"36":{"start":{"line":110,"column":19},"end":{"line":110,"column":39}},"37":{"start":{"line":111,"column":20},"end":{"line":111,"column":37}},"38":{"start":{"line":112,"column":32},"end":{"line":112,"column":37}},"39":{"start":{"line":113,"column":6},"end":{"line":113,"column":45}},"40":{"start":{"line":114,"column":6},"end":{"line":114,"column":39}},"41":{"start":{"line":115,"column":23},"end":{"line":115,"column":61}},"42":{"start":{"line":116,"column":6},"end":{"line":118,"column":null}},"43":{"start":{"line":117,"column":8},"end":{"line":117,"column":57}},"44":{"start":{"line":119,"column":6},"end":{"line":119,"column":25}},"45":{"start":{"line":120,"column":6},"end":{"line":120,"column":20}},"46":{"start":{"line":121,"column":6},"end":{"line":121,"column":18}},"47":{"start":{"line":123,"column":6},"end":{"line":123,"column":27}},"48":{"start":{"line":124,"column":6},"end":{"line":124,"column":23}},"49":{"start":{"line":125,"column":6},"end":{"line":125,"column":20}},"50":{"start":{"line":126,"column":6},"end":{"line":129,"column":9}},"51":{"start":{"line":133,"column":2},"end":{"line":141,"column":9}},"52":{"start":{"line":134,"column":4},"end":{"line":139,"column":6}},"53":{"start":{"line":135,"column":6},"end":{"line":135,"column":24}},"54":{"start":{"line":136,"column":6},"end":{"line":136,"column":20}},"55":{"start":{"line":137,"column":6},"end":{"line":137,"column":23}},"56":{"start":{"line":138,"column":6},"end":{"line":138,"column":21}},"57":{"start":{"line":143,"column":20},"end":{"line":148,"column":3}},"58":{"start":{"line":144,"column":4},"end":{"line":144,"column":22}},"59":{"start":{"line":145,"column":4},"end":{"line":145,"column":18}},"60":{"start":{"line":146,"column":4},"end":{"line":146,"column":21}},"61":{"start":{"line":147,"column":4},"end":{"line":147,"column":19}},"62":{"start":{"line":149,"column":2},"end":{"line":158,"column":38}},"63":{"start":{"line":150,"column":4},"end":{"line":153,"column":null}},"64":{"start":{"line":151,"column":6},"end":{"line":151,"column":44}},"65":{"start":{"line":152,"column":6},"end":{"line":152,"column":20}},"66":{"start":{"line":154,"column":4},"end":{"line":156,"column":null}},"67":{"start":{"line":155,"column":6},"end":{"line":155,"column":56}},"68":{"start":{"line":160,"column":2},"end":{"line":174,"column":13}},"69":{"start":{"line":81,"column":13},"end":{"line":81,"column":40}},"70":{"start":{"line":178,"column":2},"end":{"line":195,"column":30}},"71":{"start":{"line":179,"column":25},"end":{"line":179,"column":27}},"72":{"start":{"line":180,"column":26},"end":{"line":180,"column":28}},"73":{"start":{"line":192,"column":23},"end":{"line":192,"column":47}},"74":{"start":{"line":177,"column":13},"end":{"line":177,"column":null}},"75":{"start":{"line":196,"column":0},"end":{"line":196,"column":58}},"76":{"start":{"line":198,"column":39},"end":{"line":198,"column":55}},"77":{"start":{"line":198,"column":45},"end":{"line":198,"column":55}},"78":{"start":{"line":198,"column":13},"end":{"line":198,"column":39}},"79":{"start":{"line":200,"column":37},"end":{"line":212,"column":1}},"80":{"start":{"line":207,"column":2},"end":{"line":210,"column":null}},"81":{"start":{"line":200,"column":13},"end":{"line":200,"column":37}}},"fnMap":{"0":{"name":"(anonymous_0)","decl":{"start":{"line":23,"column":17},"end":{"line":23,"column":18}},"loc":{"start":{"line":23,"column":41},"end":{"line":27,"column":1}}},"1":{"name":"(anonymous_1)","decl":{"start":{"line":29,"column":24},"end":{"line":29,"column":25}},"loc":{"start":{"line":30,"column":2},"end":{"line":39,"column":4}}},"2":{"name":"(anonymous_2)","decl":{"start":{"line":30,"column":22},"end":{"line":30,"column":23}},"loc":{"start":{"line":30,"column":43},"end":{"line":39,"column":4}}},"3":{"name":"(anonymous_3)","decl":{"start":{"line":32,"column":20},"end":{"line":32,"column":26}},"loc":{"start":{"line":32,"column":26},"end":{"line":34,"column":6}}},"4":{"name":"(anonymous_4)","decl":{"start":{"line":35,"column":21},"end":{"line":35,"column":22}},"loc":{"start":{"line":35,"column":32},"end":{"line":37,"column":6}}},"5":{"name":"(anonymous_5)","decl":{"start":{"line":41,"column":26},"end":{"line":41,"column":null}},"loc":{"start":{"line":45,"column":17},"end":{"line":54,"column":1}}},"6":{"name":"(anonymous_6)","decl":{"start":{"line":81,"column":40},"end":{"line":81,"column":70}},"loc":{"start":{"line":81,"column":70},"end":{"line":175,"column":1}}},"7":{"name":"(anonymous_7)","decl":{"start":{"line":105,"column":33},"end":{"line":105,"column":40}},"loc":{"start":{"line":105,"column":55},"end":{"line":131,"column":5}}},"8":{"name":"(anonymous_8)","decl":{"start":{"line":133,"column":12},"end":{"line":133,"column":18}},"loc":{"start":{"line":133,"column":18},"end":{"line":141,"column":5}}},"9":{"name":"(anonymous_9)","decl":{"start":{"line":134,"column":11},"end":{"line":134,"column":17}},"loc":{"start":{"line":134,"column":17},"end":{"line":139,"column":6}}},"10":{"name":"(anonymous_10)","decl":{"start":{"line":143,"column":20},"end":{"line":143,"column":26}},"loc":{"start":{"line":143,"column":26},"end":{"line":148,"column":3}}},"11":{"name":"(anonymous_11)","decl":{"start":{"line":149,"column":12},"end":{"line":149,"column":18}},"loc":{"start":{"line":149,"column":18},"end":{"line":158,"column":5}}},"12":{"name":"(anonymous_12)","decl":{"start":{"line":179,"column":18},"end":{"line":179,"column":24}},"loc":{"start":{"line":179,"column":25},"end":{"line":179,"column":27}}},"13":{"name":"(anonymous_13)","decl":{"start":{"line":180,"column":19},"end":{"line":180,"column":25}},"loc":{"start":{"line":180,"column":26},"end":{"line":180,"column":28}}},"14":{"name":"(anonymous_14)","decl":{"start":{"line":192,"column":16},"end":{"line":192,"column":22}},"loc":{"start":{"line":192,"column":23},"end":{"line":192,"column":47}}},"15":{"name":"(anonymous_15)","decl":{"start":{"line":198,"column":39},"end":{"line":198,"column":45}},"loc":{"start":{"line":198,"column":45},"end":{"line":198,"column":55}}},"16":{"name":"(anonymous_16)","decl":{"start":{"line":200,"column":37},"end":{"line":200,"column":38}},"loc":{"start":{"line":206,"column":6},"end":{"line":212,"column":1}}}},"branchMap":{"0":{"loc":{"start":{"line":24,"column":2},"end":{"line":26,"column":null}},"type":"if","locations":[{"start":{"line":24,"column":2},"end":{"line":26,"column":null}}]},"1":{"loc":{"start":{"line":115,"column":23},"end":{"line":115,"column":61}},"type":"binary-expr","locations":[{"start":{"line":115,"column":23},"end":{"line":115,"column":56}},{"start":{"line":115,"column":60},"end":{"line":115,"column":61}}]},"2":{"loc":{"start":{"line":116,"column":6},"end":{"line":118,"column":null}},"type":"if","locations":[{"start":{"line":116,"column":6},"end":{"line":118,"column":null}}]},"3":{"loc":{"start":{"line":150,"column":4},"end":{"line":153,"column":null}},"type":"if","locations":[{"start":{"line":150,"column":4},"end":{"line":153,"column":null}}]},"4":{"loc":{"start":{"line":154,"column":4},"end":{"line":156,"column":null}},"type":"if","locations":[{"start":{"line":154,"column":4},"end":{"line":156,"column":null}}]}},"s":{"0":1,"1":1,"2":1,"3":1,"4":1,"5":1,"6":1,"7":1,"8":5,"9":0,"10":1,"11":0,"12":0,"13":0,"14":0,"15":0,"16":0,"17":0,"18":1,"19":1,"20":0,"21":0,"22":1,"23":1,"24":1,"25":4,"26":4,"27":4,"28":4,"29":4,"30":4,"31":4,"32":4,"33":4,"34":0,"35":0,"36":0,"37":0,"38":0,"39":0,"40":0,"41":0,"42":0,"43":0,"44":0,"45":0,"46":0,"47":0,"48":0,"49":0,"50":0,"51":4,"52":4,"53":4,"54":4,"55":4,"56":4,"57":4,"58":1,"59":1,"60":1,"61":1,"62":4,"63":4,"64":0,"65":0,"66":4,"67":0,"68":4,"69":1,"70":1,"71":0,"72":0,"73":0,"74":1,"75":1,"76":1,"77":15,"78":1,"79":1,"80":4,"81":1},"f":{"0":5,"1":0,"2":0,"3":0,"4":0,"5":0,"6":4,"7":0,"8":4,"9":4,"10":1,"11":4,"12":0,"13":0,"14":0,"15":15,"16":4},"b":{"0":[0],"1":[0,0],"2":[0],"3":[0],"4":[0]}}
,"/home/tim/github/witter/src/common/components/ImageUploader/imageUploader.functions.ts": {"path":"/home/tim/github/witter/src/common/components/ImageUploader/imageUploader.functions.ts","statementMap":{"0":{"start":{"line":22,"column":16},"end":{"line":22,"column":30}},"1":{"start":{"line":20,"column":17},"end":{"line":20,"column":24}},"2":{"start":{"line":21,"column":22},"end":{"line":21,"column":23}},"3":{"start":{"line":23,"column":2},"end":{"line":28,"column":null}},"4":{"start":{"line":24,"column":4},"end":{"line":27,"column":6}},"5":{"start":{"line":30,"column":2},"end":{"line":35,"column":null}},"6":{"start":{"line":31,"column":4},"end":{"line":34,"column":6}},"7":{"start":{"line":37,"column":14},"end":{"line":37,"column":25}},"8":{"start":{"line":38,"column":2},"end":{"line":38,"column":38}},"9":{"start":{"line":39,"column":2},"end":{"line":47,"column":4}},"10":{"start":{"line":40,"column":4},"end":{"line":45,"column":null}},"11":{"start":{"line":41,"column":6},"end":{"line":44,"column":8}},"12":{"start":{"line":46,"column":4},"end":{"line":46,"column":33}},"13":{"start":{"line":48,"column":2},"end":{"line":53,"column":4}},"14":{"start":{"line":49,"column":4},"end":{"line":52,"column":6}},"15":{"start":{"line":55,"column":2},"end":{"line":55,"column":14}},"16":{"start":{"line":57,"column":54},"end":{"line":75,"column":1}},"17":{"start":{"line":62,"column":2},"end":{"line":74,"column":null}},"18":{"start":{"line":63,"column":22},"end":{"line":70,"column":5}},"19":{"start":{"line":71,"column":4},"end":{"line":71,"column":21}},"20":{"start":{"line":73,"column":4},"end":{"line":73,"column":31}},"21":{"start":{"line":57,"column":13},"end":{"line":57,"column":54}}},"fnMap":{"0":{"name":"sizeValidator","decl":{"start":{"line":22,"column":16},"end":{"line":22,"column":29}},"loc":{"start":{"line":22,"column":42},"end":{"line":56,"column":null}}},"1":{"name":"(anonymous_1)","decl":{"start":{"line":39,"column":15},"end":{"line":39,"column":21}},"loc":{"start":{"line":39,"column":21},"end":{"line":47,"column":4}}},"2":{"name":"(anonymous_2)","decl":{"start":{"line":48,"column":16},"end":{"line":48,"column":22}},"loc":{"start":{"line":48,"column":22},"end":{"line":53,"column":4}}},"3":{"name":"(anonymous_3)","decl":{"start":{"line":57,"column":54},"end":{"line":57,"column":55}},"loc":{"start":{"line":61,"column":6},"end":{"line":75,"column":1}}}},"branchMap":{"0":{"loc":{"start":{"line":23,"column":2},"end":{"line":28,"column":null}},"type":"if","locations":[{"start":{"line":23,"column":2},"end":{"line":28,"column":null}}]},"1":{"loc":{"start":{"line":30,"column":2},"end":{"line":35,"column":null}},"type":"if","locations":[{"start":{"line":30,"column":2},"end":{"line":35,"column":null}}]},"2":{"loc":{"start":{"line":30,"column":6},"end":{"line":30,"column":61}},"type":"binary-expr","locations":[{"start":{"line":30,"column":6},"end":{"line":30,"column":31}},{"start":{"line":30,"column":35},"end":{"line":30,"column":61}}]},"3":{"loc":{"start":{"line":40,"column":4},"end":{"line":45,"column":null}},"type":"if","locations":[{"start":{"line":40,"column":4},"end":{"line":45,"column":null}}]},"4":{"loc":{"start":{"line":40,"column":8},"end":{"line":40,"column":43}},"type":"binary-expr","locations":[{"start":{"line":40,"column":8},"end":{"line":40,"column":23}},{"start":{"line":40,"column":27},"end":{"line":40,"column":43}}]},"5":{"loc":{"start":{"line":62,"column":2},"end":{"line":74,"column":null}},"type":"if","locations":[{"start":{"line":62,"column":2},"end":{"line":74,"column":null}},{"start":{"line":72,"column":9},"end":{"line":74,"column":null}}]}},"s":{"0":1,"1":1,"2":1,"3":0,"4":0,"5":0,"6":0,"7":0,"8":0,"9":0,"10":0,"11":0,"12":0,"13":0,"14":0,"15":0,"16":1,"17":0,"18":0,"19":0,"20":0,"21":1},"f":{"0":0,"1":0,"2":0,"3":0},"b":{"0":[0],"1":[0],"2":[0,0],"3":[0],"4":[0,0],"5":[0,0]}}
,"/home/tim/github/witter/src/common/components/ImageUploader/Cropper/index.ts": {"path":"/home/tim/github/witter/src/common/components/ImageUploader/Cropper/index.ts","statementMap":{"0":{"start":{"line":1,"column":9},"end":{"line":1,"column":24}},"1":{"start":{"line":1,"column":39},"end":{"line":1,"column":null}}},"fnMap":{},"branchMap":{},"s":{"0":4,"1":1},"f":{},"b":{}}
,"/home/tim/github/witter/src/common/components/ImageUploader/Cropper/Controls/AspectRatio.tsx": {"path":"/home/tim/github/witter/src/common/components/ImageUploader/Cropper/Controls/AspectRatio.tsx","statementMap":{"0":{"start":{"line":1,"column":25},"end":{"line":1,"column":null}},"1":{"start":{"line":10,"column":25},"end":{"line":10,"column":null}},"2":{"start":{"line":11,"column":50},"end":{"line":11,"column":null}},"3":{"start":{"line":12,"column":22},"end":{"line":16,"column":1}},"4":{"start":{"line":22,"column":27},"end":{"line":92,"column":1}},"5":{"start":{"line":23,"column":23},"end":{"line":27,"column":3}},"6":{"start":{"line":24,"column":4},"end":{"line":26,"column":null}},"7":{"start":{"line":25,"column":6},"end":{"line":25,"column":38}},"8":{"start":{"line":29,"column":19},"end":{"line":32,"column":4}},"9":{"start":{"line":34,"column":2},"end":{"line":90,"column":null}},"10":{"start":{"line":62,"column":12},"end":{"line":85,"column":null}},"11":{"start":{"line":22,"column":13},"end":{"line":22,"column":27}}},"fnMap":{"0":{"name":"(anonymous_1)","decl":{"start":{"line":22,"column":27},"end":{"line":22,"column":28}},"loc":{"start":{"line":22,"column":75},"end":{"line":92,"column":1}}},"1":{"name":"(anonymous_2)","decl":{"start":{"line":23,"column":23},"end":{"line":23,"column":24}},"loc":{"start":{"line":23,"column":51},"end":{"line":27,"column":3}}},"2":{"name":"(anonymous_3)","decl":{"start":{"line":61,"column":29},"end":{"line":61,"column":30}},"loc":{"start":{"line":61,"column":51},"end":{"line":87,"column":12}}}},"branchMap":{"0":{"loc":{"start":{"line":24,"column":4},"end":{"line":26,"column":null}},"type":"if","locations":[{"start":{"line":24,"column":4},"end":{"line":26,"column":null}}]}},"s":{"0":1,"1":1,"2":1,"3":1,"4":1,"5":15,"6":1,"7":1,"8":15,"9":15,"10":45,"11":1},"f":{"0":15,"1":1,"2":45},"b":{"0":[1]}}
,"/home/tim/github/witter/src/common/components/ImageUploader/Cropper/Controls/Controls.tsx": {"path":"/home/tim/github/witter/src/common/components/ImageUploader/Cropper/Controls/Controls.tsx","statementMap":{"0":{"start":{"line":1,"column":50},"end":{"line":1,"column":null}},"1":{"start":{"line":2,"column":29},"end":{"line":2,"column":null}},"2":{"start":{"line":3,"column":43},"end":{"line":3,"column":null}},"3":{"start":{"line":4,"column":43},"end":{"line":4,"column":null}},"4":{"start":{"line":14,"column":24},"end":{"line":56,"column":1}},"5":{"start":{"line":21,"column":2},"end":{"line":54,"column":null}},"6":{"start":{"line":14,"column":13},"end":{"line":14,"column":24}}},"fnMap":{"0":{"name":"(anonymous_0)","decl":{"start":{"line":14,"column":24},"end":{"line":14,"column":25}},"loc":{"start":{"line":20,"column":21},"end":{"line":56,"column":1}}}},"branchMap":{"0":{"loc":{"start":{"line":49,"column":7},"end":{"line":52,"column":14}},"type":"binary-expr","locations":[{"start":{"line":49,"column":7},"end":{"line":49,"column":27}},{"start":{"line":50,"column":8},"end":{"line":52,"column":14}}]}},"s":{"0":1,"1":1,"2":1,"3":1,"4":1,"5":15,"6":1},"f":{"0":15},"b":{"0":[15,15]}}
,"/home/tim/github/witter/src/common/components/ImageUploader/Cropper/Controls/Zoom.tsx": {"path":"/home/tim/github/witter/src/common/components/ImageUploader/Cropper/Controls/Zoom.tsx","statementMap":{"0":{"start":{"line":11,"column":25},"end":{"line":11,"column":null}},"1":{"start":{"line":12,"column":41},"end":{"line":12,"column":null}},"2":{"start":{"line":18,"column":20},"end":{"line":78,"column":1}},"3":{"start":{"line":19,"column":2},"end":{"line":76,"column":null}},"4":{"start":{"line":18,"column":13},"end":{"line":18,"column":20}}},"fnMap":{"0":{"name":"(anonymous_0)","decl":{"start":{"line":18,"column":20},"end":{"line":18,"column":21}},"loc":{"start":{"line":18,"column":54},"end":{"line":78,"column":1}}}},"branchMap":{},"s":{"0":1,"1":1,"2":1,"3":15,"4":1},"f":{"0":15},"b":{}}
}
